[10_12_2015_0_0:20]  [org.telegram.updatesreceivers.UpdatesThread]FINE - []
[10_12_2015_0_0:20]  [org.telegram.updatesreceivers.UpdatesThread]FINE - POST https://api.telegram.org/bot99536655:AAG_uycvQeXgm-1Cdpk-zvBRUu2w_nz5p1Y/getupdates HTTP/1.1
[10_12_2015_0_0:41]  [org.telegram.updatesreceivers.UpdatesThread]FINE - []
[10_12_2015_0_0:42]  [org.telegram.updatesreceivers.UpdatesThread]FINE - POST https://api.telegram.org/bot99536655:AAG_uycvQeXgm-1Cdpk-zvBRUu2w_nz5p1Y/getupdates HTTP/1.1
[10_12_2015_0_1:7]  [org.telegram.updatesreceivers.UpdatesThread]FINE - []
[10_12_2015_0_1:8]  [org.telegram.updatesreceivers.UpdatesThread]FINE - POST https://api.telegram.org/bot99536655:AAG_uycvQeXgm-1Cdpk-zvBRUu2w_nz5p1Y/getupdates HTTP/1.1
[10_12_2015_0_1:29]  [org.telegram.updatesreceivers.UpdatesThread]FINE - []
[10_12_2015_0_1:29]  [org.telegram.updatesreceivers.UpdatesThread]FINE - POST https://api.telegram.org/bot99536655:AAG_uycvQeXgm-1Cdpk-zvBRUu2w_nz5p1Y/getupdates HTTP/1.1
[10_12_2015_0_1:50]  [org.telegram.updatesreceivers.UpdatesThread]FINE - []
[10_12_2015_0_1:50]  [org.telegram.updatesreceivers.UpdatesThread]FINE - POST https://api.telegram.org/bot99536655:AAG_uycvQeXgm-1Cdpk-zvBRUu2w_nz5p1Y/getupdates HTTP/1.1
[10_12_2015_0_2:11]  [org.telegram.updatesreceivers.UpdatesThread]FINE - []
[10_12_2015_0_2:12]  [org.telegram.updatesreceivers.UpdatesThread]FINE - POST https://api.telegram.org/bot99536655:AAG_uycvQeXgm-1Cdpk-zvBRUu2w_nz5p1Y/getupdates HTTP/1.1
[10_12_2015_0_2:33]  [org.telegram.updatesreceivers.UpdatesThread]FINE - []
[10_12_2015_0_2:33]  [org.telegram.updatesreceivers.UpdatesThread]FINE - POST https://api.telegram.org/bot99536655:AAG_uycvQeXgm-1Cdpk-zvBRUu2w_nz5p1Y/getupdates HTTP/1.1
[10_12_2015_0_2:54]  [org.telegram.updatesreceivers.UpdatesThread]FINE - []
[10_12_2015_0_2:54]  [org.telegram.updatesreceivers.UpdatesThread]FINE - POST https://api.telegram.org/bot99536655:AAG_uycvQeXgm-1Cdpk-zvBRUu2w_nz5p1Y/getupdates HTTP/1.1
[10_12_2015_0_3:15]  [org.telegram.updatesreceivers.UpdatesThread]FINE - []
[10_12_2015_0_3:16]  [org.telegram.updatesreceivers.UpdatesThread]FINE - POST https://api.telegram.org/bot99536655:AAG_uycvQeXgm-1Cdpk-zvBRUu2w_nz5p1Y/getupdates HTTP/1.1
[10_12_2015_0_3:37]  [org.telegram.updatesreceivers.UpdatesThread]FINE - []
[10_12_2015_0_3:37]  [org.telegram.updatesreceivers.UpdatesThread]FINE - POST https://api.telegram.org/bot99536655:AAG_uycvQeXgm-1Cdpk-zvBRUu2w_nz5p1Y/getupdates HTTP/1.1
[10_12_2015_0_3:58]  [org.telegram.updatesreceivers.UpdatesThread]FINE - []
[10_12_2015_0_3:59]  [org.telegram.updatesreceivers.UpdatesThread]FINE - POST https://api.telegram.org/bot99536655:AAG_uycvQeXgm-1Cdpk-zvBRUu2w_nz5p1Y/getupdates HTTP/1.1
[10_12_2015_0_4:19]  [org.telegram.updatesreceivers.UpdatesThread]FINE - []
[10_12_2015_0_4:20]  [org.telegram.updatesreceivers.UpdatesThread]FINE - POST https://api.telegram.org/bot99536655:AAG_uycvQeXgm-1Cdpk-zvBRUu2w_nz5p1Y/getupdates HTTP/1.1
[10_12_2015_0_4:41]  [org.telegram.updatesreceivers.UpdatesThread]FINE - []
[10_12_2015_0_4:41]  [org.telegram.updatesreceivers.UpdatesThread]FINE - POST https://api.telegram.org/bot99536655:AAG_uycvQeXgm-1Cdpk-zvBRUu2w_nz5p1Y/getupdates HTTP/1.1
[10_12_2015_0_5:2]  [org.telegram.updatesreceivers.UpdatesThread]FINE - []
[10_12_2015_0_5:2]  [org.telegram.updatesreceivers.UpdatesThread]FINE - POST https://api.telegram.org/bot99536655:AAG_uycvQeXgm-1Cdpk-zvBRUu2w_nz5p1Y/getupdates HTTP/1.1
[10_12_2015_0_5:23]  [org.telegram.updatesreceivers.UpdatesThread]FINE - []
[10_12_2015_0_5:24]  [org.telegram.updatesreceivers.UpdatesThread]FINE - POST https://api.telegram.org/bot99536655:AAG_uycvQeXgm-1Cdpk-zvBRUu2w_nz5p1Y/getupdates HTTP/1.1
[10_12_2015_0_5:45]  [org.telegram.updatesreceivers.UpdatesThread]FINE - []
[10_12_2015_0_5:45]  [org.telegram.updatesreceivers.UpdatesThread]FINE - POST https://api.telegram.org/bot99536655:AAG_uycvQeXgm-1Cdpk-zvBRUu2w_nz5p1Y/getupdates HTTP/1.1
[10_12_2015_0_6:6]  [org.telegram.updatesreceivers.UpdatesThread]FINE - []
[10_12_2015_0_6:6]  [org.telegram.updatesreceivers.UpdatesThread]FINE - POST https://api.telegram.org/bot99536655:AAG_uycvQeXgm-1Cdpk-zvBRUu2w_nz5p1Y/getupdates HTTP/1.1
[10_12_2015_0_6:27]  [org.telegram.updatesreceivers.UpdatesThread]FINE - []
[10_12_2015_0_6:28]  [org.telegram.updatesreceivers.UpdatesThread]FINE - POST https://api.telegram.org/bot99536655:AAG_uycvQeXgm-1Cdpk-zvBRUu2w_nz5p1Y/getupdates HTTP/1.1
[10_12_2015_0_6:48]  [org.telegram.updatesreceivers.UpdatesThread]FINE - []
[10_12_2015_0_6:49]  [org.telegram.updatesreceivers.UpdatesThread]FINE - POST https://api.telegram.org/bot99536655:AAG_uycvQeXgm-1Cdpk-zvBRUu2w_nz5p1Y/getupdates HTTP/1.1
[10_12_2015_0_7:10]  [org.telegram.updatesreceivers.UpdatesThread]FINE - []
[10_12_2015_0_7:10]  [org.telegram.updatesreceivers.UpdatesThread]FINE - POST https://api.telegram.org/bot99536655:AAG_uycvQeXgm-1Cdpk-zvBRUu2w_nz5p1Y/getupdates HTTP/1.1
[10_12_2015_0_7:31]  [org.telegram.updatesreceivers.UpdatesThread]FINE - []
[10_12_2015_0_7:31]  [org.telegram.updatesreceivers.UpdatesThread]FINE - POST https://api.telegram.org/bot99536655:AAG_uycvQeXgm-1Cdpk-zvBRUu2w_nz5p1Y/getupdates HTTP/1.1
[10_12_2015_0_7:52]  [org.telegram.updatesreceivers.UpdatesThread]FINE - []
[10_12_2015_0_7:53]  [org.telegram.updatesreceivers.UpdatesThread]FINE - POST https://api.telegram.org/bot99536655:AAG_uycvQeXgm-1Cdpk-zvBRUu2w_nz5p1Y/getupdates HTTP/1.1
[10_12_2015_0_8:14]  [org.telegram.updatesreceivers.UpdatesThread]FINE - []
[10_12_2015_0_8:14]  [org.telegram.updatesreceivers.UpdatesThread]FINE - POST https://api.telegram.org/bot99536655:AAG_uycvQeXgm-1Cdpk-zvBRUu2w_nz5p1Y/getupdates HTTP/1.1
[10_12_2015_0_8:35]  [org.telegram.updatesreceivers.UpdatesThread]FINE - []
[10_12_2015_0_8:35]  [org.telegram.updatesreceivers.UpdatesThread]FINE - POST https://api.telegram.org/bot99536655:AAG_uycvQeXgm-1Cdpk-zvBRUu2w_nz5p1Y/getupdates HTTP/1.1
[10_12_2015_0_8:56]  [org.telegram.updatesreceivers.UpdatesThread]FINE - []
[10_12_2015_0_8:56]  [org.telegram.updatesreceivers.UpdatesThread]FINE - POST https://api.telegram.org/bot99536655:AAG_uycvQeXgm-1Cdpk-zvBRUu2w_nz5p1Y/getupdates HTTP/1.1
[10_12_2015_0_9:17]  [org.telegram.updatesreceivers.UpdatesThread]FINE - []
[10_12_2015_0_9:18]  [org.telegram.updatesreceivers.UpdatesThread]FINE - POST https://api.telegram.org/bot99536655:AAG_uycvQeXgm-1Cdpk-zvBRUu2w_nz5p1Y/getupdates HTTP/1.1
[10_12_2015_0_9:39]  [org.telegram.updatesreceivers.UpdatesThread]FINE - []
[10_12_2015_0_9:40]  [org.telegram.updatesreceivers.UpdatesThread]FINE - POST https://api.telegram.org/bot99536655:AAG_uycvQeXgm-1Cdpk-zvBRUu2w_nz5p1Y/getupdates HTTP/1.1
[10_12_2015_0_10:0]  [org.telegram.updatesreceivers.UpdatesThread]FINE - []
[10_12_2015_0_10:1]  [org.telegram.updatesreceivers.UpdatesThread]FINE - POST https://api.telegram.org/bot99536655:AAG_uycvQeXgm-1Cdpk-zvBRUu2w_nz5p1Y/getupdates HTTP/1.1
[10_12_2015_0_10:21]  [org.telegram.updatesreceivers.UpdatesThread]FINE - []
[10_12_2015_0_10:22]  [org.telegram.updatesreceivers.UpdatesThread]FINE - POST https://api.telegram.org/bot99536655:AAG_uycvQeXgm-1Cdpk-zvBRUu2w_nz5p1Y/getupdates HTTP/1.1
[10_12_2015_0_10:43]  [org.telegram.updatesreceivers.UpdatesThread]FINE - []
[10_12_2015_0_10:43]  [org.telegram.updatesreceivers.UpdatesThread]FINE - POST https://api.telegram.org/bot99536655:AAG_uycvQeXgm-1Cdpk-zvBRUu2w_nz5p1Y/getupdates HTTP/1.1
[10_12_2015_0_11:4]  [org.telegram.updatesreceivers.UpdatesThread]FINE - []
[10_12_2015_0_11:5]  [org.telegram.updatesreceivers.UpdatesThread]FINE - POST https://api.telegram.org/bot99536655:AAG_uycvQeXgm-1Cdpk-zvBRUu2w_nz5p1Y/getupdates HTTP/1.1
[10_12_2015_0_11:20]  [org.telegram.SenderHelper]FINE - {"ok":true,"result":true,"description":"There is no webhook to delete"}
[10_12_2015_0_11:20]  [org.telegram.updatesreceivers.UpdatesThread]FINE - POST https://api.telegram.org/bot99536655:AAG_uycvQeXgm-1Cdpk-zvBRUu2w_nz5p1Y/getupdates HTTP/1.1
[10_12_2015_0_11:28]  [org.telegram.updatesreceivers.UpdatesThread]FINE - [{"update_id":896642606,"message":{"date":1449735088,"chat":{"id":-14952387,"title":"Aw yiss","type":"group"},"message_id":160,"from":{"last_name":"Tan","id":163396337,"first_name":"Wilson"},"text":"/yelp dessert tustin"}}]
[10_12_2015_0_11:28]  [org.telegram.updatesreceivers.UpdatesThread]FINE - POST https://api.telegram.org/bot99536655:AAG_uycvQeXgm-1Cdpk-zvBRUu2w_nz5p1Y/getupdates HTTP/1.1
[10_12_2015_0_11:29] SEVERE - java.lang.NullPointerException
	at org.telegram.newbot.NewBotHandler.handleUpdate(NewBotHandler.java:110)
	at org.telegram.newbot.NewBotHandler.onUpdateReceived(NewBotHandler.java:60)
	at org.telegram.updatesreceivers.UpdatesThread$HandlerThread.run(UpdatesThread.java:137)

[10_12_2015_0_13:33]  [org.telegram.SenderHelper]FINE - {"ok":true,"result":true,"description":"There is no webhook to delete"}
[10_12_2015_0_13:33]  [org.telegram.updatesreceivers.UpdatesThread]FINE - POST https://api.telegram.org/bot99536655:AAG_uycvQeXgm-1Cdpk-zvBRUu2w_nz5p1Y/getupdates HTTP/1.1
[10_12_2015_0_13:41]  [org.telegram.updatesreceivers.UpdatesThread]FINE - [{"update_id":896642607,"message":{"date":1449735221,"chat":{"id":-14952387,"title":"Aw yiss","type":"group"},"message_id":161,"from":{"last_name":"Tan","id":163396337,"first_name":"Wilson"},"text":"/yelp dessert tustin"}}]
[10_12_2015_0_13:41]  [org.telegram.updatesreceivers.UpdatesThread]FINE - POST https://api.telegram.org/bot99536655:AAG_uycvQeXgm-1Cdpk-zvBRUu2w_nz5p1Y/getupdates HTTP/1.1
[10_12_2015_0_13:41] SEVERE - java.lang.NullPointerException
	at org.telegram.newbot.NewBotHandler.handleUpdate(NewBotHandler.java:110)
	at org.telegram.newbot.NewBotHandler.onUpdateReceived(NewBotHandler.java:60)
	at org.telegram.updatesreceivers.UpdatesThread$HandlerThread.run(UpdatesThread.java:137)

[10_12_2015_0_14:1]  [org.telegram.updatesreceivers.UpdatesThread]FINE - []
[10_12_2015_0_14:2]  [org.telegram.updatesreceivers.UpdatesThread]FINE - POST https://api.telegram.org/bot99536655:AAG_uycvQeXgm-1Cdpk-zvBRUu2w_nz5p1Y/getupdates HTTP/1.1
[10_12_2015_0_14:23]  [org.telegram.updatesreceivers.UpdatesThread]FINE - []
[10_12_2015_0_14:23]  [org.telegram.updatesreceivers.UpdatesThread]FINE - POST https://api.telegram.org/bot99536655:AAG_uycvQeXgm-1Cdpk-zvBRUu2w_nz5p1Y/getupdates HTTP/1.1
[10_12_2015_0_14:44]  [org.telegram.updatesreceivers.UpdatesThread]FINE - []
[10_12_2015_0_14:44]  [org.telegram.updatesreceivers.UpdatesThread]FINE - POST https://api.telegram.org/bot99536655:AAG_uycvQeXgm-1Cdpk-zvBRUu2w_nz5p1Y/getupdates HTTP/1.1
[10_12_2015_0_14:56]  [org.telegram.SenderHelper]FINE - {"ok":true,"result":true,"description":"There is no webhook to delete"}
[10_12_2015_0_14:56]  [org.telegram.updatesreceivers.UpdatesThread]FINE - POST https://api.telegram.org/bot99536655:AAG_uycvQeXgm-1Cdpk-zvBRUu2w_nz5p1Y/getupdates HTTP/1.1
[10_12_2015_0_15:2]  [org.telegram.updatesreceivers.UpdatesThread]FINE - [{"update_id":896642608,"message":{"date":1449735302,"chat":{"id":-14952387,"title":"Aw yiss","type":"group"},"message_id":162,"from":{"last_name":"Tan","id":163396337,"first_name":"Wilson"},"text":"/yelp dessert tustin"}}]
[10_12_2015_0_15:2]  [org.telegram.updatesreceivers.UpdatesThread]FINE - POST https://api.telegram.org/bot99536655:AAG_uycvQeXgm-1Cdpk-zvBRUu2w_nz5p1Y/getupdates HTTP/1.1
[10_12_2015_0_15:2] SEVERE - java.lang.NullPointerException
	at org.telegram.newbot.NewBotHandler.handleUpdate(NewBotHandler.java:110)
	at org.telegram.newbot.NewBotHandler.onUpdateReceived(NewBotHandler.java:60)
	at org.telegram.updatesreceivers.UpdatesThread$HandlerThread.run(UpdatesThread.java:137)

[10_12_2015_0_15:22]  [org.telegram.updatesreceivers.UpdatesThread]FINE - []
[10_12_2015_0_15:23]  [org.telegram.updatesreceivers.UpdatesThread]FINE - POST https://api.telegram.org/bot99536655:AAG_uycvQeXgm-1Cdpk-zvBRUu2w_nz5p1Y/getupdates HTTP/1.1
[10_12_2015_0_15:44]  [org.telegram.updatesreceivers.UpdatesThread]FINE - []
[10_12_2015_0_15:44]  [org.telegram.updatesreceivers.UpdatesThread]FINE - POST https://api.telegram.org/bot99536655:AAG_uycvQeXgm-1Cdpk-zvBRUu2w_nz5p1Y/getupdates HTTP/1.1
[10_12_2015_0_15:49]  [org.telegram.SenderHelper]FINE - {"ok":true,"result":true,"description":"There is no webhook to delete"}
[10_12_2015_0_15:49]  [org.telegram.updatesreceivers.UpdatesThread]FINE - POST https://api.telegram.org/bot99536655:AAG_uycvQeXgm-1Cdpk-zvBRUu2w_nz5p1Y/getupdates HTTP/1.1
[10_12_2015_0_16:0]  [org.telegram.updatesreceivers.UpdatesThread]FINE - [{"update_id":896642609,"message":{"date":1449735360,"chat":{"id":-14952387,"title":"Aw yiss","type":"group"},"message_id":163,"from":{"last_name":"Tan","id":163396337,"first_name":"Wilson"},"text":"/yelp dessert tustin"}}]
[10_12_2015_0_16:0]  [org.telegram.updatesreceivers.UpdatesThread]FINE - POST https://api.telegram.org/bot99536655:AAG_uycvQeXgm-1Cdpk-zvBRUu2w_nz5p1Y/getupdates HTTP/1.1
[10_12_2015_0_16:1] SEVERE - java.lang.NullPointerException
	at org.telegram.newbot.NewBotHandler.handleUpdate(NewBotHandler.java:110)
	at org.telegram.newbot.NewBotHandler.onUpdateReceived(NewBotHandler.java:60)
	at org.telegram.updatesreceivers.UpdatesThread$HandlerThread.run(UpdatesThread.java:137)

[10_12_2015_0_16:21]  [org.telegram.updatesreceivers.UpdatesThread]FINE - []
[10_12_2015_0_16:21]  [org.telegram.updatesreceivers.UpdatesThread]FINE - POST https://api.telegram.org/bot99536655:AAG_uycvQeXgm-1Cdpk-zvBRUu2w_nz5p1Y/getupdates HTTP/1.1
[10_12_2015_0_16:42]  [org.telegram.updatesreceivers.UpdatesThread]FINE - []
[10_12_2015_0_16:42]  [org.telegram.updatesreceivers.UpdatesThread]FINE - POST https://api.telegram.org/bot99536655:AAG_uycvQeXgm-1Cdpk-zvBRUu2w_nz5p1Y/getupdates HTTP/1.1
[10_12_2015_0_17:4]  [org.telegram.updatesreceivers.UpdatesThread]FINE - []
[10_12_2015_0_17:5]  [org.telegram.updatesreceivers.UpdatesThread]FINE - POST https://api.telegram.org/bot99536655:AAG_uycvQeXgm-1Cdpk-zvBRUu2w_nz5p1Y/getupdates HTTP/1.1
[10_12_2015_0_17:20]  [org.telegram.SenderHelper]FINE - {"ok":true,"result":true,"description":"There is no webhook to delete"}
[10_12_2015_0_17:20]  [org.telegram.updatesreceivers.UpdatesThread]FINE - POST https://api.telegram.org/bot99536655:AAG_uycvQeXgm-1Cdpk-zvBRUu2w_nz5p1Y/getupdates HTTP/1.1
[10_12_2015_0_17:24]  [org.telegram.updatesreceivers.UpdatesThread]FINE - [{"update_id":896642610,"message":{"date":1449735444,"chat":{"id":-14952387,"title":"Aw yiss","type":"group"},"message_id":164,"from":{"last_name":"Tan","id":163396337,"first_name":"Wilson"},"text":"/yelp dessert tustin"}}]
[10_12_2015_0_17:24]  [org.telegram.updatesreceivers.UpdatesThread]FINE - POST https://api.telegram.org/bot99536655:AAG_uycvQeXgm-1Cdpk-zvBRUu2w_nz5p1Y/getupdates HTTP/1.1
[10_12_2015_0_17:24] SEVERE - java.lang.NullPointerException
	at org.telegram.newbot.NewBotHandler.handleUpdate(NewBotHandler.java:110)
	at org.telegram.newbot.NewBotHandler.onUpdateReceived(NewBotHandler.java:60)
	at org.telegram.updatesreceivers.UpdatesThread$HandlerThread.run(UpdatesThread.java:137)

[10_12_2015_0_17:45]  [org.telegram.updatesreceivers.UpdatesThread]FINE - []
[10_12_2015_0_17:45]  [org.telegram.updatesreceivers.UpdatesThread]FINE - POST https://api.telegram.org/bot99536655:AAG_uycvQeXgm-1Cdpk-zvBRUu2w_nz5p1Y/getupdates HTTP/1.1
[10_12_2015_0_18:6]  [org.telegram.updatesreceivers.UpdatesThread]FINE - []
[10_12_2015_0_18:6]  [org.telegram.updatesreceivers.UpdatesThread]FINE - POST https://api.telegram.org/bot99536655:AAG_uycvQeXgm-1Cdpk-zvBRUu2w_nz5p1Y/getupdates HTTP/1.1
[10_12_2015_0_18:27]  [org.telegram.updatesreceivers.UpdatesThread]FINE - []
[10_12_2015_0_18:28]  [org.telegram.updatesreceivers.UpdatesThread]FINE - POST https://api.telegram.org/bot99536655:AAG_uycvQeXgm-1Cdpk-zvBRUu2w_nz5p1Y/getupdates HTTP/1.1
[10_12_2015_0_18:48]  [org.telegram.updatesreceivers.UpdatesThread]FINE - []
[10_12_2015_0_18:49]  [org.telegram.updatesreceivers.UpdatesThread]FINE - POST https://api.telegram.org/bot99536655:AAG_uycvQeXgm-1Cdpk-zvBRUu2w_nz5p1Y/getupdates HTTP/1.1
[10_12_2015_0_19:10]  [org.telegram.updatesreceivers.UpdatesThread]FINE - []
[10_12_2015_0_19:10]  [org.telegram.updatesreceivers.UpdatesThread]FINE - POST https://api.telegram.org/bot99536655:AAG_uycvQeXgm-1Cdpk-zvBRUu2w_nz5p1Y/getupdates HTTP/1.1
[10_12_2015_0_19:31]  [org.telegram.updatesreceivers.UpdatesThread]FINE - []
[10_12_2015_0_19:32]  [org.telegram.updatesreceivers.UpdatesThread]FINE - POST https://api.telegram.org/bot99536655:AAG_uycvQeXgm-1Cdpk-zvBRUu2w_nz5p1Y/getupdates HTTP/1.1
[10_12_2015_0_19:52]  [org.telegram.updatesreceivers.UpdatesThread]FINE - []
[10_12_2015_0_19:53]  [org.telegram.updatesreceivers.UpdatesThread]FINE - POST https://api.telegram.org/bot99536655:AAG_uycvQeXgm-1Cdpk-zvBRUu2w_nz5p1Y/getupdates HTTP/1.1
[10_12_2015_0_20:13]  [org.telegram.updatesreceivers.UpdatesThread]FINE - []
[10_12_2015_0_20:14]  [org.telegram.updatesreceivers.UpdatesThread]FINE - POST https://api.telegram.org/bot99536655:AAG_uycvQeXgm-1Cdpk-zvBRUu2w_nz5p1Y/getupdates HTTP/1.1
[10_12_2015_0_20:35]  [org.telegram.updatesreceivers.UpdatesThread]FINE - []
[10_12_2015_0_20:35]  [org.telegram.updatesreceivers.UpdatesThread]FINE - POST https://api.telegram.org/bot99536655:AAG_uycvQeXgm-1Cdpk-zvBRUu2w_nz5p1Y/getupdates HTTP/1.1
[10_12_2015_0_20:56]  [org.telegram.updatesreceivers.UpdatesThread]FINE - []
[10_12_2015_0_20:57]  [org.telegram.updatesreceivers.UpdatesThread]FINE - POST https://api.telegram.org/bot99536655:AAG_uycvQeXgm-1Cdpk-zvBRUu2w_nz5p1Y/getupdates HTTP/1.1
[10_12_2015_0_21:7]  [org.telegram.SenderHelper]FINE - {"ok":true,"result":true,"description":"There is no webhook to delete"}
[10_12_2015_0_21:7]  [org.telegram.updatesreceivers.UpdatesThread]FINE - POST https://api.telegram.org/bot99536655:AAG_uycvQeXgm-1Cdpk-zvBRUu2w_nz5p1Y/getupdates HTTP/1.1
[10_12_2015_0_21:17]  [org.telegram.updatesreceivers.UpdatesThread]FINE - [{"update_id":896642611,"message":{"date":1449735677,"chat":{"id":-14952387,"title":"Aw yiss","type":"group"},"message_id":165,"from":{"last_name":"Tan","id":163396337,"first_name":"Wilson"},"text":"/yelp dessert tustin"}}]
[10_12_2015_0_21:17]  [org.telegram.updatesreceivers.UpdatesThread]FINE - POST https://api.telegram.org/bot99536655:AAG_uycvQeXgm-1Cdpk-zvBRUu2w_nz5p1Y/getupdates HTTP/1.1
[10_12_2015_0_21:17] SEVERE - java.lang.NullPointerException
	at org.telegram.newbot.NewBotHandler.handleUpdate(NewBotHandler.java:110)
	at org.telegram.newbot.NewBotHandler.onUpdateReceived(NewBotHandler.java:60)
	at org.telegram.updatesreceivers.UpdatesThread$HandlerThread.run(UpdatesThread.java:137)

[10_12_2015_0_21:37]  [org.telegram.updatesreceivers.UpdatesThread]FINE - []
[10_12_2015_0_21:38]  [org.telegram.updatesreceivers.UpdatesThread]FINE - POST https://api.telegram.org/bot99536655:AAG_uycvQeXgm-1Cdpk-zvBRUu2w_nz5p1Y/getupdates HTTP/1.1
[10_12_2015_0_21:59]  [org.telegram.updatesreceivers.UpdatesThread]FINE - []
[10_12_2015_0_21:59]  [org.telegram.updatesreceivers.UpdatesThread]FINE - POST https://api.telegram.org/bot99536655:AAG_uycvQeXgm-1Cdpk-zvBRUu2w_nz5p1Y/getupdates HTTP/1.1
[10_12_2015_0_22:20]  [org.telegram.updatesreceivers.UpdatesThread]FINE - []
[10_12_2015_0_22:20]  [org.telegram.updatesreceivers.UpdatesThread]FINE - POST https://api.telegram.org/bot99536655:AAG_uycvQeXgm-1Cdpk-zvBRUu2w_nz5p1Y/getupdates HTTP/1.1
[10_12_2015_0_22:41]  [org.telegram.updatesreceivers.UpdatesThread]FINE - []
[10_12_2015_0_22:42]  [org.telegram.updatesreceivers.UpdatesThread]FINE - POST https://api.telegram.org/bot99536655:AAG_uycvQeXgm-1Cdpk-zvBRUu2w_nz5p1Y/getupdates HTTP/1.1
[10_12_2015_0_23:2]  [org.telegram.updatesreceivers.UpdatesThread]FINE - []
[10_12_2015_0_23:3]  [org.telegram.updatesreceivers.UpdatesThread]FINE - POST https://api.telegram.org/bot99536655:AAG_uycvQeXgm-1Cdpk-zvBRUu2w_nz5p1Y/getupdates HTTP/1.1
[10_12_2015_0_23:24]  [org.telegram.updatesreceivers.UpdatesThread]FINE - []
[10_12_2015_0_23:24]  [org.telegram.updatesreceivers.UpdatesThread]FINE - POST https://api.telegram.org/bot99536655:AAG_uycvQeXgm-1Cdpk-zvBRUu2w_nz5p1Y/getupdates HTTP/1.1
[10_12_2015_0_23:45]  [org.telegram.updatesreceivers.UpdatesThread]FINE - []
[10_12_2015_0_23:45]  [org.telegram.updatesreceivers.UpdatesThread]FINE - POST https://api.telegram.org/bot99536655:AAG_uycvQeXgm-1Cdpk-zvBRUu2w_nz5p1Y/getupdates HTTP/1.1
[10_12_2015_0_24:6]  [org.telegram.updatesreceivers.UpdatesThread]FINE - []
[10_12_2015_0_24:7]  [org.telegram.updatesreceivers.UpdatesThread]FINE - POST https://api.telegram.org/bot99536655:AAG_uycvQeXgm-1Cdpk-zvBRUu2w_nz5p1Y/getupdates HTTP/1.1
[10_12_2015_0_24:27]  [org.telegram.updatesreceivers.UpdatesThread]FINE - []
[10_12_2015_0_24:28]  [org.telegram.updatesreceivers.UpdatesThread]FINE - POST https://api.telegram.org/bot99536655:AAG_uycvQeXgm-1Cdpk-zvBRUu2w_nz5p1Y/getupdates HTTP/1.1
[10_12_2015_0_24:49]  [org.telegram.updatesreceivers.UpdatesThread]FINE - []
[10_12_2015_0_24:50]  [org.telegram.updatesreceivers.UpdatesThread]FINE - POST https://api.telegram.org/bot99536655:AAG_uycvQeXgm-1Cdpk-zvBRUu2w_nz5p1Y/getupdates HTTP/1.1
[10_12_2015_0_25:10]  [org.telegram.updatesreceivers.UpdatesThread]FINE - []
[10_12_2015_0_25:11]  [org.telegram.updatesreceivers.UpdatesThread]FINE - POST https://api.telegram.org/bot99536655:AAG_uycvQeXgm-1Cdpk-zvBRUu2w_nz5p1Y/getupdates HTTP/1.1
[10_12_2015_0_25:27]  [org.telegram.SenderHelper]FINE - {"ok":true,"result":true,"description":"There is no webhook to delete"}
[10_12_2015_0_25:27]  [org.telegram.updatesreceivers.UpdatesThread]FINE - POST https://api.telegram.org/bot99536655:AAG_uycvQeXgm-1Cdpk-zvBRUu2w_nz5p1Y/getupdates HTTP/1.1
[10_12_2015_0_25:33]  [org.telegram.updatesreceivers.UpdatesThread]FINE - [{"update_id":896642612,"message":{"date":1449735933,"chat":{"id":-14952387,"title":"Aw yiss","type":"group"},"message_id":166,"from":{"last_name":"Tan","id":163396337,"first_name":"Wilson"},"text":"/yelp dessert tustin"}}]
[10_12_2015_0_25:33]  [org.telegram.updatesreceivers.UpdatesThread]FINE - POST https://api.telegram.org/bot99536655:AAG_uycvQeXgm-1Cdpk-zvBRUu2w_nz5p1Y/getupdates HTTP/1.1
[10_12_2015_0_25:33] SEVERE - java.lang.NullPointerException
	at org.telegram.newbot.NewBotHandler.handleUpdate(NewBotHandler.java:111)
	at org.telegram.newbot.NewBotHandler.onUpdateReceived(NewBotHandler.java:60)
	at org.telegram.updatesreceivers.UpdatesThread$HandlerThread.run(UpdatesThread.java:137)

[10_12_2015_0_25:54]  [org.telegram.updatesreceivers.UpdatesThread]FINE - []
[10_12_2015_0_25:54]  [org.telegram.updatesreceivers.UpdatesThread]FINE - POST https://api.telegram.org/bot99536655:AAG_uycvQeXgm-1Cdpk-zvBRUu2w_nz5p1Y/getupdates HTTP/1.1
[10_12_2015_0_26:15]  [org.telegram.updatesreceivers.UpdatesThread]FINE - []
[10_12_2015_0_26:15]  [org.telegram.updatesreceivers.UpdatesThread]FINE - POST https://api.telegram.org/bot99536655:AAG_uycvQeXgm-1Cdpk-zvBRUu2w_nz5p1Y/getupdates HTTP/1.1
[10_12_2015_0_26:36]  [org.telegram.updatesreceivers.UpdatesThread]FINE - []
[10_12_2015_0_26:36]  [org.telegram.updatesreceivers.UpdatesThread]FINE - POST https://api.telegram.org/bot99536655:AAG_uycvQeXgm-1Cdpk-zvBRUu2w_nz5p1Y/getupdates HTTP/1.1
[10_12_2015_0_26:57]  [org.telegram.updatesreceivers.UpdatesThread]FINE - []
[10_12_2015_0_26:58]  [org.telegram.updatesreceivers.UpdatesThread]FINE - POST https://api.telegram.org/bot99536655:AAG_uycvQeXgm-1Cdpk-zvBRUu2w_nz5p1Y/getupdates HTTP/1.1
[10_12_2015_0_27:19]  [org.telegram.updatesreceivers.UpdatesThread]FINE - []
[10_12_2015_0_27:19]  [org.telegram.updatesreceivers.UpdatesThread]FINE - POST https://api.telegram.org/bot99536655:AAG_uycvQeXgm-1Cdpk-zvBRUu2w_nz5p1Y/getupdates HTTP/1.1
[10_12_2015_0_27:40]  [org.telegram.updatesreceivers.UpdatesThread]FINE - []
[10_12_2015_0_27:40]  [org.telegram.updatesreceivers.UpdatesThread]FINE - POST https://api.telegram.org/bot99536655:AAG_uycvQeXgm-1Cdpk-zvBRUu2w_nz5p1Y/getupdates HTTP/1.1
[10_12_2015_0_28:1]  [org.telegram.updatesreceivers.UpdatesThread]FINE - []
[10_12_2015_0_28:1]  [org.telegram.updatesreceivers.UpdatesThread]FINE - POST https://api.telegram.org/bot99536655:AAG_uycvQeXgm-1Cdpk-zvBRUu2w_nz5p1Y/getupdates HTTP/1.1
[10_12_2015_0_28:22]  [org.telegram.updatesreceivers.UpdatesThread]FINE - []
[10_12_2015_0_28:23]  [org.telegram.updatesreceivers.UpdatesThread]FINE - POST https://api.telegram.org/bot99536655:AAG_uycvQeXgm-1Cdpk-zvBRUu2w_nz5p1Y/getupdates HTTP/1.1
[10_12_2015_0_28:44]  [org.telegram.updatesreceivers.UpdatesThread]FINE - []
[10_12_2015_0_28:44]  [org.telegram.updatesreceivers.UpdatesThread]FINE - POST https://api.telegram.org/bot99536655:AAG_uycvQeXgm-1Cdpk-zvBRUu2w_nz5p1Y/getupdates HTTP/1.1
[10_12_2015_0_29:5]  [org.telegram.updatesreceivers.UpdatesThread]FINE - []
[10_12_2015_0_29:5]  [org.telegram.updatesreceivers.UpdatesThread]FINE - POST https://api.telegram.org/bot99536655:AAG_uycvQeXgm-1Cdpk-zvBRUu2w_nz5p1Y/getupdates HTTP/1.1
[10_12_2015_0_29:26]  [org.telegram.updatesreceivers.UpdatesThread]FINE - []
[10_12_2015_0_29:27]  [org.telegram.updatesreceivers.UpdatesThread]FINE - POST https://api.telegram.org/bot99536655:AAG_uycvQeXgm-1Cdpk-zvBRUu2w_nz5p1Y/getupdates HTTP/1.1
[10_12_2015_0_29:48]  [org.telegram.updatesreceivers.UpdatesThread]FINE - []
[10_12_2015_0_29:48]  [org.telegram.updatesreceivers.UpdatesThread]FINE - POST https://api.telegram.org/bot99536655:AAG_uycvQeXgm-1Cdpk-zvBRUu2w_nz5p1Y/getupdates HTTP/1.1
[10_12_2015_0_30:9]  [org.telegram.updatesreceivers.UpdatesThread]FINE - []
[10_12_2015_0_30:9]  [org.telegram.updatesreceivers.UpdatesThread]FINE - POST https://api.telegram.org/bot99536655:AAG_uycvQeXgm-1Cdpk-zvBRUu2w_nz5p1Y/getupdates HTTP/1.1
[10_12_2015_0_30:30]  [org.telegram.updatesreceivers.UpdatesThread]FINE - []
[10_12_2015_0_30:30]  [org.telegram.updatesreceivers.UpdatesThread]FINE - POST https://api.telegram.org/bot99536655:AAG_uycvQeXgm-1Cdpk-zvBRUu2w_nz5p1Y/getupdates HTTP/1.1
[10_12_2015_0_30:35]  [org.telegram.updatesreceivers.UpdatesThread]FINE - [{"update_id":896642613,"message":{"date":1449736235,"chat":{"id":-14952387,"title":"Aw yiss","type":"group"},"message_id":167,"from":{"id":131858887,"first_name":"Ricky","username":"Rikuu"},"text":"/yelp sex hotel"}}]
[10_12_2015_0_30:35]  [org.telegram.updatesreceivers.UpdatesThread]FINE - POST https://api.telegram.org/bot99536655:AAG_uycvQeXgm-1Cdpk-zvBRUu2w_nz5p1Y/getupdates HTTP/1.1
[10_12_2015_0_30:35] SEVERE - java.lang.NullPointerException
	at org.telegram.newbot.NewBotHandler.handleUpdate(NewBotHandler.java:111)
	at org.telegram.newbot.NewBotHandler.onUpdateReceived(NewBotHandler.java:60)
	at org.telegram.updatesreceivers.UpdatesThread$HandlerThread.run(UpdatesThread.java:137)

[10_12_2015_0_30:55]  [org.telegram.updatesreceivers.UpdatesThread]FINE - []
[10_12_2015_0_30:56]  [org.telegram.updatesreceivers.UpdatesThread]FINE - POST https://api.telegram.org/bot99536655:AAG_uycvQeXgm-1Cdpk-zvBRUu2w_nz5p1Y/getupdates HTTP/1.1
[10_12_2015_0_31:17]  [org.telegram.updatesreceivers.UpdatesThread]FINE - []
[10_12_2015_0_31:22]  [org.telegram.SenderHelper]FINE - {"ok":true,"result":true,"description":"There is no webhook to delete"}
[10_12_2015_0_31:22]  [org.telegram.updatesreceivers.UpdatesThread]FINE - POST https://api.telegram.org/bot99536655:AAG_uycvQeXgm-1Cdpk-zvBRUu2w_nz5p1Y/getupdates HTTP/1.1
[10_12_2015_0_31:28]  [org.telegram.updatesreceivers.UpdatesThread]FINE - [{"update_id":896642614,"message":{"date":1449736288,"chat":{"id":-14952387,"title":"Aw yiss","type":"group"},"message_id":168,"from":{"last_name":"Tan","id":163396337,"first_name":"Wilson"},"text":"/yelp dessert tustin"}}]
[10_12_2015_0_31:28]  [org.telegram.updatesreceivers.UpdatesThread]FINE - POST https://api.telegram.org/bot99536655:AAG_uycvQeXgm-1Cdpk-zvBRUu2w_nz5p1Y/getupdates HTTP/1.1
[10_12_2015_0_31:29] SEVERE - java.lang.NullPointerException
	at org.telegram.newbot.NewBotHandler.handleUpdate(NewBotHandler.java:115)
	at org.telegram.newbot.NewBotHandler.onUpdateReceived(NewBotHandler.java:62)
	at org.telegram.updatesreceivers.UpdatesThread$HandlerThread.run(UpdatesThread.java:137)

[10_12_2015_0_31:49]  [org.telegram.updatesreceivers.UpdatesThread]FINE - []
[10_12_2015_0_31:49]  [org.telegram.updatesreceivers.UpdatesThread]FINE - POST https://api.telegram.org/bot99536655:AAG_uycvQeXgm-1Cdpk-zvBRUu2w_nz5p1Y/getupdates HTTP/1.1
[10_12_2015_0_32:10]  [org.telegram.updatesreceivers.UpdatesThread]FINE - []
[10_12_2015_0_32:11]  [org.telegram.updatesreceivers.UpdatesThread]FINE - POST https://api.telegram.org/bot99536655:AAG_uycvQeXgm-1Cdpk-zvBRUu2w_nz5p1Y/getupdates HTTP/1.1
[10_12_2015_0_32:32]  [org.telegram.updatesreceivers.UpdatesThread]FINE - []
[10_12_2015_0_32:33]  [org.telegram.updatesreceivers.UpdatesThread]FINE - POST https://api.telegram.org/bot99536655:AAG_uycvQeXgm-1Cdpk-zvBRUu2w_nz5p1Y/getupdates HTTP/1.1
[10_12_2015_0_32:54]  [org.telegram.updatesreceivers.UpdatesThread]FINE - []
[10_12_2015_0_32:54]  [org.telegram.updatesreceivers.UpdatesThread]FINE - POST https://api.telegram.org/bot99536655:AAG_uycvQeXgm-1Cdpk-zvBRUu2w_nz5p1Y/getupdates HTTP/1.1
[10_12_2015_0_33:15]  [org.telegram.updatesreceivers.UpdatesThread]FINE - []
[10_12_2015_0_33:16]  [org.telegram.updatesreceivers.UpdatesThread]FINE - POST https://api.telegram.org/bot99536655:AAG_uycvQeXgm-1Cdpk-zvBRUu2w_nz5p1Y/getupdates HTTP/1.1
[10_12_2015_0_33:36]  [org.telegram.updatesreceivers.UpdatesThread]FINE - []
[10_12_2015_0_33:37]  [org.telegram.updatesreceivers.UpdatesThread]FINE - POST https://api.telegram.org/bot99536655:AAG_uycvQeXgm-1Cdpk-zvBRUu2w_nz5p1Y/getupdates HTTP/1.1
[10_12_2015_0_33:58]  [org.telegram.updatesreceivers.UpdatesThread]FINE - []
[10_12_2015_0_33:58]  [org.telegram.updatesreceivers.UpdatesThread]FINE - POST https://api.telegram.org/bot99536655:AAG_uycvQeXgm-1Cdpk-zvBRUu2w_nz5p1Y/getupdates HTTP/1.1
[10_12_2015_0_34:19]  [org.telegram.updatesreceivers.UpdatesThread]FINE - []
[10_12_2015_0_34:19]  [org.telegram.updatesreceivers.UpdatesThread]FINE - POST https://api.telegram.org/bot99536655:AAG_uycvQeXgm-1Cdpk-zvBRUu2w_nz5p1Y/getupdates HTTP/1.1
[10_12_2015_0_34:35]  [org.telegram.SenderHelper]FINE - {"ok":true,"result":true,"description":"There is no webhook to delete"}
[10_12_2015_0_34:35]  [org.telegram.updatesreceivers.UpdatesThread]FINE - POST https://api.telegram.org/bot99536655:AAG_uycvQeXgm-1Cdpk-zvBRUu2w_nz5p1Y/getupdates HTTP/1.1
[10_12_2015_0_34:39]  [org.telegram.updatesreceivers.UpdatesThread]FINE - [{"update_id":896642615,"message":{"date":1449736479,"chat":{"id":-14952387,"title":"Aw yiss","type":"group"},"message_id":169,"from":{"last_name":"Tan","id":163396337,"first_name":"Wilson"},"text":"/yelp dessert tustin"}}]
[10_12_2015_0_34:39]  [org.telegram.updatesreceivers.UpdatesThread]FINE - POST https://api.telegram.org/bot99536655:AAG_uycvQeXgm-1Cdpk-zvBRUu2w_nz5p1Y/getupdates HTTP/1.1
[10_12_2015_0_34:40] SEVERE - java.lang.NullPointerException
	at org.telegram.newbot.NewBotHandler.handleUpdate(NewBotHandler.java:115)
	at org.telegram.newbot.NewBotHandler.onUpdateReceived(NewBotHandler.java:62)
	at org.telegram.updatesreceivers.UpdatesThread$HandlerThread.run(UpdatesThread.java:137)

[10_12_2015_0_35:0]  [org.telegram.updatesreceivers.UpdatesThread]FINE - []
[10_12_2015_0_35:0]  [org.telegram.updatesreceivers.UpdatesThread]FINE - POST https://api.telegram.org/bot99536655:AAG_uycvQeXgm-1Cdpk-zvBRUu2w_nz5p1Y/getupdates HTTP/1.1
[10_12_2015_0_35:21]  [org.telegram.updatesreceivers.UpdatesThread]FINE - []
[10_12_2015_0_35:22]  [org.telegram.updatesreceivers.UpdatesThread]FINE - POST https://api.telegram.org/bot99536655:AAG_uycvQeXgm-1Cdpk-zvBRUu2w_nz5p1Y/getupdates HTTP/1.1
[10_12_2015_0_35:43]  [org.telegram.updatesreceivers.UpdatesThread]FINE - []
[10_12_2015_0_35:44]  [org.telegram.updatesreceivers.UpdatesThread]FINE - POST https://api.telegram.org/bot99536655:AAG_uycvQeXgm-1Cdpk-zvBRUu2w_nz5p1Y/getupdates HTTP/1.1
[10_12_2015_0_36:5]  [org.telegram.updatesreceivers.UpdatesThread]FINE - []
[10_12_2015_0_36:5]  [org.telegram.updatesreceivers.UpdatesThread]FINE - POST https://api.telegram.org/bot99536655:AAG_uycvQeXgm-1Cdpk-zvBRUu2w_nz5p1Y/getupdates HTTP/1.1
[10_12_2015_0_36:26]  [org.telegram.updatesreceivers.UpdatesThread]FINE - []
[10_12_2015_0_36:26]  [org.telegram.updatesreceivers.UpdatesThread]FINE - POST https://api.telegram.org/bot99536655:AAG_uycvQeXgm-1Cdpk-zvBRUu2w_nz5p1Y/getupdates HTTP/1.1
[10_12_2015_0_36:47]  [org.telegram.updatesreceivers.UpdatesThread]FINE - []
[10_12_2015_0_36:48]  [org.telegram.updatesreceivers.UpdatesThread]FINE - POST https://api.telegram.org/bot99536655:AAG_uycvQeXgm-1Cdpk-zvBRUu2w_nz5p1Y/getupdates HTTP/1.1
[10_12_2015_0_37:8]  [org.telegram.updatesreceivers.UpdatesThread]FINE - []
[10_12_2015_0_37:9]  [org.telegram.updatesreceivers.UpdatesThread]FINE - POST https://api.telegram.org/bot99536655:AAG_uycvQeXgm-1Cdpk-zvBRUu2w_nz5p1Y/getupdates HTTP/1.1
[10_12_2015_0_37:31]  [org.telegram.updatesreceivers.UpdatesThread]FINE - []
[10_12_2015_0_37:31]  [org.telegram.updatesreceivers.UpdatesThread]FINE - POST https://api.telegram.org/bot99536655:AAG_uycvQeXgm-1Cdpk-zvBRUu2w_nz5p1Y/getupdates HTTP/1.1
[10_12_2015_0_37:52]  [org.telegram.updatesreceivers.UpdatesThread]FINE - []
[10_12_2015_0_37:53]  [org.telegram.updatesreceivers.UpdatesThread]FINE - POST https://api.telegram.org/bot99536655:AAG_uycvQeXgm-1Cdpk-zvBRUu2w_nz5p1Y/getupdates HTTP/1.1
[10_12_2015_0_38:13]  [org.telegram.updatesreceivers.UpdatesThread]FINE - []
[10_12_2015_0_38:14]  [org.telegram.updatesreceivers.UpdatesThread]FINE - POST https://api.telegram.org/bot99536655:AAG_uycvQeXgm-1Cdpk-zvBRUu2w_nz5p1Y/getupdates HTTP/1.1
[10_12_2015_0_38:35]  [org.telegram.updatesreceivers.UpdatesThread]FINE - []
[10_12_2015_0_38:35]  [org.telegram.updatesreceivers.UpdatesThread]FINE - POST https://api.telegram.org/bot99536655:AAG_uycvQeXgm-1Cdpk-zvBRUu2w_nz5p1Y/getupdates HTTP/1.1
[10_12_2015_0_38:56]  [org.telegram.updatesreceivers.UpdatesThread]FINE - []
[10_12_2015_0_38:57]  [org.telegram.updatesreceivers.UpdatesThread]FINE - POST https://api.telegram.org/bot99536655:AAG_uycvQeXgm-1Cdpk-zvBRUu2w_nz5p1Y/getupdates HTTP/1.1
[10_12_2015_0_39:17]  [org.telegram.updatesreceivers.UpdatesThread]FINE - []
[10_12_2015_0_39:18]  [org.telegram.updatesreceivers.UpdatesThread]FINE - POST https://api.telegram.org/bot99536655:AAG_uycvQeXgm-1Cdpk-zvBRUu2w_nz5p1Y/getupdates HTTP/1.1
[10_12_2015_0_39:39]  [org.telegram.updatesreceivers.UpdatesThread]FINE - []
[10_12_2015_0_39:39]  [org.telegram.updatesreceivers.UpdatesThread]FINE - POST https://api.telegram.org/bot99536655:AAG_uycvQeXgm-1Cdpk-zvBRUu2w_nz5p1Y/getupdates HTTP/1.1
[10_12_2015_0_40:0]  [org.telegram.updatesreceivers.UpdatesThread]FINE - []
[10_12_2015_0_40:1]  [org.telegram.updatesreceivers.UpdatesThread]FINE - POST https://api.telegram.org/bot99536655:AAG_uycvQeXgm-1Cdpk-zvBRUu2w_nz5p1Y/getupdates HTTP/1.1
[10_12_2015_0_40:21]  [org.telegram.updatesreceivers.UpdatesThread]FINE - []
[10_12_2015_0_40:22]  [org.telegram.updatesreceivers.UpdatesThread]FINE - POST https://api.telegram.org/bot99536655:AAG_uycvQeXgm-1Cdpk-zvBRUu2w_nz5p1Y/getupdates HTTP/1.1
[10_12_2015_0_40:44]  [org.telegram.updatesreceivers.UpdatesThread]FINE - []
[10_12_2015_0_40:44]  [org.telegram.updatesreceivers.UpdatesThread]FINE - POST https://api.telegram.org/bot99536655:AAG_uycvQeXgm-1Cdpk-zvBRUu2w_nz5p1Y/getupdates HTTP/1.1
[10_12_2015_0_41:5]  [org.telegram.updatesreceivers.UpdatesThread]FINE - []
[10_12_2015_0_41:6]  [org.telegram.updatesreceivers.UpdatesThread]FINE - POST https://api.telegram.org/bot99536655:AAG_uycvQeXgm-1Cdpk-zvBRUu2w_nz5p1Y/getupdates HTTP/1.1
[10_12_2015_0_41:26]  [org.telegram.updatesreceivers.UpdatesThread]FINE - []
[10_12_2015_0_41:27]  [org.telegram.updatesreceivers.UpdatesThread]FINE - POST https://api.telegram.org/bot99536655:AAG_uycvQeXgm-1Cdpk-zvBRUu2w_nz5p1Y/getupdates HTTP/1.1
[10_12_2015_0_41:48]  [org.telegram.updatesreceivers.UpdatesThread]FINE - []
[10_12_2015_0_41:48]  [org.telegram.updatesreceivers.UpdatesThread]FINE - POST https://api.telegram.org/bot99536655:AAG_uycvQeXgm-1Cdpk-zvBRUu2w_nz5p1Y/getupdates HTTP/1.1
[10_12_2015_0_42:9]  [org.telegram.updatesreceivers.UpdatesThread]FINE - []
[10_12_2015_0_42:9]  [org.telegram.updatesreceivers.UpdatesThread]FINE - POST https://api.telegram.org/bot99536655:AAG_uycvQeXgm-1Cdpk-zvBRUu2w_nz5p1Y/getupdates HTTP/1.1
[10_12_2015_0_42:30]  [org.telegram.updatesreceivers.UpdatesThread]FINE - []
[10_12_2015_0_42:31]  [org.telegram.updatesreceivers.UpdatesThread]FINE - POST https://api.telegram.org/bot99536655:AAG_uycvQeXgm-1Cdpk-zvBRUu2w_nz5p1Y/getupdates HTTP/1.1
[10_12_2015_0_42:39]  [org.telegram.SenderHelper]FINE - {"ok":true,"result":true,"description":"There is no webhook to delete"}
[10_12_2015_0_42:39]  [org.telegram.updatesreceivers.UpdatesThread]FINE - POST https://api.telegram.org/bot99536655:AAG_uycvQeXgm-1Cdpk-zvBRUu2w_nz5p1Y/getupdates HTTP/1.1
[10_12_2015_0_42:47]  [org.telegram.updatesreceivers.UpdatesThread]FINE - [{"update_id":896642616,"message":{"date":1449736967,"chat":{"id":-14952387,"title":"Aw yiss","type":"group"},"message_id":170,"from":{"last_name":"Tan","id":163396337,"first_name":"Wilson"},"text":"/yelp desserts tustin"}}]
[10_12_2015_0_42:47]  [org.telegram.updatesreceivers.UpdatesThread]FINE - POST https://api.telegram.org/bot99536655:AAG_uycvQeXgm-1Cdpk-zvBRUu2w_nz5p1Y/getupdates HTTP/1.1
[10_12_2015_0_42:48] SEVERE - java.lang.NullPointerException
	at org.telegram.newbot.NewBotHandler.handleUpdate(NewBotHandler.java:115)
	at org.telegram.newbot.NewBotHandler.onUpdateReceived(NewBotHandler.java:62)
	at org.telegram.updatesreceivers.UpdatesThread$HandlerThread.run(UpdatesThread.java:137)

[10_12_2015_0_43:8]  [org.telegram.updatesreceivers.UpdatesThread]FINE - []
[10_12_2015_0_43:8]  [org.telegram.updatesreceivers.UpdatesThread]FINE - POST https://api.telegram.org/bot99536655:AAG_uycvQeXgm-1Cdpk-zvBRUu2w_nz5p1Y/getupdates HTTP/1.1
[10_12_2015_0_43:29]  [org.telegram.updatesreceivers.UpdatesThread]FINE - []
[10_12_2015_0_43:30]  [org.telegram.updatesreceivers.UpdatesThread]FINE - POST https://api.telegram.org/bot99536655:AAG_uycvQeXgm-1Cdpk-zvBRUu2w_nz5p1Y/getupdates HTTP/1.1
[10_12_2015_0_43:50]  [org.telegram.updatesreceivers.UpdatesThread]FINE - []
[10_12_2015_0_43:51]  [org.telegram.updatesreceivers.UpdatesThread]FINE - POST https://api.telegram.org/bot99536655:AAG_uycvQeXgm-1Cdpk-zvBRUu2w_nz5p1Y/getupdates HTTP/1.1
[10_12_2015_0_44:12]  [org.telegram.updatesreceivers.UpdatesThread]FINE - []
[10_12_2015_0_44:12]  [org.telegram.updatesreceivers.UpdatesThread]FINE - POST https://api.telegram.org/bot99536655:AAG_uycvQeXgm-1Cdpk-zvBRUu2w_nz5p1Y/getupdates HTTP/1.1
[10_12_2015_0_44:33]  [org.telegram.updatesreceivers.UpdatesThread]FINE - []
[10_12_2015_0_44:33]  [org.telegram.updatesreceivers.UpdatesThread]FINE - POST https://api.telegram.org/bot99536655:AAG_uycvQeXgm-1Cdpk-zvBRUu2w_nz5p1Y/getupdates HTTP/1.1
[10_12_2015_0_44:51]  [org.telegram.SenderHelper]FINE - {"ok":true,"result":true,"description":"There is no webhook to delete"}
[10_12_2015_0_44:51]  [org.telegram.updatesreceivers.UpdatesThread]FINE - POST https://api.telegram.org/bot99536655:AAG_uycvQeXgm-1Cdpk-zvBRUu2w_nz5p1Y/getupdates HTTP/1.1
[10_12_2015_0_44:57]  [org.telegram.updatesreceivers.UpdatesThread]FINE - [{"update_id":896642617,"message":{"date":1449737098,"chat":{"id":-14952387,"title":"Aw yiss","type":"group"},"message_id":171,"from":{"last_name":"Tan","id":163396337,"first_name":"Wilson"},"text":"/yelp desserts tustin"}}]
[10_12_2015_0_44:57]  [org.telegram.updatesreceivers.UpdatesThread]FINE - POST https://api.telegram.org/bot99536655:AAG_uycvQeXgm-1Cdpk-zvBRUu2w_nz5p1Y/getupdates HTTP/1.1
[10_12_2015_0_44:58] SEVERE - java.lang.NullPointerException
	at org.telegram.newbot.NewBotHandler.handleUpdate(NewBotHandler.java:115)
	at org.telegram.newbot.NewBotHandler.onUpdateReceived(NewBotHandler.java:62)
	at org.telegram.updatesreceivers.UpdatesThread$HandlerThread.run(UpdatesThread.java:137)

[10_12_2015_0_45:18]  [org.telegram.updatesreceivers.UpdatesThread]FINE - []
[10_12_2015_0_45:19]  [org.telegram.updatesreceivers.UpdatesThread]FINE - POST https://api.telegram.org/bot99536655:AAG_uycvQeXgm-1Cdpk-zvBRUu2w_nz5p1Y/getupdates HTTP/1.1
[10_12_2015_0_45:39]  [org.telegram.updatesreceivers.UpdatesThread]FINE - []
[10_12_2015_0_45:40]  [org.telegram.updatesreceivers.UpdatesThread]FINE - POST https://api.telegram.org/bot99536655:AAG_uycvQeXgm-1Cdpk-zvBRUu2w_nz5p1Y/getupdates HTTP/1.1
[10_12_2015_0_46:1]  [org.telegram.updatesreceivers.UpdatesThread]FINE - []
[10_12_2015_0_46:1]  [org.telegram.updatesreceivers.UpdatesThread]FINE - POST https://api.telegram.org/bot99536655:AAG_uycvQeXgm-1Cdpk-zvBRUu2w_nz5p1Y/getupdates HTTP/1.1
[10_12_2015_0_46:22]  [org.telegram.updatesreceivers.UpdatesThread]FINE - []
[10_12_2015_0_46:22]  [org.telegram.updatesreceivers.UpdatesThread]FINE - POST https://api.telegram.org/bot99536655:AAG_uycvQeXgm-1Cdpk-zvBRUu2w_nz5p1Y/getupdates HTTP/1.1
[10_12_2015_0_46:43]  [org.telegram.updatesreceivers.UpdatesThread]FINE - []
[10_12_2015_0_46:44]  [org.telegram.updatesreceivers.UpdatesThread]FINE - POST https://api.telegram.org/bot99536655:AAG_uycvQeXgm-1Cdpk-zvBRUu2w_nz5p1Y/getupdates HTTP/1.1
[10_12_2015_0_47:5]  [org.telegram.updatesreceivers.UpdatesThread]FINE - []
[10_12_2015_0_47:5]  [org.telegram.updatesreceivers.UpdatesThread]FINE - POST https://api.telegram.org/bot99536655:AAG_uycvQeXgm-1Cdpk-zvBRUu2w_nz5p1Y/getupdates HTTP/1.1
[10_12_2015_0_47:26]  [org.telegram.updatesreceivers.UpdatesThread]FINE - []
[10_12_2015_0_47:26]  [org.telegram.updatesreceivers.UpdatesThread]FINE - POST https://api.telegram.org/bot99536655:AAG_uycvQeXgm-1Cdpk-zvBRUu2w_nz5p1Y/getupdates HTTP/1.1
[10_12_2015_0_47:40]  [org.telegram.SenderHelper]FINE - {"ok":true,"result":true,"description":"There is no webhook to delete"}
[10_12_2015_0_47:40]  [org.telegram.updatesreceivers.UpdatesThread]FINE - POST https://api.telegram.org/bot99536655:AAG_uycvQeXgm-1Cdpk-zvBRUu2w_nz5p1Y/getupdates HTTP/1.1
[10_12_2015_0_47:45]  [org.telegram.updatesreceivers.UpdatesThread]FINE - [{"update_id":896642618,"message":{"date":1449737266,"chat":{"id":-14952387,"title":"Aw yiss","type":"group"},"message_id":172,"from":{"last_name":"Tan","id":163396337,"first_name":"Wilson"},"text":"/yelp desserts tustin"}}]
[10_12_2015_0_47:45]  [org.telegram.updatesreceivers.UpdatesThread]FINE - POST https://api.telegram.org/bot99536655:AAG_uycvQeXgm-1Cdpk-zvBRUu2w_nz5p1Y/getupdates HTTP/1.1
[10_12_2015_0_47:46] SEVERE - java.lang.NullPointerException
	at org.telegram.newbot.NewBotHandler.handleUpdate(NewBotHandler.java:115)
	at org.telegram.newbot.NewBotHandler.onUpdateReceived(NewBotHandler.java:62)
	at org.telegram.updatesreceivers.UpdatesThread$HandlerThread.run(UpdatesThread.java:137)

[10_12_2015_0_48:6]  [org.telegram.updatesreceivers.UpdatesThread]FINE - []
[10_12_2015_0_48:6]  [org.telegram.updatesreceivers.UpdatesThread]FINE - POST https://api.telegram.org/bot99536655:AAG_uycvQeXgm-1Cdpk-zvBRUu2w_nz5p1Y/getupdates HTTP/1.1
[10_12_2015_0_48:27]  [org.telegram.updatesreceivers.UpdatesThread]FINE - []
[10_12_2015_0_48:28]  [org.telegram.updatesreceivers.UpdatesThread]FINE - POST https://api.telegram.org/bot99536655:AAG_uycvQeXgm-1Cdpk-zvBRUu2w_nz5p1Y/getupdates HTTP/1.1
[10_12_2015_0_49:3]  [org.telegram.SenderHelper]FINE - {"ok":true,"result":true,"description":"There is no webhook to delete"}
[10_12_2015_0_49:3]  [org.telegram.updatesreceivers.UpdatesThread]FINE - POST https://api.telegram.org/bot99536655:AAG_uycvQeXgm-1Cdpk-zvBRUu2w_nz5p1Y/getupdates HTTP/1.1
[10_12_2015_0_49:9]  [org.telegram.updatesreceivers.UpdatesThread]FINE - [{"update_id":896642619,"message":{"date":1449737349,"chat":{"id":-14952387,"title":"Aw yiss","type":"group"},"message_id":173,"from":{"last_name":"Tan","id":163396337,"first_name":"Wilson"},"text":"/yelp desserts tustin"}}]
[10_12_2015_0_49:9]  [org.telegram.updatesreceivers.UpdatesThread]FINE - POST https://api.telegram.org/bot99536655:AAG_uycvQeXgm-1Cdpk-zvBRUu2w_nz5p1Y/getupdates HTTP/1.1
[10_12_2015_0_49:11] SEVERE - java.io.InvalidObjectException: {"description":"[Error]: Bad Request: text is empty","error_code":400,"ok":false}
	at org.telegram.SenderHelper.SendApiMethod(SenderHelper.java:257)
	at org.telegram.newbot.NewBotHandler.handleUpdate(NewBotHandler.java:116)
	at org.telegram.newbot.NewBotHandler.onUpdateReceived(NewBotHandler.java:62)
	at org.telegram.updatesreceivers.UpdatesThread$HandlerThread.run(UpdatesThread.java:137)

[10_12_2015_0_49:30]  [org.telegram.updatesreceivers.UpdatesThread]FINE - []
[10_12_2015_0_49:31]  [org.telegram.updatesreceivers.UpdatesThread]FINE - POST https://api.telegram.org/bot99536655:AAG_uycvQeXgm-1Cdpk-zvBRUu2w_nz5p1Y/getupdates HTTP/1.1
[10_12_2015_0_49:53]  [org.telegram.SenderHelper]FINE - {"ok":true,"result":true,"description":"There is no webhook to delete"}
[10_12_2015_0_49:53]  [org.telegram.updatesreceivers.UpdatesThread]FINE - POST https://api.telegram.org/bot99536655:AAG_uycvQeXgm-1Cdpk-zvBRUu2w_nz5p1Y/getupdates HTTP/1.1
[10_12_2015_0_49:59]  [org.telegram.updatesreceivers.UpdatesThread]FINE - [{"update_id":896642620,"message":{"date":1449737399,"chat":{"id":-14952387,"title":"Aw yiss","type":"group"},"message_id":174,"from":{"last_name":"Tan","id":163396337,"first_name":"Wilson"},"text":"/yelp desserts tustin"}}]
[10_12_2015_0_49:59]  [org.telegram.updatesreceivers.UpdatesThread]FINE - POST https://api.telegram.org/bot99536655:AAG_uycvQeXgm-1Cdpk-zvBRUu2w_nz5p1Y/getupdates HTTP/1.1
[10_12_2015_0_50:0] SEVERE - java.io.InvalidObjectException: {"description":"[Error]: Bad Request: text is empty","error_code":400,"ok":false}
	at org.telegram.SenderHelper.SendApiMethod(SenderHelper.java:257)
	at org.telegram.newbot.NewBotHandler.handleUpdate(NewBotHandler.java:116)
	at org.telegram.newbot.NewBotHandler.onUpdateReceived(NewBotHandler.java:62)
	at org.telegram.updatesreceivers.UpdatesThread$HandlerThread.run(UpdatesThread.java:137)

[10_12_2015_0_50:20]  [org.telegram.updatesreceivers.UpdatesThread]FINE - []
[10_12_2015_0_50:20]  [org.telegram.updatesreceivers.UpdatesThread]FINE - POST https://api.telegram.org/bot99536655:AAG_uycvQeXgm-1Cdpk-zvBRUu2w_nz5p1Y/getupdates HTTP/1.1
[10_12_2015_0_50:41]  [org.telegram.updatesreceivers.UpdatesThread]FINE - []
[10_12_2015_0_50:42]  [org.telegram.updatesreceivers.UpdatesThread]FINE - POST https://api.telegram.org/bot99536655:AAG_uycvQeXgm-1Cdpk-zvBRUu2w_nz5p1Y/getupdates HTTP/1.1
[10_12_2015_0_51:19]  [org.telegram.SenderHelper]FINE - {"ok":true,"result":true,"description":"There is no webhook to delete"}
[10_12_2015_0_51:19]  [org.telegram.updatesreceivers.UpdatesThread]FINE - POST https://api.telegram.org/bot99536655:AAG_uycvQeXgm-1Cdpk-zvBRUu2w_nz5p1Y/getupdates HTTP/1.1
[10_12_2015_0_51:24]  [org.telegram.updatesreceivers.UpdatesThread]FINE - [{"update_id":896642621,"message":{"date":1449737485,"chat":{"id":-14952387,"title":"Aw yiss","type":"group"},"message_id":175,"from":{"last_name":"Tan","id":163396337,"first_name":"Wilson"},"text":"/yelp desserts tustin"}}]
[10_12_2015_0_51:24]  [org.telegram.updatesreceivers.UpdatesThread]FINE - POST https://api.telegram.org/bot99536655:AAG_uycvQeXgm-1Cdpk-zvBRUu2w_nz5p1Y/getupdates HTTP/1.1
[10_12_2015_0_51:27] SEVERE - java.io.InvalidObjectException: {"description":"[Error]: Bad Request: text is empty","error_code":400,"ok":false}
	at org.telegram.SenderHelper.SendApiMethod(SenderHelper.java:257)
	at org.telegram.newbot.NewBotHandler.handleUpdate(NewBotHandler.java:116)
	at org.telegram.newbot.NewBotHandler.onUpdateReceived(NewBotHandler.java:62)
	at org.telegram.updatesreceivers.UpdatesThread$HandlerThread.run(UpdatesThread.java:137)

[10_12_2015_0_51:45]  [org.telegram.updatesreceivers.UpdatesThread]FINE - []
[10_12_2015_0_51:46]  [org.telegram.updatesreceivers.UpdatesThread]FINE - POST https://api.telegram.org/bot99536655:AAG_uycvQeXgm-1Cdpk-zvBRUu2w_nz5p1Y/getupdates HTTP/1.1
[10_12_2015_0_51:51]  [org.telegram.updatesreceivers.UpdatesThread]FINE - [{"update_id":896642622,"message":{"date":1449737511,"chat":{"id":-14952387,"title":"Aw yiss","type":"group"},"message_id":176,"from":{"last_name":"Tan","id":163396337,"first_name":"Wilson"},"text":"/yelp desserts tustin"}}]
[10_12_2015_0_51:51]  [org.telegram.updatesreceivers.UpdatesThread]FINE - POST https://api.telegram.org/bot99536655:AAG_uycvQeXgm-1Cdpk-zvBRUu2w_nz5p1Y/getupdates HTTP/1.1
[10_12_2015_0_51:52] SEVERE - java.io.InvalidObjectException: {"description":"[Error]: Bad Request: text is empty","error_code":400,"ok":false}
	at org.telegram.SenderHelper.SendApiMethod(SenderHelper.java:257)
	at org.telegram.newbot.NewBotHandler.handleUpdate(NewBotHandler.java:116)
	at org.telegram.newbot.NewBotHandler.onUpdateReceived(NewBotHandler.java:62)
	at org.telegram.updatesreceivers.UpdatesThread$HandlerThread.run(UpdatesThread.java:137)

[10_12_2015_0_52:11]  [org.telegram.updatesreceivers.UpdatesThread]FINE - []
[10_12_2015_0_52:12]  [org.telegram.updatesreceivers.UpdatesThread]FINE - POST https://api.telegram.org/bot99536655:AAG_uycvQeXgm-1Cdpk-zvBRUu2w_nz5p1Y/getupdates HTTP/1.1
[10_12_2015_0_52:35]  [org.telegram.SenderHelper]FINE - {"ok":true,"result":true,"description":"There is no webhook to delete"}
[10_12_2015_0_52:35]  [org.telegram.updatesreceivers.UpdatesThread]FINE - POST https://api.telegram.org/bot99536655:AAG_uycvQeXgm-1Cdpk-zvBRUu2w_nz5p1Y/getupdates HTTP/1.1
[10_12_2015_0_52:39]  [org.telegram.updatesreceivers.UpdatesThread]FINE - [{"update_id":896642623,"message":{"date":1449737560,"chat":{"id":-14952387,"title":"Aw yiss","type":"group"},"message_id":177,"from":{"last_name":"Tan","id":163396337,"first_name":"Wilson"},"text":"/yelp desserts tustin"}}]
[10_12_2015_0_52:39]  [org.telegram.updatesreceivers.UpdatesThread]FINE - POST https://api.telegram.org/bot99536655:AAG_uycvQeXgm-1Cdpk-zvBRUu2w_nz5p1Y/getupdates HTTP/1.1
[10_12_2015_0_53:1]  [org.telegram.updatesreceivers.UpdatesThread]FINE - []
[10_12_2015_0_53:1]  [org.telegram.updatesreceivers.UpdatesThread]FINE - POST https://api.telegram.org/bot99536655:AAG_uycvQeXgm-1Cdpk-zvBRUu2w_nz5p1Y/getupdates HTTP/1.1
[10_12_2015_0_53:22]  [org.telegram.updatesreceivers.UpdatesThread]FINE - []
[10_12_2015_0_53:23]  [org.telegram.updatesreceivers.UpdatesThread]FINE - POST https://api.telegram.org/bot99536655:AAG_uycvQeXgm-1Cdpk-zvBRUu2w_nz5p1Y/getupdates HTTP/1.1
[10_12_2015_0_53:37]  [org.telegram.SenderHelper]FINE - {"ok":true,"result":true,"description":"There is no webhook to delete"}
[10_12_2015_0_53:37]  [org.telegram.updatesreceivers.UpdatesThread]FINE - POST https://api.telegram.org/bot99536655:AAG_uycvQeXgm-1Cdpk-zvBRUu2w_nz5p1Y/getupdates HTTP/1.1
[10_12_2015_0_53:54]  [org.telegram.updatesreceivers.UpdatesThread]FINE - [{"update_id":896642624,"message":{"date":1449737634,"chat":{"id":-14952387,"title":"Aw yiss","type":"group"},"message_id":179,"from":{"last_name":"Tan","id":163396337,"first_name":"Wilson"},"text":"/yelp desserts tustin"}}]
[10_12_2015_0_53:54]  [org.telegram.updatesreceivers.UpdatesThread]FINE - POST https://api.telegram.org/bot99536655:AAG_uycvQeXgm-1Cdpk-zvBRUu2w_nz5p1Y/getupdates HTTP/1.1
[10_12_2015_0_54:15]  [org.telegram.updatesreceivers.UpdatesThread]FINE - []
[10_12_2015_0_54:15]  [org.telegram.updatesreceivers.UpdatesThread]FINE - POST https://api.telegram.org/bot99536655:AAG_uycvQeXgm-1Cdpk-zvBRUu2w_nz5p1Y/getupdates HTTP/1.1
[10_12_2015_0_54:37]  [org.telegram.updatesreceivers.UpdatesThread]FINE - []
[10_12_2015_0_54:37]  [org.telegram.updatesreceivers.UpdatesThread]FINE - POST https://api.telegram.org/bot99536655:AAG_uycvQeXgm-1Cdpk-zvBRUu2w_nz5p1Y/getupdates HTTP/1.1
[10_12_2015_0_54:58]  [org.telegram.updatesreceivers.UpdatesThread]FINE - []
[10_12_2015_0_54:58]  [org.telegram.updatesreceivers.UpdatesThread]FINE - POST https://api.telegram.org/bot99536655:AAG_uycvQeXgm-1Cdpk-zvBRUu2w_nz5p1Y/getupdates HTTP/1.1
[10_12_2015_0_55:19]  [org.telegram.updatesreceivers.UpdatesThread]FINE - []
[10_12_2015_0_55:20]  [org.telegram.updatesreceivers.UpdatesThread]FINE - POST https://api.telegram.org/bot99536655:AAG_uycvQeXgm-1Cdpk-zvBRUu2w_nz5p1Y/getupdates HTTP/1.1
[10_12_2015_0_55:40]  [org.telegram.updatesreceivers.UpdatesThread]FINE - []
[10_12_2015_0_55:41]  [org.telegram.updatesreceivers.UpdatesThread]FINE - POST https://api.telegram.org/bot99536655:AAG_uycvQeXgm-1Cdpk-zvBRUu2w_nz5p1Y/getupdates HTTP/1.1
[10_12_2015_0_56:2]  [org.telegram.updatesreceivers.UpdatesThread]FINE - []
[10_12_2015_0_56:2]  [org.telegram.updatesreceivers.UpdatesThread]FINE - POST https://api.telegram.org/bot99536655:AAG_uycvQeXgm-1Cdpk-zvBRUu2w_nz5p1Y/getupdates HTTP/1.1
[10_12_2015_0_56:23]  [org.telegram.updatesreceivers.UpdatesThread]FINE - []
[10_12_2015_0_56:23]  [org.telegram.updatesreceivers.UpdatesThread]FINE - POST https://api.telegram.org/bot99536655:AAG_uycvQeXgm-1Cdpk-zvBRUu2w_nz5p1Y/getupdates HTTP/1.1
[10_12_2015_0_56:46]  [org.telegram.updatesreceivers.UpdatesThread]FINE - []
[10_12_2015_0_56:46]  [org.telegram.updatesreceivers.UpdatesThread]FINE - POST https://api.telegram.org/bot99536655:AAG_uycvQeXgm-1Cdpk-zvBRUu2w_nz5p1Y/getupdates HTTP/1.1
[10_12_2015_0_57:7]  [org.telegram.updatesreceivers.UpdatesThread]FINE - []
[10_12_2015_0_57:8]  [org.telegram.updatesreceivers.UpdatesThread]FINE - POST https://api.telegram.org/bot99536655:AAG_uycvQeXgm-1Cdpk-zvBRUu2w_nz5p1Y/getupdates HTTP/1.1
[10_12_2015_0_57:28]  [org.telegram.updatesreceivers.UpdatesThread]FINE - []
[10_12_2015_0_57:29]  [org.telegram.updatesreceivers.UpdatesThread]FINE - POST https://api.telegram.org/bot99536655:AAG_uycvQeXgm-1Cdpk-zvBRUu2w_nz5p1Y/getupdates HTTP/1.1
[10_12_2015_0_57:51]  [org.telegram.updatesreceivers.UpdatesThread]FINE - []
[10_12_2015_0_57:51]  [org.telegram.updatesreceivers.UpdatesThread]FINE - POST https://api.telegram.org/bot99536655:AAG_uycvQeXgm-1Cdpk-zvBRUu2w_nz5p1Y/getupdates HTTP/1.1
[10_12_2015_0_58:12]  [org.telegram.updatesreceivers.UpdatesThread]FINE - []
[10_12_2015_0_58:12]  [org.telegram.updatesreceivers.UpdatesThread]FINE - POST https://api.telegram.org/bot99536655:AAG_uycvQeXgm-1Cdpk-zvBRUu2w_nz5p1Y/getupdates HTTP/1.1
[10_12_2015_0_58:33]  [org.telegram.updatesreceivers.UpdatesThread]FINE - []
[10_12_2015_0_58:33]  [org.telegram.updatesreceivers.UpdatesThread]FINE - POST https://api.telegram.org/bot99536655:AAG_uycvQeXgm-1Cdpk-zvBRUu2w_nz5p1Y/getupdates HTTP/1.1
[10_12_2015_0_58:54]  [org.telegram.updatesreceivers.UpdatesThread]FINE - []
[10_12_2015_0_58:55]  [org.telegram.updatesreceivers.UpdatesThread]FINE - POST https://api.telegram.org/bot99536655:AAG_uycvQeXgm-1Cdpk-zvBRUu2w_nz5p1Y/getupdates HTTP/1.1
[10_12_2015_0_59:15]  [org.telegram.updatesreceivers.UpdatesThread]FINE - []
[10_12_2015_0_59:16]  [org.telegram.updatesreceivers.UpdatesThread]FINE - POST https://api.telegram.org/bot99536655:AAG_uycvQeXgm-1Cdpk-zvBRUu2w_nz5p1Y/getupdates HTTP/1.1
[10_12_2015_0_59:37]  [org.telegram.updatesreceivers.UpdatesThread]FINE - []
[10_12_2015_0_59:37]  [org.telegram.updatesreceivers.UpdatesThread]FINE - POST https://api.telegram.org/bot99536655:AAG_uycvQeXgm-1Cdpk-zvBRUu2w_nz5p1Y/getupdates HTTP/1.1
[10_12_2015_0_59:58]  [org.telegram.updatesreceivers.UpdatesThread]FINE - []
[10_12_2015_0_59:58]  [org.telegram.updatesreceivers.UpdatesThread]FINE - POST https://api.telegram.org/bot99536655:AAG_uycvQeXgm-1Cdpk-zvBRUu2w_nz5p1Y/getupdates HTTP/1.1
[10_12_2015_1_0:20]  [org.telegram.updatesreceivers.UpdatesThread]FINE - []
[10_12_2015_1_0:20]  [org.telegram.updatesreceivers.UpdatesThread]FINE - POST https://api.telegram.org/bot99536655:AAG_uycvQeXgm-1Cdpk-zvBRUu2w_nz5p1Y/getupdates HTTP/1.1
[10_12_2015_1_0:41]  [org.telegram.updatesreceivers.UpdatesThread]FINE - []
[10_12_2015_1_0:41]  [org.telegram.updatesreceivers.UpdatesThread]FINE - POST https://api.telegram.org/bot99536655:AAG_uycvQeXgm-1Cdpk-zvBRUu2w_nz5p1Y/getupdates HTTP/1.1
[10_12_2015_1_1:10]  [org.telegram.SenderHelper]FINE - {"ok":true,"result":true,"description":"There is no webhook to delete"}
[10_12_2015_1_1:10]  [org.telegram.updatesreceivers.UpdatesThread]FINE - POST https://api.telegram.org/bot99536655:AAG_uycvQeXgm-1Cdpk-zvBRUu2w_nz5p1Y/getupdates HTTP/1.1
[10_12_2015_1_1:15]  [org.telegram.updatesreceivers.UpdatesThread]FINE - [{"update_id":896642625,"message":{"date":1449738075,"chat":{"id":-14952387,"title":"Aw yiss","type":"group"},"message_id":181,"from":{"last_name":"Tan","id":163396337,"first_name":"Wilson"},"text":"/yelp dessert tustin"}}]
[10_12_2015_1_1:15]  [org.telegram.updatesreceivers.UpdatesThread]FINE - POST https://api.telegram.org/bot99536655:AAG_uycvQeXgm-1Cdpk-zvBRUu2w_nz5p1Y/getupdates HTTP/1.1
[10_12_2015_1_1:36]  [org.telegram.updatesreceivers.UpdatesThread]FINE - []
[10_12_2015_1_1:36]  [org.telegram.updatesreceivers.UpdatesThread]FINE - POST https://api.telegram.org/bot99536655:AAG_uycvQeXgm-1Cdpk-zvBRUu2w_nz5p1Y/getupdates HTTP/1.1
[10_12_2015_1_2:6]  [org.telegram.SenderHelper]FINE - {"ok":true,"result":true,"description":"There is no webhook to delete"}
[10_12_2015_1_2:6]  [org.telegram.updatesreceivers.UpdatesThread]FINE - POST https://api.telegram.org/bot99536655:AAG_uycvQeXgm-1Cdpk-zvBRUu2w_nz5p1Y/getupdates HTTP/1.1
[10_12_2015_1_2:7]  [org.telegram.updatesreceivers.UpdatesThread]FINE - [{"update_id":896642626,"message":{"date":1449738121,"chat":{"id":-14952387,"title":"Aw yiss","type":"group"},"message_id":182,"from":{"last_name":"Tan","id":163396337,"first_name":"Wilson"},"text":"/yelp dessert tustin"}}]
[10_12_2015_1_2:7]  [org.telegram.updatesreceivers.UpdatesThread]FINE - POST https://api.telegram.org/bot99536655:AAG_uycvQeXgm-1Cdpk-zvBRUu2w_nz5p1Y/getupdates HTTP/1.1
[10_12_2015_1_2:8] SEVERE - java.lang.NullPointerException
	at org.telegram.newbot.NewBotHandler.handleUpdate(NewBotHandler.java:117)
	at org.telegram.newbot.NewBotHandler.onUpdateReceived(NewBotHandler.java:62)
	at org.telegram.updatesreceivers.UpdatesThread$HandlerThread.run(UpdatesThread.java:137)

[10_12_2015_1_2:10]  [org.telegram.updatesreceivers.UpdatesThread]FINE - [{"update_id":896642627,"message":{"date":1449738130,"chat":{"id":-14952387,"title":"Aw yiss","type":"group"},"message_id":183,"from":{"last_name":"Tan","id":163396337,"first_name":"Wilson"},"text":"/yelp dessert tusti"}}]
[10_12_2015_1_2:10]  [org.telegram.updatesreceivers.UpdatesThread]FINE - POST https://api.telegram.org/bot99536655:AAG_uycvQeXgm-1Cdpk-zvBRUu2w_nz5p1Y/getupdates HTTP/1.1
[10_12_2015_1_2:15]  [org.telegram.updatesreceivers.UpdatesThread]FINE - [{"update_id":896642628,"message":{"date":1449738135,"chat":{"id":-14952387,"title":"Aw yiss","type":"group"},"message_id":184,"from":{"last_name":"Tan","id":163396337,"first_name":"Wilson"},"text":"/yelp dessert tustin"}}]
[10_12_2015_1_2:15]  [org.telegram.updatesreceivers.UpdatesThread]FINE - POST https://api.telegram.org/bot99536655:AAG_uycvQeXgm-1Cdpk-zvBRUu2w_nz5p1Y/getupdates HTTP/1.1
[10_12_2015_1_2:25] SEVERE - java.lang.NullPointerException
	at org.telegram.newbot.NewBotHandler.handleUpdate(NewBotHandler.java:117)
	at org.telegram.newbot.NewBotHandler.onUpdateReceived(NewBotHandler.java:62)
	at org.telegram.updatesreceivers.UpdatesThread$HandlerThread.run(UpdatesThread.java:137)

[10_12_2015_1_2:25] SEVERE - java.lang.NullPointerException
	at org.telegram.newbot.NewBotHandler.handleUpdate(NewBotHandler.java:117)
	at org.telegram.newbot.NewBotHandler.onUpdateReceived(NewBotHandler.java:62)
	at org.telegram.updatesreceivers.UpdatesThread$HandlerThread.run(UpdatesThread.java:137)

[10_12_2015_1_2:36]  [org.telegram.updatesreceivers.UpdatesThread]FINE - []
[10_12_2015_1_2:36]  [org.telegram.updatesreceivers.UpdatesThread]FINE - POST https://api.telegram.org/bot99536655:AAG_uycvQeXgm-1Cdpk-zvBRUu2w_nz5p1Y/getupdates HTTP/1.1
[10_12_2015_1_2:39]  [org.telegram.updatesreceivers.UpdatesThread]FINE - [{"update_id":896642629,"message":{"date":1449738159,"chat":{"id":-14952387,"title":"Aw yiss","type":"group"},"message_id":185,"from":{"last_name":"Tan","id":163396337,"first_name":"Wilson"},"text":"/yelp dessert tustin"}}]
[10_12_2015_1_2:39]  [org.telegram.updatesreceivers.UpdatesThread]FINE - POST https://api.telegram.org/bot99536655:AAG_uycvQeXgm-1Cdpk-zvBRUu2w_nz5p1Y/getupdates HTTP/1.1
[10_12_2015_1_2:40] SEVERE - java.lang.NullPointerException
	at org.telegram.newbot.NewBotHandler.handleUpdate(NewBotHandler.java:117)
	at org.telegram.newbot.NewBotHandler.onUpdateReceived(NewBotHandler.java:62)
	at org.telegram.updatesreceivers.UpdatesThread$HandlerThread.run(UpdatesThread.java:137)

[10_12_2015_1_3:2]  [org.telegram.SenderHelper]FINE - {"ok":true,"result":true,"description":"There is no webhook to delete"}
[10_12_2015_1_3:2]  [org.telegram.updatesreceivers.UpdatesThread]FINE - POST https://api.telegram.org/bot99536655:AAG_uycvQeXgm-1Cdpk-zvBRUu2w_nz5p1Y/getupdates HTTP/1.1
[10_12_2015_1_3:6]  [org.telegram.updatesreceivers.UpdatesThread]FINE - [{"update_id":896642630,"message":{"date":1449738186,"chat":{"id":-14952387,"title":"Aw yiss","type":"group"},"message_id":186,"from":{"last_name":"Tan","id":163396337,"first_name":"Wilson"},"text":"/yelp dessert tustin"}}]
[10_12_2015_1_3:6]  [org.telegram.updatesreceivers.UpdatesThread]FINE - POST https://api.telegram.org/bot99536655:AAG_uycvQeXgm-1Cdpk-zvBRUu2w_nz5p1Y/getupdates HTTP/1.1
[10_12_2015_1_3:7] SEVERE - java.lang.NullPointerException
	at org.telegram.newbot.NewBotHandler.handleUpdate(NewBotHandler.java:117)
	at org.telegram.newbot.NewBotHandler.onUpdateReceived(NewBotHandler.java:62)
	at org.telegram.updatesreceivers.UpdatesThread$HandlerThread.run(UpdatesThread.java:137)

[10_12_2015_1_4:32]  [org.telegram.SenderHelper]FINE - {"ok":true,"result":true,"description":"There is no webhook to delete"}
[10_12_2015_1_4:32]  [org.telegram.updatesreceivers.UpdatesThread]FINE - POST https://api.telegram.org/bot99536655:AAG_uycvQeXgm-1Cdpk-zvBRUu2w_nz5p1Y/getupdates HTTP/1.1
[10_12_2015_1_4:36]  [org.telegram.updatesreceivers.UpdatesThread]FINE - [{"update_id":896642631,"message":{"date":1449738276,"chat":{"id":-14952387,"title":"Aw yiss","type":"group"},"message_id":187,"from":{"last_name":"Tan","id":163396337,"first_name":"Wilson"},"text":"/yelp dessert tustin"}}]
[10_12_2015_1_4:36]  [org.telegram.updatesreceivers.UpdatesThread]FINE - POST https://api.telegram.org/bot99536655:AAG_uycvQeXgm-1Cdpk-zvBRUu2w_nz5p1Y/getupdates HTTP/1.1
[10_12_2015_1_4:52]  [org.telegram.updatesreceivers.UpdatesThread]FINE - [{"update_id":896642632,"message":{"date":1449738292,"chat":{"id":-14952387,"title":"Aw yiss","type":"group"},"message_id":189,"from":{"last_name":"Tan","id":163396337,"first_name":"Wilson"},"text":"/yelp dessert Los Angeles"}}]
[10_12_2015_1_4:52]  [org.telegram.updatesreceivers.UpdatesThread]FINE - POST https://api.telegram.org/bot99536655:AAG_uycvQeXgm-1Cdpk-zvBRUu2w_nz5p1Y/getupdates HTTP/1.1
[10_12_2015_1_5:2]  [org.telegram.updatesreceivers.UpdatesThread]FINE - [{"update_id":896642633,"message":{"date":1449738302,"chat":{"id":-14952387,"title":"Aw yiss","type":"group"},"message_id":191,"from":{"last_name":"Tan","id":163396337,"first_name":"Wilson"},"text":"/yelp dessert Monterey Park"}}]
[10_12_2015_1_5:2]  [org.telegram.updatesreceivers.UpdatesThread]FINE - POST https://api.telegram.org/bot99536655:AAG_uycvQeXgm-1Cdpk-zvBRUu2w_nz5p1Y/getupdates HTTP/1.1
[10_12_2015_1_5:15]  [org.telegram.updatesreceivers.UpdatesThread]FINE - [{"update_id":896642634,"message":{"date":1449738315,"chat":{"id":-14952387,"title":"Aw yiss","type":"group"},"message_id":193,"from":{"last_name":"Tan","id":163396337,"first_name":"Wilson"},"text":"/yelp chinese Monterey Park"}}]
[10_12_2015_1_5:15]  [org.telegram.updatesreceivers.UpdatesThread]FINE - POST https://api.telegram.org/bot99536655:AAG_uycvQeXgm-1Cdpk-zvBRUu2w_nz5p1Y/getupdates HTTP/1.1
[10_12_2015_1_5:27]  [org.telegram.updatesreceivers.UpdatesThread]FINE - [{"update_id":896642635,"message":{"date":1449738327,"chat":{"id":-14952387,"title":"Aw yiss","type":"group"},"message_id":195,"from":{"last_name":"Tan","id":163396337,"first_name":"Wilson"},"text":"/yelp boba Monterey Park"}}]
[10_12_2015_1_5:27]  [org.telegram.updatesreceivers.UpdatesThread]FINE - POST https://api.telegram.org/bot99536655:AAG_uycvQeXgm-1Cdpk-zvBRUu2w_nz5p1Y/getupdates HTTP/1.1
[10_12_2015_1_5:43]  [org.telegram.updatesreceivers.UpdatesThread]FINE - [{"update_id":896642636,"message":{"date":1449738343,"chat":{"id":-14952387,"title":"Aw yiss","type":"group"},"message_id":197,"from":{"last_name":"Tan","id":163396337,"first_name":"Wilson"},"text":"/yelp boba MontereyPark"}}]
[10_12_2015_1_5:43]  [org.telegram.updatesreceivers.UpdatesThread]FINE - POST https://api.telegram.org/bot99536655:AAG_uycvQeXgm-1Cdpk-zvBRUu2w_nz5p1Y/getupdates HTTP/1.1
[10_12_2015_1_5:53]  [org.telegram.updatesreceivers.UpdatesThread]FINE - [{"update_id":896642637,"message":{"date":1449738353,"chat":{"id":-14952387,"title":"Aw yiss","type":"group"},"message_id":199,"from":{"last_name":"Tan","id":163396337,"first_name":"Wilson"},"text":"/yelp chinese MontereyPark"}}]
[10_12_2015_1_5:53]  [org.telegram.updatesreceivers.UpdatesThread]FINE - POST https://api.telegram.org/bot99536655:AAG_uycvQeXgm-1Cdpk-zvBRUu2w_nz5p1Y/getupdates HTTP/1.1
[10_12_2015_1_5:59]  [org.telegram.updatesreceivers.UpdatesThread]FINE - [{"update_id":896642638,"message":{"date":1449738359,"chat":{"id":-14952387,"title":"Aw yiss","type":"group"},"message_id":201,"from":{"last_name":"Tan","id":163396337,"first_name":"Wilson"},"text":"/yelp dumplings MontereyPark"}}]
[10_12_2015_1_5:59]  [org.telegram.updatesreceivers.UpdatesThread]FINE - POST https://api.telegram.org/bot99536655:AAG_uycvQeXgm-1Cdpk-zvBRUu2w_nz5p1Y/getupdates HTTP/1.1
[10_12_2015_1_6:10]  [org.telegram.updatesreceivers.UpdatesThread]FINE - [{"update_id":896642639,"message":{"date":1449738370,"chat":{"id":-14952387,"title":"Aw yiss","type":"group"},"message_id":203,"from":{"last_name":"Tan","id":163396337,"first_name":"Wilson"},"text":"/yelp dumplings HaciendaHeights"}}]
[10_12_2015_1_6:10]  [org.telegram.updatesreceivers.UpdatesThread]FINE - POST https://api.telegram.org/bot99536655:AAG_uycvQeXgm-1Cdpk-zvBRUu2w_nz5p1Y/getupdates HTTP/1.1
[10_12_2015_1_6:31]  [org.telegram.updatesreceivers.UpdatesThread]FINE - []
[10_12_2015_1_6:32]  [org.telegram.updatesreceivers.UpdatesThread]FINE - POST https://api.telegram.org/bot99536655:AAG_uycvQeXgm-1Cdpk-zvBRUu2w_nz5p1Y/getupdates HTTP/1.1
[10_12_2015_1_6:53]  [org.telegram.updatesreceivers.UpdatesThread]FINE - []
[10_12_2015_1_6:53]  [org.telegram.updatesreceivers.UpdatesThread]FINE - POST https://api.telegram.org/bot99536655:AAG_uycvQeXgm-1Cdpk-zvBRUu2w_nz5p1Y/getupdates HTTP/1.1
[10_12_2015_1_6:59]  [org.telegram.SenderHelper]FINE - {"ok":true,"result":true,"description":"There is no webhook to delete"}
[10_12_2015_1_6:59]  [org.telegram.updatesreceivers.UpdatesThread]FINE - POST https://api.telegram.org/bot99536655:AAG_uycvQeXgm-1Cdpk-zvBRUu2w_nz5p1Y/getupdates HTTP/1.1
[10_12_2015_1_7:12]  [org.telegram.updatesreceivers.UpdatesThread]FINE - [{"update_id":896642640,"message":{"date":1449738432,"chat":{"id":-14952387,"title":"Aw yiss","type":"group"},"message_id":205,"from":{"last_name":"Tan","id":163396337,"first_name":"Wilson"},"text":"/yelp dumplings MontereyPark"}}]
[10_12_2015_1_7:12]  [org.telegram.updatesreceivers.UpdatesThread]FINE - POST https://api.telegram.org/bot99536655:AAG_uycvQeXgm-1Cdpk-zvBRUu2w_nz5p1Y/getupdates HTTP/1.1
[10_12_2015_1_7:33]  [org.telegram.updatesreceivers.UpdatesThread]FINE - []
[10_12_2015_1_7:33]  [org.telegram.updatesreceivers.UpdatesThread]FINE - POST https://api.telegram.org/bot99536655:AAG_uycvQeXgm-1Cdpk-zvBRUu2w_nz5p1Y/getupdates HTTP/1.1
[10_12_2015_1_8:8]  [org.telegram.SenderHelper]FINE - {"ok":true,"result":true,"description":"There is no webhook to delete"}
[10_12_2015_1_8:8]  [org.telegram.updatesreceivers.UpdatesThread]FINE - POST https://api.telegram.org/bot99536655:AAG_uycvQeXgm-1Cdpk-zvBRUu2w_nz5p1Y/getupdates HTTP/1.1
[10_12_2015_1_8:14]  [org.telegram.updatesreceivers.UpdatesThread]FINE - [{"update_id":896642641,"message":{"date":1449738494,"chat":{"id":-14952387,"title":"Aw yiss","type":"group"},"message_id":207,"from":{"last_name":"Tan","id":163396337,"first_name":"Wilson"},"text":"/yelp dumplings MontereyPark"}}]
[10_12_2015_1_8:14]  [org.telegram.updatesreceivers.UpdatesThread]FINE - POST https://api.telegram.org/bot99536655:AAG_uycvQeXgm-1Cdpk-zvBRUu2w_nz5p1Y/getupdates HTTP/1.1
[10_12_2015_1_8:35]  [org.telegram.updatesreceivers.UpdatesThread]FINE - []
[10_12_2015_1_8:35]  [org.telegram.updatesreceivers.UpdatesThread]FINE - POST https://api.telegram.org/bot99536655:AAG_uycvQeXgm-1Cdpk-zvBRUu2w_nz5p1Y/getupdates HTTP/1.1
[10_12_2015_1_8:41]  [org.telegram.updatesreceivers.UpdatesThread]FINE - [{"update_id":896642642,"message":{"date":1449738521,"chat":{"id":-14952387,"title":"Aw yiss","type":"group"},"message_id":209,"from":{"last_name":"Tan","id":163396337,"first_name":"Wilson"},"text":"/yelp desserts tustin"}}]
[10_12_2015_1_8:41]  [org.telegram.updatesreceivers.UpdatesThread]FINE - POST https://api.telegram.org/bot99536655:AAG_uycvQeXgm-1Cdpk-zvBRUu2w_nz5p1Y/getupdates HTTP/1.1
[10_12_2015_1_8:54]  [org.telegram.updatesreceivers.UpdatesThread]FINE - [{"update_id":896642643,"message":{"date":1449738534,"chat":{"id":-14952387,"title":"Aw yiss","type":"group"},"message_id":211,"from":{"last_name":"Tan","id":163396337,"first_name":"Wilson"},"text":"/yelp desserts MontereyPark"}}]
[10_12_2015_1_8:54]  [org.telegram.updatesreceivers.UpdatesThread]FINE - POST https://api.telegram.org/bot99536655:AAG_uycvQeXgm-1Cdpk-zvBRUu2w_nz5p1Y/getupdates HTTP/1.1
[10_12_2015_1_9:5]  [org.telegram.updatesreceivers.UpdatesThread]FINE - [{"update_id":896642644,"message":{"date":1449738545,"chat":{"id":-14952387,"title":"Aw yiss","type":"group"},"message_id":213,"from":{"last_name":"Tan","id":163396337,"first_name":"Wilson"},"text":"/yelp Kbbq MontereyPark"}}]
[10_12_2015_1_9:5]  [org.telegram.updatesreceivers.UpdatesThread]FINE - POST https://api.telegram.org/bot99536655:AAG_uycvQeXgm-1Cdpk-zvBRUu2w_nz5p1Y/getupdates HTTP/1.1
[10_12_2015_1_9:26]  [org.telegram.updatesreceivers.UpdatesThread]FINE - []
[10_12_2015_1_9:26]  [org.telegram.updatesreceivers.UpdatesThread]FINE - POST https://api.telegram.org/bot99536655:AAG_uycvQeXgm-1Cdpk-zvBRUu2w_nz5p1Y/getupdates HTTP/1.1
[10_12_2015_1_9:47]  [org.telegram.updatesreceivers.UpdatesThread]FINE - []
[10_12_2015_1_9:48]  [org.telegram.updatesreceivers.UpdatesThread]FINE - POST https://api.telegram.org/bot99536655:AAG_uycvQeXgm-1Cdpk-zvBRUu2w_nz5p1Y/getupdates HTTP/1.1
[10_12_2015_1_10:9]  [org.telegram.updatesreceivers.UpdatesThread]FINE - []
[10_12_2015_1_10:9]  [org.telegram.updatesreceivers.UpdatesThread]FINE - POST https://api.telegram.org/bot99536655:AAG_uycvQeXgm-1Cdpk-zvBRUu2w_nz5p1Y/getupdates HTTP/1.1
[10_12_2015_1_10:30]  [org.telegram.updatesreceivers.UpdatesThread]FINE - []
[10_12_2015_1_10:30]  [org.telegram.updatesreceivers.UpdatesThread]FINE - POST https://api.telegram.org/bot99536655:AAG_uycvQeXgm-1Cdpk-zvBRUu2w_nz5p1Y/getupdates HTTP/1.1
[10_12_2015_1_10:59]  [org.telegram.SenderHelper]FINE - {"ok":true,"result":true,"description":"There is no webhook to delete"}
[10_12_2015_1_10:59]  [org.telegram.updatesreceivers.UpdatesThread]FINE - POST https://api.telegram.org/bot99536655:AAG_uycvQeXgm-1Cdpk-zvBRUu2w_nz5p1Y/getupdates HTTP/1.1
[10_12_2015_1_11:2]  [org.telegram.updatesreceivers.UpdatesThread]FINE - [{"update_id":896642645,"message":{"date":1449738662,"chat":{"id":-14952387,"title":"Aw yiss","type":"group"},"message_id":215,"from":{"last_name":"Tan","id":163396337,"first_name":"Wilson"},"text":"/yelp desserts MontereyPark"}}]
[10_12_2015_1_11:2]  [org.telegram.updatesreceivers.UpdatesThread]FINE - POST https://api.telegram.org/bot99536655:AAG_uycvQeXgm-1Cdpk-zvBRUu2w_nz5p1Y/getupdates HTTP/1.1
[10_12_2015_1_11:22]  [org.telegram.updatesreceivers.UpdatesThread]FINE - [{"update_id":896642646,"message":{"date":1449738682,"chat":{"id":-14952387,"title":"Aw yiss","type":"group"},"message_id":217,"from":{"last_name":"Tan","id":163396337,"first_name":"Wilson"},"text":"/yelp desserts irvine"}}]
[10_12_2015_1_11:22]  [org.telegram.updatesreceivers.UpdatesThread]FINE - POST https://api.telegram.org/bot99536655:AAG_uycvQeXgm-1Cdpk-zvBRUu2w_nz5p1Y/getupdates HTTP/1.1
[10_12_2015_1_11:43]  [org.telegram.updatesreceivers.UpdatesThread]FINE - []
[10_12_2015_1_11:44]  [org.telegram.updatesreceivers.UpdatesThread]FINE - POST https://api.telegram.org/bot99536655:AAG_uycvQeXgm-1Cdpk-zvBRUu2w_nz5p1Y/getupdates HTTP/1.1
[10_12_2015_1_12:5]  [org.telegram.updatesreceivers.UpdatesThread]FINE - []
[10_12_2015_1_12:5]  [org.telegram.updatesreceivers.UpdatesThread]FINE - POST https://api.telegram.org/bot99536655:AAG_uycvQeXgm-1Cdpk-zvBRUu2w_nz5p1Y/getupdates HTTP/1.1
[10_12_2015_1_12:26]  [org.telegram.updatesreceivers.UpdatesThread]FINE - []
[10_12_2015_1_12:26]  [org.telegram.updatesreceivers.UpdatesThread]FINE - POST https://api.telegram.org/bot99536655:AAG_uycvQeXgm-1Cdpk-zvBRUu2w_nz5p1Y/getupdates HTTP/1.1
[10_12_2015_1_12:47]  [org.telegram.updatesreceivers.UpdatesThread]FINE - []
[10_12_2015_1_12:48]  [org.telegram.updatesreceivers.UpdatesThread]FINE - POST https://api.telegram.org/bot99536655:AAG_uycvQeXgm-1Cdpk-zvBRUu2w_nz5p1Y/getupdates HTTP/1.1
[10_12_2015_1_36:18]  [org.telegram.SenderHelper]FINE - {"ok":true,"result":true,"description":"There is no webhook to delete"}
[10_12_2015_1_36:18]  [org.telegram.updatesreceivers.UpdatesThread]FINE - POST https://api.telegram.org/bot99536655:AAG_uycvQeXgm-1Cdpk-zvBRUu2w_nz5p1Y/getupdates HTTP/1.1
[10_12_2015_1_36:19]  [org.telegram.updatesreceivers.UpdatesThread]FINE - [{"update_id":896642647,"message":{"date":1449740156,"chat":{"last_name":"Tan","id":163396337,"type":"private","first_name":"Wilson"},"message_id":219,"from":{"last_name":"Tan","id":163396337,"first_name":"Wilson"},"text":"/yelp mamalus montereypark"}},{"update_id":896642648,"message":{"date":1449740164,"chat":{"last_name":"Tan","id":163396337,"type":"private","first_name":"Wilson"},"message_id":220,"from":{"last_name":"Tan","id":163396337,"first_name":"Wilson"},"text":"/help"}}]
[10_12_2015_1_36:19]  [org.telegram.updatesreceivers.UpdatesThread]FINE - POST https://api.telegram.org/bot99536655:AAG_uycvQeXgm-1Cdpk-zvBRUu2w_nz5p1Y/getupdates HTTP/1.1
[10_12_2015_1_36:20] SEVERE - java.lang.IndexOutOfBoundsException: Index: 1, Size: 1
	at java.util.ArrayList.rangeCheck(ArrayList.java:653)
	at java.util.ArrayList.get(ArrayList.java:429)
	at org.telegram.newbot.NewBotHandler.handleUpdate(NewBotHandler.java:120)
	at org.telegram.newbot.NewBotHandler.onUpdateReceived(NewBotHandler.java:62)
	at org.telegram.updatesreceivers.UpdatesThread$HandlerThread.run(UpdatesThread.java:137)

[10_12_2015_1_36:21]  [org.telegram.updatesreceivers.UpdatesThread]FINE - [{"update_id":896642649,"message":{"date":1449740181,"chat":{"last_name":"Tan","id":163396337,"type":"private","first_name":"Wilson"},"message_id":222,"from":{"last_name":"Tan","id":163396337,"first_name":"Wilson"},"text":"/help"}}]
[10_12_2015_1_36:21]  [org.telegram.updatesreceivers.UpdatesThread]FINE - POST https://api.telegram.org/bot99536655:AAG_uycvQeXgm-1Cdpk-zvBRUu2w_nz5p1Y/getupdates HTTP/1.1
[10_12_2015_1_36:27]  [org.telegram.updatesreceivers.UpdatesThread]FINE - [{"update_id":896642650,"message":{"date":1449740187,"chat":{"last_name":"Tan","id":163396337,"type":"private","first_name":"Wilson"},"message_id":224,"from":{"last_name":"Tan","id":163396337,"first_name":"Wilson"},"text":"/yelp mamalus montereypark"}}]
[10_12_2015_1_36:27]  [org.telegram.updatesreceivers.UpdatesThread]FINE - POST https://api.telegram.org/bot99536655:AAG_uycvQeXgm-1Cdpk-zvBRUu2w_nz5p1Y/getupdates HTTP/1.1
[10_12_2015_1_36:28] SEVERE - java.lang.IndexOutOfBoundsException: Index: 1, Size: 1
	at java.util.ArrayList.rangeCheck(ArrayList.java:653)
	at java.util.ArrayList.get(ArrayList.java:429)
	at org.telegram.newbot.NewBotHandler.handleUpdate(NewBotHandler.java:120)
	at org.telegram.newbot.NewBotHandler.onUpdateReceived(NewBotHandler.java:62)
	at org.telegram.updatesreceivers.UpdatesThread$HandlerThread.run(UpdatesThread.java:137)

[10_12_2015_1_36:37]  [org.telegram.updatesreceivers.UpdatesThread]FINE - [{"update_id":896642651,"message":{"date":1449740197,"chat":{"last_name":"Tan","id":163396337,"type":"private","first_name":"Wilson"},"message_id":225,"from":{"last_name":"Tan","id":163396337,"first_name":"Wilson"},"text":"/yelp dessert irvine"}}]
[10_12_2015_1_36:37]  [org.telegram.updatesreceivers.UpdatesThread]FINE - POST https://api.telegram.org/bot99536655:AAG_uycvQeXgm-1Cdpk-zvBRUu2w_nz5p1Y/getupdates HTTP/1.1
[10_12_2015_1_36:49]  [org.telegram.updatesreceivers.UpdatesThread]FINE - [{"update_id":896642652,"message":{"date":1449740209,"chat":{"last_name":"Tan","id":163396337,"type":"private","first_name":"Wilson"},"message_id":227,"from":{"last_name":"Tan","id":163396337,"first_name":"Wilson"},"text":"/yelp teabrick montereypark"}}]
[10_12_2015_1_36:49]  [org.telegram.updatesreceivers.UpdatesThread]FINE - POST https://api.telegram.org/bot99536655:AAG_uycvQeXgm-1Cdpk-zvBRUu2w_nz5p1Y/getupdates HTTP/1.1
[10_12_2015_1_36:49] SEVERE - java.lang.IndexOutOfBoundsException: Index: 1, Size: 1
	at java.util.ArrayList.rangeCheck(ArrayList.java:653)
	at java.util.ArrayList.get(ArrayList.java:429)
	at org.telegram.newbot.NewBotHandler.handleUpdate(NewBotHandler.java:120)
	at org.telegram.newbot.NewBotHandler.onUpdateReceived(NewBotHandler.java:62)
	at org.telegram.updatesreceivers.UpdatesThread$HandlerThread.run(UpdatesThread.java:137)

[10_12_2015_1_37:9]  [org.telegram.updatesreceivers.UpdatesThread]FINE - []
[10_12_2015_1_37:10]  [org.telegram.updatesreceivers.UpdatesThread]FINE - POST https://api.telegram.org/bot99536655:AAG_uycvQeXgm-1Cdpk-zvBRUu2w_nz5p1Y/getupdates HTTP/1.1
[10_12_2015_1_37:24]  [org.telegram.updatesreceivers.UpdatesThread]FINE - [{"update_id":896642653,"message":{"date":1449740244,"chat":{"last_name":"Tan","id":163396337,"type":"private","first_name":"Wilson"},"message_id":228,"from":{"last_name":"Tan","id":163396337,"first_name":"Wilson"},"text":"/yelp teabrick montereypark"}}]
[10_12_2015_1_37:24]  [org.telegram.updatesreceivers.UpdatesThread]FINE - POST https://api.telegram.org/bot99536655:AAG_uycvQeXgm-1Cdpk-zvBRUu2w_nz5p1Y/getupdates HTTP/1.1
[10_12_2015_1_37:24] SEVERE - java.lang.IndexOutOfBoundsException: Index: 1, Size: 1
	at java.util.ArrayList.rangeCheck(ArrayList.java:653)
	at java.util.ArrayList.get(ArrayList.java:429)
	at org.telegram.newbot.NewBotHandler.handleUpdate(NewBotHandler.java:120)
	at org.telegram.newbot.NewBotHandler.onUpdateReceived(NewBotHandler.java:62)
	at org.telegram.updatesreceivers.UpdatesThread$HandlerThread.run(UpdatesThread.java:137)

[10_12_2015_1_37:29]  [org.telegram.updatesreceivers.UpdatesThread]FINE - [{"update_id":896642654,"message":{"date":1449740249,"chat":{"last_name":"Tan","id":163396337,"type":"private","first_name":"Wilson"},"message_id":229,"from":{"last_name":"Tan","id":163396337,"first_name":"Wilson"},"text":"/yelp desserts montereypark"}}]
[10_12_2015_1_37:29]  [org.telegram.updatesreceivers.UpdatesThread]FINE - POST https://api.telegram.org/bot99536655:AAG_uycvQeXgm-1Cdpk-zvBRUu2w_nz5p1Y/getupdates HTTP/1.1
[10_12_2015_1_37:50]  [org.telegram.updatesreceivers.UpdatesThread]FINE - []
[10_12_2015_1_37:50]  [org.telegram.updatesreceivers.UpdatesThread]FINE - POST https://api.telegram.org/bot99536655:AAG_uycvQeXgm-1Cdpk-zvBRUu2w_nz5p1Y/getupdates HTTP/1.1
[10_12_2015_1_38:11]  [org.telegram.updatesreceivers.UpdatesThread]FINE - []
[10_12_2015_1_38:11]  [org.telegram.updatesreceivers.UpdatesThread]FINE - POST https://api.telegram.org/bot99536655:AAG_uycvQeXgm-1Cdpk-zvBRUu2w_nz5p1Y/getupdates HTTP/1.1
[10_12_2015_1_38:32]  [org.telegram.updatesreceivers.UpdatesThread]FINE - []
[10_12_2015_1_38:33]  [org.telegram.updatesreceivers.UpdatesThread]FINE - POST https://api.telegram.org/bot99536655:AAG_uycvQeXgm-1Cdpk-zvBRUu2w_nz5p1Y/getupdates HTTP/1.1
[10_12_2015_1_38:54]  [org.telegram.updatesreceivers.UpdatesThread]FINE - []
[10_12_2015_1_38:54]  [org.telegram.updatesreceivers.UpdatesThread]FINE - POST https://api.telegram.org/bot99536655:AAG_uycvQeXgm-1Cdpk-zvBRUu2w_nz5p1Y/getupdates HTTP/1.1
[10_12_2015_1_39:15]  [org.telegram.updatesreceivers.UpdatesThread]FINE - []
[10_12_2015_1_39:16]  [org.telegram.updatesreceivers.UpdatesThread]FINE - POST https://api.telegram.org/bot99536655:AAG_uycvQeXgm-1Cdpk-zvBRUu2w_nz5p1Y/getupdates HTTP/1.1
[10_12_2015_1_39:36]  [org.telegram.updatesreceivers.UpdatesThread]FINE - []
[10_12_2015_1_39:37]  [org.telegram.updatesreceivers.UpdatesThread]FINE - POST https://api.telegram.org/bot99536655:AAG_uycvQeXgm-1Cdpk-zvBRUu2w_nz5p1Y/getupdates HTTP/1.1
[10_12_2015_1_39:58]  [org.telegram.updatesreceivers.UpdatesThread]FINE - []
[10_12_2015_1_39:58]  [org.telegram.updatesreceivers.UpdatesThread]FINE - POST https://api.telegram.org/bot99536655:AAG_uycvQeXgm-1Cdpk-zvBRUu2w_nz5p1Y/getupdates HTTP/1.1
[10_12_2015_1_40:19]  [org.telegram.updatesreceivers.UpdatesThread]FINE - []
[10_12_2015_1_40:19]  [org.telegram.updatesreceivers.UpdatesThread]FINE - POST https://api.telegram.org/bot99536655:AAG_uycvQeXgm-1Cdpk-zvBRUu2w_nz5p1Y/getupdates HTTP/1.1
[10_12_2015_1_40:24]  [org.telegram.SenderHelper]FINE - {"ok":true,"result":true,"description":"There is no webhook to delete"}
[10_12_2015_1_40:24]  [org.telegram.updatesreceivers.UpdatesThread]FINE - POST https://api.telegram.org/bot99536655:AAG_uycvQeXgm-1Cdpk-zvBRUu2w_nz5p1Y/getupdates HTTP/1.1
[10_12_2015_1_40:33]  [org.telegram.updatesreceivers.UpdatesThread]FINE - [{"update_id":896642655,"message":{"date":1449740433,"chat":{"last_name":"Tan","id":163396337,"type":"private","first_name":"Wilson"},"message_id":231,"from":{"last_name":"Tan","id":163396337,"first_name":"Wilson"},"text":"/yelp teabrick montereypark"}}]
[10_12_2015_1_40:33]  [org.telegram.updatesreceivers.UpdatesThread]FINE - POST https://api.telegram.org/bot99536655:AAG_uycvQeXgm-1Cdpk-zvBRUu2w_nz5p1Y/getupdates HTTP/1.1
[10_12_2015_1_40:54]  [org.telegram.updatesreceivers.UpdatesThread]FINE - []
[10_12_2015_1_40:54]  [org.telegram.updatesreceivers.UpdatesThread]FINE - POST https://api.telegram.org/bot99536655:AAG_uycvQeXgm-1Cdpk-zvBRUu2w_nz5p1Y/getupdates HTTP/1.1
[10_12_2015_1_41:15]  [org.telegram.updatesreceivers.UpdatesThread]FINE - []
[10_12_2015_1_41:15]  [org.telegram.updatesreceivers.UpdatesThread]FINE - POST https://api.telegram.org/bot99536655:AAG_uycvQeXgm-1Cdpk-zvBRUu2w_nz5p1Y/getupdates HTTP/1.1
[10_12_2015_1_41:36]  [org.telegram.updatesreceivers.UpdatesThread]FINE - []
[10_12_2015_1_41:37]  [org.telegram.updatesreceivers.UpdatesThread]FINE - POST https://api.telegram.org/bot99536655:AAG_uycvQeXgm-1Cdpk-zvBRUu2w_nz5p1Y/getupdates HTTP/1.1
[10_12_2015_1_41:44]  [org.telegram.SenderHelper]FINE - {"ok":true,"result":true,"description":"There is no webhook to delete"}
[10_12_2015_1_41:45]  [org.telegram.updatesreceivers.UpdatesThread]FINE - POST https://api.telegram.org/bot99536655:AAG_uycvQeXgm-1Cdpk-zvBRUu2w_nz5p1Y/getupdates HTTP/1.1
[10_12_2015_1_41:54]  [org.telegram.updatesreceivers.UpdatesThread]FINE - [{"update_id":896642656,"message":{"date":1449740514,"chat":{"last_name":"Tan","id":163396337,"type":"private","first_name":"Wilson"},"message_id":233,"from":{"last_name":"Tan","id":163396337,"first_name":"Wilson"},"text":"/riki"}}]
[10_12_2015_1_41:54]  [org.telegram.updatesreceivers.UpdatesThread]FINE - POST https://api.telegram.org/bot99536655:AAG_uycvQeXgm-1Cdpk-zvBRUu2w_nz5p1Y/getupdates HTTP/1.1
[10_12_2015_1_42:15]  [org.telegram.updatesreceivers.UpdatesThread]FINE - []
[10_12_2015_1_42:15]  [org.telegram.updatesreceivers.UpdatesThread]FINE - POST https://api.telegram.org/bot99536655:AAG_uycvQeXgm-1Cdpk-zvBRUu2w_nz5p1Y/getupdates HTTP/1.1
[10_12_2015_1_42:27]  [org.telegram.updatesreceivers.UpdatesThread]FINE - [{"update_id":896642657,"message":{"date":1449740547,"chat":{"last_name":"Tan","id":163396337,"type":"private","first_name":"Wilson"},"message_id":235,"from":{"last_name":"Tan","id":163396337,"first_name":"Wilson"},"text":"/yelp mamalus montereypark"}}]
[10_12_2015_1_42:27]  [org.telegram.updatesreceivers.UpdatesThread]FINE - POST https://api.telegram.org/bot99536655:AAG_uycvQeXgm-1Cdpk-zvBRUu2w_nz5p1Y/getupdates HTTP/1.1
[10_12_2015_1_42:48]  [org.telegram.updatesreceivers.UpdatesThread]FINE - []
[10_12_2015_1_42:48]  [org.telegram.updatesreceivers.UpdatesThread]FINE - POST https://api.telegram.org/bot99536655:AAG_uycvQeXgm-1Cdpk-zvBRUu2w_nz5p1Y/getupdates HTTP/1.1
[10_12_2015_1_43:9]  [org.telegram.updatesreceivers.UpdatesThread]FINE - []
[10_12_2015_1_43:9]  [org.telegram.updatesreceivers.UpdatesThread]FINE - POST https://api.telegram.org/bot99536655:AAG_uycvQeXgm-1Cdpk-zvBRUu2w_nz5p1Y/getupdates HTTP/1.1
[10_12_2015_1_43:30]  [org.telegram.updatesreceivers.UpdatesThread]FINE - []
[10_12_2015_1_43:31]  [org.telegram.updatesreceivers.UpdatesThread]FINE - POST https://api.telegram.org/bot99536655:AAG_uycvQeXgm-1Cdpk-zvBRUu2w_nz5p1Y/getupdates HTTP/1.1
[10_12_2015_1_43:52]  [org.telegram.updatesreceivers.UpdatesThread]FINE - []
[10_12_2015_1_43:52]  [org.telegram.updatesreceivers.UpdatesThread]FINE - POST https://api.telegram.org/bot99536655:AAG_uycvQeXgm-1Cdpk-zvBRUu2w_nz5p1Y/getupdates HTTP/1.1
[10_12_2015_1_43:57]  [org.telegram.updatesreceivers.UpdatesThread]FINE - [{"update_id":896642658,"message":{"date":1449740637,"chat":{"last_name":"Tan","id":163396337,"type":"private","first_name":"Wilson"},"message_id":237,"from":{"last_name":"Tan","id":163396337,"first_name":"Wilson"},"text":"/yelp food,restaurants montereypark"}}]
[10_12_2015_1_43:57]  [org.telegram.updatesreceivers.UpdatesThread]FINE - POST https://api.telegram.org/bot99536655:AAG_uycvQeXgm-1Cdpk-zvBRUu2w_nz5p1Y/getupdates HTTP/1.1
[10_12_2015_1_43:57] SEVERE - java.lang.IndexOutOfBoundsException: Index: 0, Size: 0
	at java.util.ArrayList.rangeCheck(ArrayList.java:653)
	at java.util.ArrayList.get(ArrayList.java:429)
	at org.telegram.newbot.NewBotHandler.handleUpdate(NewBotHandler.java:131)
	at org.telegram.newbot.NewBotHandler.onUpdateReceived(NewBotHandler.java:62)
	at org.telegram.updatesreceivers.UpdatesThread$HandlerThread.run(UpdatesThread.java:137)

[10_12_2015_1_44:18]  [org.telegram.updatesreceivers.UpdatesThread]FINE - []
[10_12_2015_1_44:18]  [org.telegram.updatesreceivers.UpdatesThread]FINE - POST https://api.telegram.org/bot99536655:AAG_uycvQeXgm-1Cdpk-zvBRUu2w_nz5p1Y/getupdates HTTP/1.1
