[12_12_2015_18_30:49]  [org.telegram.SenderHelper]FINE - {"ok":true,"result":true,"description":"There is no webhook to delete"}
[12_12_2015_18_30:49]  [org.telegram.updatesreceivers.UpdatesThread]FINE - POST https://api.telegram.org/bot99536655:AAG_uycvQeXgm-1Cdpk-zvBRUu2w_nz5p1Y/getupdates HTTP/1.1
[12_12_2015_18_30:50]  [org.telegram.updatesreceivers.UpdatesThread]FINE - [{"update_id":896642916,"message":{"date":1449893926,"chat":{"id":-14952387,"title":"Aw yiss","type":"group"},"message_id":823,"from":{"id":131858887,"first_name":"Ricky","username":"Rikuu"},"text":"/yelp oyster & Monterey park"}}]
[12_12_2015_18_30:50]  [org.telegram.updatesreceivers.UpdatesThread]FINE - POST https://api.telegram.org/bot99536655:AAG_uycvQeXgm-1Cdpk-zvBRUu2w_nz5p1Y/getupdates HTTP/1.1
[12_12_2015_18_32:10]  [org.telegram.SenderHelper]FINE - {"ok":true,"result":true,"description":"There is no webhook to delete"}
[12_12_2015_18_32:10]  [org.telegram.updatesreceivers.UpdatesThread]FINE - POST https://api.telegram.org/bot99536655:AAG_uycvQeXgm-1Cdpk-zvBRUu2w_nz5p1Y/getupdates HTTP/1.1
[12_12_2015_18_32:15]  [org.telegram.updatesreceivers.UpdatesThread]FINE - [{"update_id":896642917,"message":{"date":1449973936,"chat":{"id":-14952387,"title":"Aw yiss","type":"group"},"message_id":824,"from":{"last_name":"Tan","id":163396337,"first_name":"Wilson"},"text":"/steam"}}]
[12_12_2015_18_32:15]  [org.telegram.updatesreceivers.UpdatesThread]FINE - POST https://api.telegram.org/bot99536655:AAG_uycvQeXgm-1Cdpk-zvBRUu2w_nz5p1Y/getupdates HTTP/1.1
[12_12_2015_18_32:36]  [org.telegram.updatesreceivers.UpdatesThread]FINE - []
[12_12_2015_18_32:36]  [org.telegram.updatesreceivers.UpdatesThread]FINE - POST https://api.telegram.org/bot99536655:AAG_uycvQeXgm-1Cdpk-zvBRUu2w_nz5p1Y/getupdates HTTP/1.1
[12_12_2015_18_32:57]  [org.telegram.updatesreceivers.UpdatesThread]FINE - []
[12_12_2015_18_32:58]  [org.telegram.updatesreceivers.UpdatesThread]FINE - POST https://api.telegram.org/bot99536655:AAG_uycvQeXgm-1Cdpk-zvBRUu2w_nz5p1Y/getupdates HTTP/1.1
[12_12_2015_18_33:19]  [org.telegram.updatesreceivers.UpdatesThread]FINE - []
[12_12_2015_18_33:19]  [org.telegram.updatesreceivers.UpdatesThread]FINE - POST https://api.telegram.org/bot99536655:AAG_uycvQeXgm-1Cdpk-zvBRUu2w_nz5p1Y/getupdates HTTP/1.1
[12_12_2015_18_33:33]  [org.telegram.SenderHelper]FINE - {"ok":true,"result":true,"description":"There is no webhook to delete"}
[12_12_2015_18_33:33]  [org.telegram.updatesreceivers.UpdatesThread]FINE - POST https://api.telegram.org/bot99536655:AAG_uycvQeXgm-1Cdpk-zvBRUu2w_nz5p1Y/getupdates HTTP/1.1
[12_12_2015_18_33:36]  [org.telegram.updatesreceivers.UpdatesThread]FINE - [{"update_id":896642918,"message":{"date":1449974017,"chat":{"last_name":"Tan","id":163396337,"type":"private","first_name":"Wilson"},"message_id":834,"from":{"last_name":"Tan","id":163396337,"first_name":"Wilson"},"text":"/steam"}}]
[12_12_2015_18_33:36]  [org.telegram.updatesreceivers.UpdatesThread]FINE - POST https://api.telegram.org/bot99536655:AAG_uycvQeXgm-1Cdpk-zvBRUu2w_nz5p1Y/getupdates HTTP/1.1
[12_12_2015_18_33:56]  [org.telegram.updatesreceivers.UpdatesThread]FINE - []
[12_12_2015_18_33:57]  [org.telegram.updatesreceivers.UpdatesThread]FINE - POST https://api.telegram.org/bot99536655:AAG_uycvQeXgm-1Cdpk-zvBRUu2w_nz5p1Y/getupdates HTTP/1.1
[12_12_2015_18_34:7]  [org.telegram.SenderHelper]FINE - {"ok":true,"result":true,"description":"There is no webhook to delete"}
[12_12_2015_18_34:7]  [org.telegram.updatesreceivers.UpdatesThread]FINE - POST https://api.telegram.org/bot99536655:AAG_uycvQeXgm-1Cdpk-zvBRUu2w_nz5p1Y/getupdates HTTP/1.1
[12_12_2015_18_34:11]  [org.telegram.updatesreceivers.UpdatesThread]FINE - [{"update_id":896642919,"message":{"date":1449974052,"chat":{"last_name":"Tan","id":163396337,"type":"private","first_name":"Wilson"},"message_id":836,"from":{"last_name":"Tan","id":163396337,"first_name":"Wilson"},"text":"/steam"}}]
[12_12_2015_18_34:11]  [org.telegram.updatesreceivers.UpdatesThread]FINE - POST https://api.telegram.org/bot99536655:AAG_uycvQeXgm-1Cdpk-zvBRUu2w_nz5p1Y/getupdates HTTP/1.1
[12_12_2015_18_34:31]  [org.telegram.updatesreceivers.UpdatesThread]FINE - []
[12_12_2015_18_34:32]  [org.telegram.updatesreceivers.UpdatesThread]FINE - POST https://api.telegram.org/bot99536655:AAG_uycvQeXgm-1Cdpk-zvBRUu2w_nz5p1Y/getupdates HTTP/1.1
[12_12_2015_22_2:22]  [org.telegram.SenderHelper]FINE - {"ok":true,"result":true,"description":"There is no webhook to delete"}
[12_12_2015_22_2:22]  [org.telegram.updatesreceivers.UpdatesThread]FINE - POST https://api.telegram.org/bot99536655:AAG_uycvQeXgm-1Cdpk-zvBRUu2w_nz5p1Y/getupdates HTTP/1.1
[12_12_2015_22_2:27]  [org.telegram.updatesreceivers.UpdatesThread]FINE - [{"update_id":896642920,"message":{"date":1449986547,"chat":{"last_name":"Tan","id":163396337,"type":"private","first_name":"Wilson"},"message_id":838,"from":{"last_name":"Tan","id":163396337,"first_name":"Wilson"},"text":"/steam"}}]
[12_12_2015_22_2:27]  [org.telegram.updatesreceivers.UpdatesThread]FINE - POST https://api.telegram.org/bot99536655:AAG_uycvQeXgm-1Cdpk-zvBRUu2w_nz5p1Y/getupdates HTTP/1.1
[12_12_2015_22_2:37]  [org.telegram.updatesreceivers.UpdatesThread]FINE - [{"update_id":896642921,"message":{"date":1449986557,"chat":{"id":-14952387,"title":"Aw yiss","type":"group"},"message_id":840,"from":{"last_name":"Tan","id":163396337,"first_name":"Wilson"},"text":"/steam"}}]
[12_12_2015_22_2:37]  [org.telegram.updatesreceivers.UpdatesThread]FINE - POST https://api.telegram.org/bot99536655:AAG_uycvQeXgm-1Cdpk-zvBRUu2w_nz5p1Y/getupdates HTTP/1.1
[12_12_2015_22_2:58]  [org.telegram.updatesreceivers.UpdatesThread]FINE - []
[12_12_2015_22_2:59]  [org.telegram.updatesreceivers.UpdatesThread]FINE - POST https://api.telegram.org/bot99536655:AAG_uycvQeXgm-1Cdpk-zvBRUu2w_nz5p1Y/getupdates HTTP/1.1
[12_12_2015_22_3:19]  [org.telegram.updatesreceivers.UpdatesThread]FINE - []
[12_12_2015_22_3:20]  [org.telegram.updatesreceivers.UpdatesThread]FINE - POST https://api.telegram.org/bot99536655:AAG_uycvQeXgm-1Cdpk-zvBRUu2w_nz5p1Y/getupdates HTTP/1.1
[12_12_2015_22_3:24]  [org.telegram.updatesreceivers.UpdatesThread]FINE - [{"update_id":896642922,"message":{"date":1449986604,"chat":{"id":-14952387,"title":"Aw yiss","type":"group"},"message_id":842,"from":{"last_name":"Tan","id":163396337,"first_name":"Wilson"},"text":"/steam"}}]
[12_12_2015_22_3:24]  [org.telegram.updatesreceivers.UpdatesThread]FINE - POST https://api.telegram.org/bot99536655:AAG_uycvQeXgm-1Cdpk-zvBRUu2w_nz5p1Y/getupdates HTTP/1.1
[12_12_2015_22_3:45]  [org.telegram.updatesreceivers.UpdatesThread]FINE - []
[12_12_2015_22_3:46]  [org.telegram.updatesreceivers.UpdatesThread]FINE - POST https://api.telegram.org/bot99536655:AAG_uycvQeXgm-1Cdpk-zvBRUu2w_nz5p1Y/getupdates HTTP/1.1
[12_12_2015_22_3:56]  [org.telegram.SenderHelper]FINE - {"ok":true,"result":true,"description":"There is no webhook to delete"}
[12_12_2015_22_3:56]  [org.telegram.updatesreceivers.UpdatesThread]FINE - POST https://api.telegram.org/bot99536655:AAG_uycvQeXgm-1Cdpk-zvBRUu2w_nz5p1Y/getupdates HTTP/1.1
[12_12_2015_22_4:0]  [org.telegram.updatesreceivers.UpdatesThread]FINE - [{"update_id":896642923,"message":{"date":1449986640,"chat":{"id":-14952387,"title":"Aw yiss","type":"group"},"message_id":844,"from":{"last_name":"Tan","id":163396337,"first_name":"Wilson"},"text":"/steam"}}]
[12_12_2015_22_4:0]  [org.telegram.updatesreceivers.UpdatesThread]FINE - POST https://api.telegram.org/bot99536655:AAG_uycvQeXgm-1Cdpk-zvBRUu2w_nz5p1Y/getupdates HTTP/1.1
[12_12_2015_22_4:21]  [org.telegram.updatesreceivers.UpdatesThread]FINE - []
[12_12_2015_22_4:21]  [org.telegram.updatesreceivers.UpdatesThread]FINE - POST https://api.telegram.org/bot99536655:AAG_uycvQeXgm-1Cdpk-zvBRUu2w_nz5p1Y/getupdates HTTP/1.1
[12_12_2015_22_4:42]  [org.telegram.updatesreceivers.UpdatesThread]FINE - []
[12_12_2015_22_4:43]  [org.telegram.updatesreceivers.UpdatesThread]FINE - POST https://api.telegram.org/bot99536655:AAG_uycvQeXgm-1Cdpk-zvBRUu2w_nz5p1Y/getupdates HTTP/1.1
[12_12_2015_22_5:4]  [org.telegram.updatesreceivers.UpdatesThread]FINE - []
[12_12_2015_22_5:4]  [org.telegram.updatesreceivers.UpdatesThread]FINE - POST https://api.telegram.org/bot99536655:AAG_uycvQeXgm-1Cdpk-zvBRUu2w_nz5p1Y/getupdates HTTP/1.1
[12_12_2015_22_5:25]  [org.telegram.updatesreceivers.UpdatesThread]FINE - []
[12_12_2015_22_5:25]  [org.telegram.updatesreceivers.UpdatesThread]FINE - POST https://api.telegram.org/bot99536655:AAG_uycvQeXgm-1Cdpk-zvBRUu2w_nz5p1Y/getupdates HTTP/1.1
[12_12_2015_22_5:46]  [org.telegram.updatesreceivers.UpdatesThread]FINE - []
[12_12_2015_22_5:47]  [org.telegram.updatesreceivers.UpdatesThread]FINE - POST https://api.telegram.org/bot99536655:AAG_uycvQeXgm-1Cdpk-zvBRUu2w_nz5p1Y/getupdates HTTP/1.1
[12_12_2015_22_6:7]  [org.telegram.updatesreceivers.UpdatesThread]FINE - []
[12_12_2015_22_6:8]  [org.telegram.updatesreceivers.UpdatesThread]FINE - POST https://api.telegram.org/bot99536655:AAG_uycvQeXgm-1Cdpk-zvBRUu2w_nz5p1Y/getupdates HTTP/1.1
[12_12_2015_22_6:29]  [org.telegram.updatesreceivers.UpdatesThread]FINE - []
[12_12_2015_22_6:29]  [org.telegram.updatesreceivers.UpdatesThread]FINE - POST https://api.telegram.org/bot99536655:AAG_uycvQeXgm-1Cdpk-zvBRUu2w_nz5p1Y/getupdates HTTP/1.1
[12_12_2015_22_6:50]  [org.telegram.updatesreceivers.UpdatesThread]FINE - []
[12_12_2015_22_6:50]  [org.telegram.updatesreceivers.UpdatesThread]FINE - POST https://api.telegram.org/bot99536655:AAG_uycvQeXgm-1Cdpk-zvBRUu2w_nz5p1Y/getupdates HTTP/1.1
[12_12_2015_22_7:11]  [org.telegram.updatesreceivers.UpdatesThread]FINE - []
[12_12_2015_22_7:12]  [org.telegram.updatesreceivers.UpdatesThread]FINE - POST https://api.telegram.org/bot99536655:AAG_uycvQeXgm-1Cdpk-zvBRUu2w_nz5p1Y/getupdates HTTP/1.1
[12_12_2015_22_7:33]  [org.telegram.updatesreceivers.UpdatesThread]FINE - []
[12_12_2015_22_7:33]  [org.telegram.updatesreceivers.UpdatesThread]FINE - POST https://api.telegram.org/bot99536655:AAG_uycvQeXgm-1Cdpk-zvBRUu2w_nz5p1Y/getupdates HTTP/1.1
[12_12_2015_22_7:54]  [org.telegram.updatesreceivers.UpdatesThread]FINE - []
[12_12_2015_22_7:54]  [org.telegram.updatesreceivers.UpdatesThread]FINE - POST https://api.telegram.org/bot99536655:AAG_uycvQeXgm-1Cdpk-zvBRUu2w_nz5p1Y/getupdates HTTP/1.1
[12_12_2015_22_8:15]  [org.telegram.updatesreceivers.UpdatesThread]FINE - []
[12_12_2015_22_8:16]  [org.telegram.updatesreceivers.UpdatesThread]FINE - POST https://api.telegram.org/bot99536655:AAG_uycvQeXgm-1Cdpk-zvBRUu2w_nz5p1Y/getupdates HTTP/1.1
[12_12_2015_22_8:36]  [org.telegram.updatesreceivers.UpdatesThread]FINE - []
[12_12_2015_22_8:37]  [org.telegram.updatesreceivers.UpdatesThread]FINE - POST https://api.telegram.org/bot99536655:AAG_uycvQeXgm-1Cdpk-zvBRUu2w_nz5p1Y/getupdates HTTP/1.1
[12_12_2015_22_8:58]  [org.telegram.updatesreceivers.UpdatesThread]FINE - []
[12_12_2015_22_8:58]  [org.telegram.updatesreceivers.UpdatesThread]FINE - POST https://api.telegram.org/bot99536655:AAG_uycvQeXgm-1Cdpk-zvBRUu2w_nz5p1Y/getupdates HTTP/1.1
[12_12_2015_22_9:19]  [org.telegram.updatesreceivers.UpdatesThread]FINE - []
[12_12_2015_22_9:19]  [org.telegram.updatesreceivers.UpdatesThread]FINE - POST https://api.telegram.org/bot99536655:AAG_uycvQeXgm-1Cdpk-zvBRUu2w_nz5p1Y/getupdates HTTP/1.1
[12_12_2015_22_9:40]  [org.telegram.updatesreceivers.UpdatesThread]FINE - []
[12_12_2015_22_9:41]  [org.telegram.updatesreceivers.UpdatesThread]FINE - POST https://api.telegram.org/bot99536655:AAG_uycvQeXgm-1Cdpk-zvBRUu2w_nz5p1Y/getupdates HTTP/1.1
[12_12_2015_22_10:1]  [org.telegram.updatesreceivers.UpdatesThread]FINE - [{"update_id":896642924,"message":{"date":1449987001,"chat":{"last_name":"Tan","id":163396337,"type":"private","first_name":"Wilson"},"message_id":846,"from":{"last_name":"Tan","id":163396337,"first_name":"Wilson"},"text":"https://steamcdn-a.akamaihd.net/steamcommunity/public/images/avatars/bf/bfa4e4bec6f6692b0a020b4cec107eda9e573e0a.jpg"}}]
[12_12_2015_22_10:1]  [org.telegram.updatesreceivers.UpdatesThread]FINE - POST https://api.telegram.org/bot99536655:AAG_uycvQeXgm-1Cdpk-zvBRUu2w_nz5p1Y/getupdates HTTP/1.1
[12_12_2015_22_10:20]  [org.telegram.updatesreceivers.UpdatesThread]FINE - [{"update_id":896642925,"message":{"date":1449987020,"chat":{"last_name":"Tan","id":163396337,"type":"private","first_name":"Wilson"},"message_id":847,"from":{"last_name":"Tan","id":163396337,"first_name":"Wilson"},"text":"https://steamcdn-a.akamaihd.net/steamcommunity/public/images/avatars/bf/bfa4e4bec6f6692b0a020b4cec107eda9e573e0a_medium.jpg"}}]
[12_12_2015_22_10:20]  [org.telegram.updatesreceivers.UpdatesThread]FINE - POST https://api.telegram.org/bot99536655:AAG_uycvQeXgm-1Cdpk-zvBRUu2w_nz5p1Y/getupdates HTTP/1.1
[12_12_2015_22_10:41]  [org.telegram.updatesreceivers.UpdatesThread]FINE - []
[12_12_2015_22_10:41]  [org.telegram.updatesreceivers.UpdatesThread]FINE - POST https://api.telegram.org/bot99536655:AAG_uycvQeXgm-1Cdpk-zvBRUu2w_nz5p1Y/getupdates HTTP/1.1
[12_12_2015_22_11:2]  [org.telegram.updatesreceivers.UpdatesThread]FINE - []
[12_12_2015_22_11:2]  [org.telegram.updatesreceivers.UpdatesThread]FINE - POST https://api.telegram.org/bot99536655:AAG_uycvQeXgm-1Cdpk-zvBRUu2w_nz5p1Y/getupdates HTTP/1.1
[12_12_2015_22_11:23]  [org.telegram.updatesreceivers.UpdatesThread]FINE - []
[12_12_2015_22_11:24]  [org.telegram.updatesreceivers.UpdatesThread]FINE - POST https://api.telegram.org/bot99536655:AAG_uycvQeXgm-1Cdpk-zvBRUu2w_nz5p1Y/getupdates HTTP/1.1
[12_12_2015_22_11:44]  [org.telegram.updatesreceivers.UpdatesThread]FINE - []
[12_12_2015_22_11:45]  [org.telegram.updatesreceivers.UpdatesThread]FINE - POST https://api.telegram.org/bot99536655:AAG_uycvQeXgm-1Cdpk-zvBRUu2w_nz5p1Y/getupdates HTTP/1.1
[12_12_2015_22_12:6]  [org.telegram.updatesreceivers.UpdatesThread]FINE - []
[12_12_2015_22_12:6]  [org.telegram.updatesreceivers.UpdatesThread]FINE - POST https://api.telegram.org/bot99536655:AAG_uycvQeXgm-1Cdpk-zvBRUu2w_nz5p1Y/getupdates HTTP/1.1
[12_12_2015_22_12:27]  [org.telegram.updatesreceivers.UpdatesThread]FINE - []
[12_12_2015_22_12:27]  [org.telegram.updatesreceivers.UpdatesThread]FINE - POST https://api.telegram.org/bot99536655:AAG_uycvQeXgm-1Cdpk-zvBRUu2w_nz5p1Y/getupdates HTTP/1.1
[12_12_2015_22_12:48]  [org.telegram.updatesreceivers.UpdatesThread]FINE - []
[12_12_2015_22_12:49]  [org.telegram.updatesreceivers.UpdatesThread]FINE - POST https://api.telegram.org/bot99536655:AAG_uycvQeXgm-1Cdpk-zvBRUu2w_nz5p1Y/getupdates HTTP/1.1
[12_12_2015_22_13:9]  [org.telegram.updatesreceivers.UpdatesThread]FINE - []
[12_12_2015_22_13:10]  [org.telegram.updatesreceivers.UpdatesThread]FINE - POST https://api.telegram.org/bot99536655:AAG_uycvQeXgm-1Cdpk-zvBRUu2w_nz5p1Y/getupdates HTTP/1.1
[12_12_2015_22_13:31]  [org.telegram.updatesreceivers.UpdatesThread]FINE - []
[12_12_2015_22_13:31]  [org.telegram.updatesreceivers.UpdatesThread]FINE - POST https://api.telegram.org/bot99536655:AAG_uycvQeXgm-1Cdpk-zvBRUu2w_nz5p1Y/getupdates HTTP/1.1
[12_12_2015_22_13:52]  [org.telegram.updatesreceivers.UpdatesThread]FINE - []
[12_12_2015_22_13:53]  [org.telegram.updatesreceivers.UpdatesThread]FINE - POST https://api.telegram.org/bot99536655:AAG_uycvQeXgm-1Cdpk-zvBRUu2w_nz5p1Y/getupdates HTTP/1.1
[12_12_2015_22_14:13]  [org.telegram.updatesreceivers.UpdatesThread]FINE - []
[12_12_2015_22_14:14]  [org.telegram.updatesreceivers.UpdatesThread]FINE - POST https://api.telegram.org/bot99536655:AAG_uycvQeXgm-1Cdpk-zvBRUu2w_nz5p1Y/getupdates HTTP/1.1
[12_12_2015_22_14:35]  [org.telegram.updatesreceivers.UpdatesThread]FINE - []
[12_12_2015_22_14:35]  [org.telegram.updatesreceivers.UpdatesThread]FINE - POST https://api.telegram.org/bot99536655:AAG_uycvQeXgm-1Cdpk-zvBRUu2w_nz5p1Y/getupdates HTTP/1.1
[12_12_2015_22_14:56]  [org.telegram.updatesreceivers.UpdatesThread]FINE - []
[12_12_2015_22_14:57]  [org.telegram.updatesreceivers.UpdatesThread]FINE - POST https://api.telegram.org/bot99536655:AAG_uycvQeXgm-1Cdpk-zvBRUu2w_nz5p1Y/getupdates HTTP/1.1
[12_12_2015_22_15:17]  [org.telegram.updatesreceivers.UpdatesThread]FINE - []
[12_12_2015_22_15:18]  [org.telegram.updatesreceivers.UpdatesThread]FINE - POST https://api.telegram.org/bot99536655:AAG_uycvQeXgm-1Cdpk-zvBRUu2w_nz5p1Y/getupdates HTTP/1.1
[12_12_2015_22_15:39]  [org.telegram.updatesreceivers.UpdatesThread]FINE - []
[12_12_2015_22_15:39]  [org.telegram.updatesreceivers.UpdatesThread]FINE - POST https://api.telegram.org/bot99536655:AAG_uycvQeXgm-1Cdpk-zvBRUu2w_nz5p1Y/getupdates HTTP/1.1
[12_12_2015_22_16:0]  [org.telegram.updatesreceivers.UpdatesThread]FINE - []
[12_12_2015_22_16:0]  [org.telegram.updatesreceivers.UpdatesThread]FINE - POST https://api.telegram.org/bot99536655:AAG_uycvQeXgm-1Cdpk-zvBRUu2w_nz5p1Y/getupdates HTTP/1.1
[12_12_2015_22_16:21]  [org.telegram.updatesreceivers.UpdatesThread]FINE - []
[12_12_2015_22_16:21]  [org.telegram.updatesreceivers.UpdatesThread]FINE - POST https://api.telegram.org/bot99536655:AAG_uycvQeXgm-1Cdpk-zvBRUu2w_nz5p1Y/getupdates HTTP/1.1
[12_12_2015_22_16:42]  [org.telegram.updatesreceivers.UpdatesThread]FINE - []
[12_12_2015_22_16:43]  [org.telegram.updatesreceivers.UpdatesThread]FINE - POST https://api.telegram.org/bot99536655:AAG_uycvQeXgm-1Cdpk-zvBRUu2w_nz5p1Y/getupdates HTTP/1.1
[12_12_2015_22_17:4]  [org.telegram.updatesreceivers.UpdatesThread]FINE - []
[12_12_2015_22_17:4]  [org.telegram.updatesreceivers.UpdatesThread]FINE - POST https://api.telegram.org/bot99536655:AAG_uycvQeXgm-1Cdpk-zvBRUu2w_nz5p1Y/getupdates HTTP/1.1
[12_12_2015_22_17:25]  [org.telegram.updatesreceivers.UpdatesThread]FINE - []
[12_12_2015_22_17:25]  [org.telegram.updatesreceivers.UpdatesThread]FINE - POST https://api.telegram.org/bot99536655:AAG_uycvQeXgm-1Cdpk-zvBRUu2w_nz5p1Y/getupdates HTTP/1.1
[12_12_2015_22_17:46]  [org.telegram.updatesreceivers.UpdatesThread]FINE - []
[12_12_2015_22_17:47]  [org.telegram.updatesreceivers.UpdatesThread]FINE - POST https://api.telegram.org/bot99536655:AAG_uycvQeXgm-1Cdpk-zvBRUu2w_nz5p1Y/getupdates HTTP/1.1
[12_12_2015_22_18:7]  [org.telegram.updatesreceivers.UpdatesThread]FINE - []
[12_12_2015_22_18:8]  [org.telegram.updatesreceivers.UpdatesThread]FINE - POST https://api.telegram.org/bot99536655:AAG_uycvQeXgm-1Cdpk-zvBRUu2w_nz5p1Y/getupdates HTTP/1.1
[12_12_2015_22_18:29]  [org.telegram.updatesreceivers.UpdatesThread]FINE - []
[12_12_2015_22_18:29]  [org.telegram.updatesreceivers.UpdatesThread]FINE - POST https://api.telegram.org/bot99536655:AAG_uycvQeXgm-1Cdpk-zvBRUu2w_nz5p1Y/getupdates HTTP/1.1
[12_12_2015_22_18:50]  [org.telegram.updatesreceivers.UpdatesThread]FINE - []
[12_12_2015_22_18:50]  [org.telegram.updatesreceivers.UpdatesThread]FINE - POST https://api.telegram.org/bot99536655:AAG_uycvQeXgm-1Cdpk-zvBRUu2w_nz5p1Y/getupdates HTTP/1.1
[12_12_2015_22_19:11]  [org.telegram.updatesreceivers.UpdatesThread]FINE - []
[12_12_2015_22_19:12]  [org.telegram.updatesreceivers.UpdatesThread]FINE - POST https://api.telegram.org/bot99536655:AAG_uycvQeXgm-1Cdpk-zvBRUu2w_nz5p1Y/getupdates HTTP/1.1
[12_12_2015_22_19:32]  [org.telegram.updatesreceivers.UpdatesThread]FINE - []
[12_12_2015_22_19:33]  [org.telegram.updatesreceivers.UpdatesThread]FINE - POST https://api.telegram.org/bot99536655:AAG_uycvQeXgm-1Cdpk-zvBRUu2w_nz5p1Y/getupdates HTTP/1.1
[12_12_2015_22_19:54]  [org.telegram.updatesreceivers.UpdatesThread]FINE - []
[12_12_2015_22_19:54]  [org.telegram.updatesreceivers.UpdatesThread]FINE - POST https://api.telegram.org/bot99536655:AAG_uycvQeXgm-1Cdpk-zvBRUu2w_nz5p1Y/getupdates HTTP/1.1
[12_12_2015_22_20:15]  [org.telegram.updatesreceivers.UpdatesThread]FINE - []
[12_12_2015_22_20:15]  [org.telegram.updatesreceivers.UpdatesThread]FINE - POST https://api.telegram.org/bot99536655:AAG_uycvQeXgm-1Cdpk-zvBRUu2w_nz5p1Y/getupdates HTTP/1.1
[12_12_2015_22_20:36]  [org.telegram.updatesreceivers.UpdatesThread]FINE - []
[12_12_2015_22_20:37]  [org.telegram.updatesreceivers.UpdatesThread]FINE - POST https://api.telegram.org/bot99536655:AAG_uycvQeXgm-1Cdpk-zvBRUu2w_nz5p1Y/getupdates HTTP/1.1
[12_12_2015_22_20:58]  [org.telegram.updatesreceivers.UpdatesThread]FINE - []
[12_12_2015_22_20:58]  [org.telegram.updatesreceivers.UpdatesThread]FINE - POST https://api.telegram.org/bot99536655:AAG_uycvQeXgm-1Cdpk-zvBRUu2w_nz5p1Y/getupdates HTTP/1.1
[12_12_2015_22_21:19]  [org.telegram.updatesreceivers.UpdatesThread]FINE - []
[12_12_2015_22_21:19]  [org.telegram.updatesreceivers.UpdatesThread]FINE - POST https://api.telegram.org/bot99536655:AAG_uycvQeXgm-1Cdpk-zvBRUu2w_nz5p1Y/getupdates HTTP/1.1
[12_12_2015_22_21:40]  [org.telegram.updatesreceivers.UpdatesThread]FINE - []
[12_12_2015_22_21:41]  [org.telegram.updatesreceivers.UpdatesThread]FINE - POST https://api.telegram.org/bot99536655:AAG_uycvQeXgm-1Cdpk-zvBRUu2w_nz5p1Y/getupdates HTTP/1.1
[12_12_2015_22_22:1]  [org.telegram.updatesreceivers.UpdatesThread]FINE - []
[12_12_2015_22_22:2]  [org.telegram.updatesreceivers.UpdatesThread]FINE - POST https://api.telegram.org/bot99536655:AAG_uycvQeXgm-1Cdpk-zvBRUu2w_nz5p1Y/getupdates HTTP/1.1
[12_12_2015_22_22:23]  [org.telegram.updatesreceivers.UpdatesThread]FINE - []
[12_12_2015_22_22:23]  [org.telegram.updatesreceivers.UpdatesThread]FINE - POST https://api.telegram.org/bot99536655:AAG_uycvQeXgm-1Cdpk-zvBRUu2w_nz5p1Y/getupdates HTTP/1.1
[12_12_2015_22_22:44]  [org.telegram.updatesreceivers.UpdatesThread]FINE - []
[12_12_2015_22_22:44]  [org.telegram.updatesreceivers.UpdatesThread]FINE - POST https://api.telegram.org/bot99536655:AAG_uycvQeXgm-1Cdpk-zvBRUu2w_nz5p1Y/getupdates HTTP/1.1
[12_12_2015_22_23:5]  [org.telegram.updatesreceivers.UpdatesThread]FINE - []
[12_12_2015_22_23:6]  [org.telegram.updatesreceivers.UpdatesThread]FINE - POST https://api.telegram.org/bot99536655:AAG_uycvQeXgm-1Cdpk-zvBRUu2w_nz5p1Y/getupdates HTTP/1.1
[12_12_2015_22_23:26]  [org.telegram.updatesreceivers.UpdatesThread]FINE - []
[12_12_2015_22_23:27]  [org.telegram.updatesreceivers.UpdatesThread]FINE - POST https://api.telegram.org/bot99536655:AAG_uycvQeXgm-1Cdpk-zvBRUu2w_nz5p1Y/getupdates HTTP/1.1
[12_12_2015_22_23:48]  [org.telegram.updatesreceivers.UpdatesThread]FINE - []
[12_12_2015_22_23:48]  [org.telegram.updatesreceivers.UpdatesThread]FINE - POST https://api.telegram.org/bot99536655:AAG_uycvQeXgm-1Cdpk-zvBRUu2w_nz5p1Y/getupdates HTTP/1.1
[12_12_2015_22_24:9]  [org.telegram.updatesreceivers.UpdatesThread]FINE - []
[12_12_2015_22_24:10]  [org.telegram.updatesreceivers.UpdatesThread]FINE - POST https://api.telegram.org/bot99536655:AAG_uycvQeXgm-1Cdpk-zvBRUu2w_nz5p1Y/getupdates HTTP/1.1
[12_12_2015_22_24:30]  [org.telegram.updatesreceivers.UpdatesThread]FINE - []
[12_12_2015_22_24:31]  [org.telegram.updatesreceivers.UpdatesThread]FINE - POST https://api.telegram.org/bot99536655:AAG_uycvQeXgm-1Cdpk-zvBRUu2w_nz5p1Y/getupdates HTTP/1.1
[12_12_2015_22_24:52]  [org.telegram.updatesreceivers.UpdatesThread]FINE - []
[12_12_2015_22_24:52]  [org.telegram.updatesreceivers.UpdatesThread]FINE - POST https://api.telegram.org/bot99536655:AAG_uycvQeXgm-1Cdpk-zvBRUu2w_nz5p1Y/getupdates HTTP/1.1
[12_12_2015_22_25:13]  [org.telegram.updatesreceivers.UpdatesThread]FINE - []
[12_12_2015_22_25:13]  [org.telegram.updatesreceivers.UpdatesThread]FINE - POST https://api.telegram.org/bot99536655:AAG_uycvQeXgm-1Cdpk-zvBRUu2w_nz5p1Y/getupdates HTTP/1.1
[12_12_2015_22_25:34]  [org.telegram.updatesreceivers.UpdatesThread]FINE - []
[12_12_2015_22_25:35]  [org.telegram.updatesreceivers.UpdatesThread]FINE - POST https://api.telegram.org/bot99536655:AAG_uycvQeXgm-1Cdpk-zvBRUu2w_nz5p1Y/getupdates HTTP/1.1
[12_12_2015_22_25:55]  [org.telegram.updatesreceivers.UpdatesThread]FINE - []
[12_12_2015_22_25:56]  [org.telegram.updatesreceivers.UpdatesThread]FINE - POST https://api.telegram.org/bot99536655:AAG_uycvQeXgm-1Cdpk-zvBRUu2w_nz5p1Y/getupdates HTTP/1.1
[12_12_2015_22_26:17]  [org.telegram.updatesreceivers.UpdatesThread]FINE - []
[12_12_2015_22_26:17]  [org.telegram.updatesreceivers.UpdatesThread]FINE - POST https://api.telegram.org/bot99536655:AAG_uycvQeXgm-1Cdpk-zvBRUu2w_nz5p1Y/getupdates HTTP/1.1
[12_12_2015_22_26:38]  [org.telegram.updatesreceivers.UpdatesThread]FINE - []
[12_12_2015_22_26:38]  [org.telegram.updatesreceivers.UpdatesThread]FINE - POST https://api.telegram.org/bot99536655:AAG_uycvQeXgm-1Cdpk-zvBRUu2w_nz5p1Y/getupdates HTTP/1.1
[12_12_2015_22_26:59]  [org.telegram.updatesreceivers.UpdatesThread]FINE - []
[12_12_2015_22_27:0]  [org.telegram.updatesreceivers.UpdatesThread]FINE - POST https://api.telegram.org/bot99536655:AAG_uycvQeXgm-1Cdpk-zvBRUu2w_nz5p1Y/getupdates HTTP/1.1
[12_12_2015_22_27:20]  [org.telegram.updatesreceivers.UpdatesThread]FINE - []
[12_12_2015_22_27:21]  [org.telegram.updatesreceivers.UpdatesThread]FINE - POST https://api.telegram.org/bot99536655:AAG_uycvQeXgm-1Cdpk-zvBRUu2w_nz5p1Y/getupdates HTTP/1.1
[12_12_2015_22_27:41]  [org.telegram.updatesreceivers.UpdatesThread]FINE - []
[12_12_2015_22_27:42]  [org.telegram.updatesreceivers.UpdatesThread]FINE - POST https://api.telegram.org/bot99536655:AAG_uycvQeXgm-1Cdpk-zvBRUu2w_nz5p1Y/getupdates HTTP/1.1
[12_12_2015_22_28:3]  [org.telegram.updatesreceivers.UpdatesThread]FINE - []
[12_12_2015_22_28:3]  [org.telegram.updatesreceivers.UpdatesThread]FINE - POST https://api.telegram.org/bot99536655:AAG_uycvQeXgm-1Cdpk-zvBRUu2w_nz5p1Y/getupdates HTTP/1.1
[12_12_2015_22_28:24]  [org.telegram.updatesreceivers.UpdatesThread]FINE - []
[12_12_2015_22_28:24]  [org.telegram.updatesreceivers.UpdatesThread]FINE - POST https://api.telegram.org/bot99536655:AAG_uycvQeXgm-1Cdpk-zvBRUu2w_nz5p1Y/getupdates HTTP/1.1
[12_12_2015_22_28:45]  [org.telegram.updatesreceivers.UpdatesThread]FINE - []
[12_12_2015_22_28:46]  [org.telegram.updatesreceivers.UpdatesThread]FINE - POST https://api.telegram.org/bot99536655:AAG_uycvQeXgm-1Cdpk-zvBRUu2w_nz5p1Y/getupdates HTTP/1.1
[12_12_2015_22_29:6]  [org.telegram.updatesreceivers.UpdatesThread]FINE - []
[12_12_2015_22_29:7]  [org.telegram.updatesreceivers.UpdatesThread]FINE - POST https://api.telegram.org/bot99536655:AAG_uycvQeXgm-1Cdpk-zvBRUu2w_nz5p1Y/getupdates HTTP/1.1
[12_12_2015_22_29:28]  [org.telegram.updatesreceivers.UpdatesThread]FINE - []
[12_12_2015_22_29:28]  [org.telegram.updatesreceivers.UpdatesThread]FINE - POST https://api.telegram.org/bot99536655:AAG_uycvQeXgm-1Cdpk-zvBRUu2w_nz5p1Y/getupdates HTTP/1.1
[12_12_2015_22_29:49]  [org.telegram.updatesreceivers.UpdatesThread]FINE - []
[12_12_2015_22_29:49]  [org.telegram.updatesreceivers.UpdatesThread]FINE - POST https://api.telegram.org/bot99536655:AAG_uycvQeXgm-1Cdpk-zvBRUu2w_nz5p1Y/getupdates HTTP/1.1
[12_12_2015_22_30:9]  [org.telegram.updatesreceivers.UpdatesThread]FINE - [{"update_id":896642926,"message":{"date":1449988210,"chat":{"id":-14952387,"title":"Aw yiss","type":"group"},"message_id":848,"from":{"last_name":"Dea","id":141894529,"first_name":"Johnson","username":"JDeasaur"},"text":"/steam"}}]
[12_12_2015_22_30:9]  [org.telegram.updatesreceivers.UpdatesThread]FINE - POST https://api.telegram.org/bot99536655:AAG_uycvQeXgm-1Cdpk-zvBRUu2w_nz5p1Y/getupdates HTTP/1.1
[12_12_2015_22_30:30]  [org.telegram.updatesreceivers.UpdatesThread]FINE - []
[12_12_2015_22_30:31]  [org.telegram.updatesreceivers.UpdatesThread]FINE - POST https://api.telegram.org/bot99536655:AAG_uycvQeXgm-1Cdpk-zvBRUu2w_nz5p1Y/getupdates HTTP/1.1
[12_12_2015_22_30:48]  [org.telegram.updatesreceivers.UpdatesThread]FINE - [{"update_id":896642927,"message":{"date":1449988248,"chat":{"id":-14952387,"title":"Aw yiss","type":"group"},"message_id":850,"from":{"last_name":"Dea","id":141894529,"first_name":"Johnson","username":"JDeasaur"},"text":"/yelp Boba @ Irvine"}}]
[12_12_2015_22_30:48]  [org.telegram.updatesreceivers.UpdatesThread]FINE - POST https://api.telegram.org/bot99536655:AAG_uycvQeXgm-1Cdpk-zvBRUu2w_nz5p1Y/getupdates HTTP/1.1
[12_12_2015_22_31:0]  [org.telegram.updatesreceivers.UpdatesThread]FINE - [{"update_id":896642928,"message":{"date":1449988261,"chat":{"id":-14952387,"title":"Aw yiss","type":"group"},"message_id":854,"from":{"last_name":"Tan","id":163396337,"first_name":"Wilson"},"text":"/next"}}]
[12_12_2015_22_31:0]  [org.telegram.updatesreceivers.UpdatesThread]FINE - POST https://api.telegram.org/bot99536655:AAG_uycvQeXgm-1Cdpk-zvBRUu2w_nz5p1Y/getupdates HTTP/1.1
[12_12_2015_22_31:21]  [org.telegram.updatesreceivers.UpdatesThread]FINE - []
[12_12_2015_22_31:22]  [org.telegram.updatesreceivers.UpdatesThread]FINE - POST https://api.telegram.org/bot99536655:AAG_uycvQeXgm-1Cdpk-zvBRUu2w_nz5p1Y/getupdates HTTP/1.1
[12_12_2015_22_31:38]  [org.telegram.updatesreceivers.UpdatesThread]FINE - [{"update_id":896642929,"message":{"date":1449988298,"chat":{"id":-14952387,"title":"Aw yiss","type":"group"},"message_id":858,"from":{"last_name":"Dea","id":141894529,"first_name":"Johnson","username":"JDeasaur"},"text":"/prev"}}]
[12_12_2015_22_31:38]  [org.telegram.updatesreceivers.UpdatesThread]FINE - POST https://api.telegram.org/bot99536655:AAG_uycvQeXgm-1Cdpk-zvBRUu2w_nz5p1Y/getupdates HTTP/1.1
[12_12_2015_22_31:49]  [org.telegram.updatesreceivers.UpdatesThread]FINE - [{"update_id":896642930,"message":{"date":1449988309,"chat":{"id":-14952387,"title":"Aw yiss","type":"group"},"message_id":862,"from":{"last_name":"Dea","id":141894529,"first_name":"Johnson","username":"JDeasaur"},"text":"/steam"}}]
[12_12_2015_22_31:49]  [org.telegram.updatesreceivers.UpdatesThread]FINE - POST https://api.telegram.org/bot99536655:AAG_uycvQeXgm-1Cdpk-zvBRUu2w_nz5p1Y/getupdates HTTP/1.1
[12_12_2015_22_31:57]  [org.telegram.updatesreceivers.UpdatesThread]FINE - [{"update_id":896642931,"message":{"date":1449988317,"chat":{"id":-14952387,"title":"Aw yiss","type":"group"},"message_id":864,"from":{"last_name":"Dea","id":141894529,"first_name":"Johnson","username":"JDeasaur"},"text":"/help"}}]
[12_12_2015_22_31:57]  [org.telegram.updatesreceivers.UpdatesThread]FINE - POST https://api.telegram.org/bot99536655:AAG_uycvQeXgm-1Cdpk-zvBRUu2w_nz5p1Y/getupdates HTTP/1.1
[12_12_2015_22_32:11]  [org.telegram.updatesreceivers.UpdatesThread]FINE - [{"update_id":896642932,"message":{"date":1449988331,"chat":{"id":-14952387,"title":"Aw yiss","type":"group"},"message_id":865,"from":{"last_name":"Tan","id":163396337,"first_name":"Wilson"},"text":"/help@BOYZbot"}}]
[12_12_2015_22_32:11]  [org.telegram.updatesreceivers.UpdatesThread]FINE - POST https://api.telegram.org/bot99536655:AAG_uycvQeXgm-1Cdpk-zvBRUu2w_nz5p1Y/getupdates HTTP/1.1
[12_12_2015_22_32:20]  [org.telegram.updatesreceivers.UpdatesThread]FINE - [{"update_id":896642933,"message":{"date":1449988340,"chat":{"id":-14952387,"title":"Aw yiss","type":"group"},"message_id":866,"from":{"last_name":"Tan","id":163396337,"first_name":"Wilson"},"text":"/help"}}]
[12_12_2015_22_32:20]  [org.telegram.updatesreceivers.UpdatesThread]FINE - POST https://api.telegram.org/bot99536655:AAG_uycvQeXgm-1Cdpk-zvBRUu2w_nz5p1Y/getupdates HTTP/1.1
[12_12_2015_22_32:41]  [org.telegram.updatesreceivers.UpdatesThread]FINE - []
[12_12_2015_22_32:42]  [org.telegram.updatesreceivers.UpdatesThread]FINE - POST https://api.telegram.org/bot99536655:AAG_uycvQeXgm-1Cdpk-zvBRUu2w_nz5p1Y/getupdates HTTP/1.1
[12_12_2015_22_32:55]  [org.telegram.updatesreceivers.UpdatesThread]FINE - [{"update_id":896642934,"message":{"date":1449988376,"chat":{"id":-14952387,"title":"Aw yiss","type":"group"},"message_id":867,"from":{"last_name":"Dea","id":141894529,"first_name":"Johnson","username":"JDeasaur"},"text":"/yelp ice cream @ Irvine"}}]
[12_12_2015_22_32:55]  [org.telegram.updatesreceivers.UpdatesThread]FINE - POST https://api.telegram.org/bot99536655:AAG_uycvQeXgm-1Cdpk-zvBRUu2w_nz5p1Y/getupdates HTTP/1.1
[12_12_2015_22_33:16]  [org.telegram.updatesreceivers.UpdatesThread]FINE - [{"update_id":896642935,"message":{"date":1449988396,"chat":{"id":-14952387,"title":"Aw yiss","type":"group"},"message_id":868,"from":{"last_name":"Dea","id":141894529,"first_name":"Johnson","username":"JDeasaur"},"text":"/yelp dessert @ Irvine"}}]
[12_12_2015_22_33:16]  [org.telegram.updatesreceivers.UpdatesThread]FINE - POST https://api.telegram.org/bot99536655:AAG_uycvQeXgm-1Cdpk-zvBRUu2w_nz5p1Y/getupdates HTTP/1.1
[12_12_2015_22_33:37]  [org.telegram.updatesreceivers.UpdatesThread]FINE - []
[12_12_2015_22_33:38]  [org.telegram.updatesreceivers.UpdatesThread]FINE - POST https://api.telegram.org/bot99536655:AAG_uycvQeXgm-1Cdpk-zvBRUu2w_nz5p1Y/getupdates HTTP/1.1
[12_12_2015_22_33:58]  [org.telegram.updatesreceivers.UpdatesThread]FINE - []
[12_12_2015_22_33:59]  [org.telegram.updatesreceivers.UpdatesThread]FINE - POST https://api.telegram.org/bot99536655:AAG_uycvQeXgm-1Cdpk-zvBRUu2w_nz5p1Y/getupdates HTTP/1.1
[12_12_2015_22_34:11]  [org.telegram.SenderHelper]FINE - {"ok":true,"result":true,"description":"There is no webhook to delete"}
[12_12_2015_22_34:11]  [org.telegram.updatesreceivers.UpdatesThread]FINE - POST https://api.telegram.org/bot99536655:AAG_uycvQeXgm-1Cdpk-zvBRUu2w_nz5p1Y/getupdates HTTP/1.1
[12_12_2015_22_34:18]  [org.telegram.updatesreceivers.UpdatesThread]FINE - [{"update_id":896642936,"message":{"date":1449988458,"chat":{"id":-14952387,"title":"Aw yiss","type":"group"},"message_id":869,"from":{"last_name":"Tan","id":163396337,"first_name":"Wilson"},"text":"/yelp ice cream @ irvine"}}]
[12_12_2015_22_34:18]  [org.telegram.updatesreceivers.UpdatesThread]FINE - POST https://api.telegram.org/bot99536655:AAG_uycvQeXgm-1Cdpk-zvBRUu2w_nz5p1Y/getupdates HTTP/1.1
[12_12_2015_22_34:24]  [org.telegram.updatesreceivers.UpdatesThread]FINE - [{"update_id":896642937,"message":{"date":1449988464,"chat":{"id":-14952387,"title":"Aw yiss","type":"group"},"message_id":873,"from":{"last_name":"Tan","id":163396337,"first_name":"Wilson"},"text":"/help"}}]
[12_12_2015_22_34:24]  [org.telegram.updatesreceivers.UpdatesThread]FINE - POST https://api.telegram.org/bot99536655:AAG_uycvQeXgm-1Cdpk-zvBRUu2w_nz5p1Y/getupdates HTTP/1.1
[12_12_2015_22_34:45]  [org.telegram.updatesreceivers.UpdatesThread]FINE - []
[12_12_2015_22_34:45]  [org.telegram.updatesreceivers.UpdatesThread]FINE - POST https://api.telegram.org/bot99536655:AAG_uycvQeXgm-1Cdpk-zvBRUu2w_nz5p1Y/getupdates HTTP/1.1
[12_12_2015_22_34:51]  [org.telegram.updatesreceivers.UpdatesThread]FINE - [{"update_id":896642938,"message":{"date":1449988491,"chat":{"id":-14952387,"title":"Aw yiss","type":"group"},"message_id":875,"from":{"last_name":"Tan","id":163396337,"first_name":"Wilson"},"text":"/help"}}]
[12_12_2015_22_34:51]  [org.telegram.updatesreceivers.UpdatesThread]FINE - POST https://api.telegram.org/bot99536655:AAG_uycvQeXgm-1Cdpk-zvBRUu2w_nz5p1Y/getupdates HTTP/1.1
[12_12_2015_22_35:8]  [org.telegram.updatesreceivers.UpdatesThread]FINE - [{"update_id":896642939,"message":{"date":1449988508,"chat":{"id":-14952387,"title":"Aw yiss","type":"group"},"message_id":877,"from":{"last_name":"Tan","id":163396337,"first_name":"Wilson"},"text":"/steam"}}]
[12_12_2015_22_35:8]  [org.telegram.updatesreceivers.UpdatesThread]FINE - POST https://api.telegram.org/bot99536655:AAG_uycvQeXgm-1Cdpk-zvBRUu2w_nz5p1Y/getupdates HTTP/1.1
[12_12_2015_22_35:29]  [org.telegram.updatesreceivers.UpdatesThread]FINE - []
[12_12_2015_22_35:29]  [org.telegram.updatesreceivers.UpdatesThread]FINE - POST https://api.telegram.org/bot99536655:AAG_uycvQeXgm-1Cdpk-zvBRUu2w_nz5p1Y/getupdates HTTP/1.1
[12_12_2015_22_35:50]  [org.telegram.updatesreceivers.UpdatesThread]FINE - []
[12_12_2015_22_35:50]  [org.telegram.updatesreceivers.UpdatesThread]FINE - POST https://api.telegram.org/bot99536655:AAG_uycvQeXgm-1Cdpk-zvBRUu2w_nz5p1Y/getupdates HTTP/1.1
[12_12_2015_22_36:4]  [org.telegram.updatesreceivers.UpdatesThread]FINE - [{"update_id":896642940,"message":{"date":1449988564,"chat":{"id":-14952387,"title":"Aw yiss","type":"group"},"message_id":879,"from":{"last_name":"Tan","id":163396337,"first_name":"Wilson"},"text":"/steam"}}]
[12_12_2015_22_36:4]  [org.telegram.updatesreceivers.UpdatesThread]FINE - POST https://api.telegram.org/bot99536655:AAG_uycvQeXgm-1Cdpk-zvBRUu2w_nz5p1Y/getupdates HTTP/1.1
[12_12_2015_22_36:25]  [org.telegram.updatesreceivers.UpdatesThread]FINE - []
[12_12_2015_22_36:25]  [org.telegram.updatesreceivers.UpdatesThread]FINE - POST https://api.telegram.org/bot99536655:AAG_uycvQeXgm-1Cdpk-zvBRUu2w_nz5p1Y/getupdates HTTP/1.1
[12_12_2015_22_36:46]  [org.telegram.updatesreceivers.UpdatesThread]FINE - []
[12_12_2015_22_36:46]  [org.telegram.updatesreceivers.UpdatesThread]FINE - POST https://api.telegram.org/bot99536655:AAG_uycvQeXgm-1Cdpk-zvBRUu2w_nz5p1Y/getupdates HTTP/1.1
[12_12_2015_22_37:7]  [org.telegram.updatesreceivers.UpdatesThread]FINE - []
[12_12_2015_22_37:8]  [org.telegram.updatesreceivers.UpdatesThread]FINE - POST https://api.telegram.org/bot99536655:AAG_uycvQeXgm-1Cdpk-zvBRUu2w_nz5p1Y/getupdates HTTP/1.1
[12_12_2015_22_39:56]  [org.telegram.SenderHelper]FINE - {"ok":true,"result":true,"description":"There is no webhook to delete"}
[12_12_2015_22_39:56]  [org.telegram.updatesreceivers.UpdatesThread]FINE - POST https://api.telegram.org/bot99536655:AAG_uycvQeXgm-1Cdpk-zvBRUu2w_nz5p1Y/getupdates HTTP/1.1
[12_12_2015_22_39:58]  [org.telegram.updatesreceivers.UpdatesThread]FINE - [{"update_id":896642941,"message":{"date":1449988798,"chat":{"id":-14952387,"title":"Aw yiss","type":"group"},"message_id":881,"from":{"last_name":"Tan","id":163396337,"first_name":"Wilson"},"text":"/menu"}}]
[12_12_2015_22_39:58] SEVERE - java.lang.NullPointerException
	at org.telegram.newbot.CommandParser.push(CommandParser.java:40)
	at org.telegram.newbot.NewBotHandler.handleUpdate(NewBotHandler.java:81)
	at org.telegram.newbot.NewBotHandler.onUpdateReceived(NewBotHandler.java:65)
	at org.telegram.updatesreceivers.UpdatesThread$HandlerThread.run(UpdatesThread.java:137)

[12_12_2015_22_39:58]  [org.telegram.updatesreceivers.UpdatesThread]FINE - POST https://api.telegram.org/bot99536655:AAG_uycvQeXgm-1Cdpk-zvBRUu2w_nz5p1Y/getupdates HTTP/1.1
[12_12_2015_22_40:18]  [org.telegram.updatesreceivers.UpdatesThread]FINE - []
[12_12_2015_22_40:19]  [org.telegram.updatesreceivers.UpdatesThread]FINE - POST https://api.telegram.org/bot99536655:AAG_uycvQeXgm-1Cdpk-zvBRUu2w_nz5p1Y/getupdates HTTP/1.1
[12_12_2015_22_40:40]  [org.telegram.updatesreceivers.UpdatesThread]FINE - []
[12_12_2015_22_40:40]  [org.telegram.updatesreceivers.UpdatesThread]FINE - POST https://api.telegram.org/bot99536655:AAG_uycvQeXgm-1Cdpk-zvBRUu2w_nz5p1Y/getupdates HTTP/1.1
[12_12_2015_22_40:50]  [org.telegram.SenderHelper]FINE - {"ok":true,"result":true,"description":"There is no webhook to delete"}
[12_12_2015_22_40:50]  [org.telegram.updatesreceivers.UpdatesThread]FINE - POST https://api.telegram.org/bot99536655:AAG_uycvQeXgm-1Cdpk-zvBRUu2w_nz5p1Y/getupdates HTTP/1.1
[12_12_2015_22_41:11]  [org.telegram.updatesreceivers.UpdatesThread]FINE - []
[12_12_2015_22_41:12]  [org.telegram.updatesreceivers.UpdatesThread]FINE - POST https://api.telegram.org/bot99536655:AAG_uycvQeXgm-1Cdpk-zvBRUu2w_nz5p1Y/getupdates HTTP/1.1
[12_12_2015_22_41:21]  [org.telegram.updatesreceivers.UpdatesThread]FINE - [{"update_id":896642942,"message":{"date":1449988881,"chat":{"last_name":"Tan","id":163396337,"type":"private","first_name":"Wilson"},"message_id":882,"from":{"last_name":"Tan","id":163396337,"first_name":"Wilson"},"text":"/menu"}}]
[12_12_2015_22_41:21]  [org.telegram.updatesreceivers.UpdatesThread]FINE - POST https://api.telegram.org/bot99536655:AAG_uycvQeXgm-1Cdpk-zvBRUu2w_nz5p1Y/getupdates HTTP/1.1
[12_12_2015_22_41:42]  [org.telegram.updatesreceivers.UpdatesThread]FINE - []
[12_12_2015_22_41:42]  [org.telegram.updatesreceivers.UpdatesThread]FINE - POST https://api.telegram.org/bot99536655:AAG_uycvQeXgm-1Cdpk-zvBRUu2w_nz5p1Y/getupdates HTTP/1.1
[12_12_2015_22_42:3]  [org.telegram.updatesreceivers.UpdatesThread]FINE - []
[12_12_2015_22_42:3]  [org.telegram.updatesreceivers.UpdatesThread]FINE - POST https://api.telegram.org/bot99536655:AAG_uycvQeXgm-1Cdpk-zvBRUu2w_nz5p1Y/getupdates HTTP/1.1
[12_12_2015_22_42:24]  [org.telegram.updatesreceivers.UpdatesThread]FINE - []
[12_12_2015_22_42:25]  [org.telegram.updatesreceivers.UpdatesThread]FINE - POST https://api.telegram.org/bot99536655:AAG_uycvQeXgm-1Cdpk-zvBRUu2w_nz5p1Y/getupdates HTTP/1.1
[12_12_2015_22_42:45]  [org.telegram.updatesreceivers.UpdatesThread]FINE - []
[12_12_2015_22_42:46]  [org.telegram.updatesreceivers.UpdatesThread]FINE - POST https://api.telegram.org/bot99536655:AAG_uycvQeXgm-1Cdpk-zvBRUu2w_nz5p1Y/getupdates HTTP/1.1
[12_12_2015_22_43:7]  [org.telegram.updatesreceivers.UpdatesThread]FINE - []
[12_12_2015_22_43:7]  [org.telegram.updatesreceivers.UpdatesThread]FINE - POST https://api.telegram.org/bot99536655:AAG_uycvQeXgm-1Cdpk-zvBRUu2w_nz5p1Y/getupdates HTTP/1.1
[12_12_2015_22_43:28]  [org.telegram.updatesreceivers.UpdatesThread]FINE - []
[12_12_2015_22_43:28]  [org.telegram.updatesreceivers.UpdatesThread]FINE - POST https://api.telegram.org/bot99536655:AAG_uycvQeXgm-1Cdpk-zvBRUu2w_nz5p1Y/getupdates HTTP/1.1
[12_12_2015_22_43:49]  [org.telegram.updatesreceivers.UpdatesThread]FINE - []
[12_12_2015_22_43:50]  [org.telegram.updatesreceivers.UpdatesThread]FINE - POST https://api.telegram.org/bot99536655:AAG_uycvQeXgm-1Cdpk-zvBRUu2w_nz5p1Y/getupdates HTTP/1.1
[12_12_2015_22_44:11]  [org.telegram.updatesreceivers.UpdatesThread]FINE - []
[12_12_2015_22_44:11]  [org.telegram.updatesreceivers.UpdatesThread]FINE - POST https://api.telegram.org/bot99536655:AAG_uycvQeXgm-1Cdpk-zvBRUu2w_nz5p1Y/getupdates HTTP/1.1
[12_12_2015_22_44:32]  [org.telegram.updatesreceivers.UpdatesThread]FINE - []
[12_12_2015_22_44:33]  [org.telegram.updatesreceivers.UpdatesThread]FINE - POST https://api.telegram.org/bot99536655:AAG_uycvQeXgm-1Cdpk-zvBRUu2w_nz5p1Y/getupdates HTTP/1.1
[12_12_2015_22_44:53]  [org.telegram.updatesreceivers.UpdatesThread]FINE - []
[12_12_2015_22_44:54]  [org.telegram.updatesreceivers.UpdatesThread]FINE - POST https://api.telegram.org/bot99536655:AAG_uycvQeXgm-1Cdpk-zvBRUu2w_nz5p1Y/getupdates HTTP/1.1
[12_12_2015_22_45:15]  [org.telegram.updatesreceivers.UpdatesThread]FINE - []
[12_12_2015_22_45:15]  [org.telegram.updatesreceivers.UpdatesThread]FINE - POST https://api.telegram.org/bot99536655:AAG_uycvQeXgm-1Cdpk-zvBRUu2w_nz5p1Y/getupdates HTTP/1.1
[12_12_2015_22_45:36]  [org.telegram.updatesreceivers.UpdatesThread]FINE - []
[12_12_2015_22_45:37]  [org.telegram.updatesreceivers.UpdatesThread]FINE - POST https://api.telegram.org/bot99536655:AAG_uycvQeXgm-1Cdpk-zvBRUu2w_nz5p1Y/getupdates HTTP/1.1
[12_12_2015_22_45:41]  [org.telegram.SenderHelper]FINE - {"ok":true,"result":true,"description":"There is no webhook to delete"}
[12_12_2015_22_45:41]  [org.telegram.updatesreceivers.UpdatesThread]FINE - POST https://api.telegram.org/bot99536655:AAG_uycvQeXgm-1Cdpk-zvBRUu2w_nz5p1Y/getupdates HTTP/1.1
[12_12_2015_22_45:55]  [org.telegram.updatesreceivers.UpdatesThread]FINE - [{"update_id":896642943,"message":{"date":1449989155,"chat":{"last_name":"Tan","id":163396337,"type":"private","first_name":"Wilson"},"message_id":883,"from":{"last_name":"Tan","id":163396337,"first_name":"Wilson"},"text":"/recentcommands"}}]
[12_12_2015_22_45:55]  [org.telegram.updatesreceivers.UpdatesThread]FINE - POST https://api.telegram.org/bot99536655:AAG_uycvQeXgm-1Cdpk-zvBRUu2w_nz5p1Y/getupdates HTTP/1.1
[12_12_2015_22_45:55] SEVERE - java.io.InvalidObjectException: {"description":"[Error]: Bad Request: text is empty","error_code":400,"ok":false}
	at org.telegram.SenderHelper.SendApiMethod(SenderHelper.java:257)
	at org.telegram.newbot.services.BotUtilities.sendRecent(BotUtilities.java:42)
	at org.telegram.newbot.CommandParser.push(CommandParser.java:55)
	at org.telegram.newbot.NewBotHandler.handleUpdate(NewBotHandler.java:82)
	at org.telegram.newbot.NewBotHandler.onUpdateReceived(NewBotHandler.java:65)
	at org.telegram.updatesreceivers.UpdatesThread$HandlerThread.run(UpdatesThread.java:137)

[12_12_2015_22_45:59]  [org.telegram.updatesreceivers.UpdatesThread]FINE - [{"update_id":896642944,"message":{"date":1449989159,"chat":{"last_name":"Tan","id":163396337,"type":"private","first_name":"Wilson"},"message_id":884,"from":{"last_name":"Tan","id":163396337,"first_name":"Wilson"},"text":"/menu"}}]
[12_12_2015_22_45:59]  [org.telegram.updatesreceivers.UpdatesThread]FINE - POST https://api.telegram.org/bot99536655:AAG_uycvQeXgm-1Cdpk-zvBRUu2w_nz5p1Y/getupdates HTTP/1.1
[12_12_2015_22_46:10]  [org.telegram.updatesreceivers.UpdatesThread]FINE - [{"update_id":896642945,"message":{"date":1449989170,"chat":{"last_name":"Tan","id":163396337,"type":"private","first_name":"Wilson"},"message_id":885,"from":{"last_name":"Tan","id":163396337,"first_name":"Wilson"},"text":"/steam"}}]
[12_12_2015_22_46:10]  [org.telegram.updatesreceivers.UpdatesThread]FINE - POST https://api.telegram.org/bot99536655:AAG_uycvQeXgm-1Cdpk-zvBRUu2w_nz5p1Y/getupdates HTTP/1.1
[12_12_2015_22_46:16]  [org.telegram.updatesreceivers.UpdatesThread]FINE - [{"update_id":896642946,"message":{"date":1449989176,"chat":{"last_name":"Tan","id":163396337,"type":"private","first_name":"Wilson"},"message_id":887,"from":{"last_name":"Tan","id":163396337,"first_name":"Wilson"},"text":"/menu"}}]
[12_12_2015_22_46:16]  [org.telegram.updatesreceivers.UpdatesThread]FINE - POST https://api.telegram.org/bot99536655:AAG_uycvQeXgm-1Cdpk-zvBRUu2w_nz5p1Y/getupdates HTTP/1.1
[12_12_2015_22_46:37]  [org.telegram.updatesreceivers.UpdatesThread]FINE - []
[12_12_2015_22_46:38]  [org.telegram.updatesreceivers.UpdatesThread]FINE - POST https://api.telegram.org/bot99536655:AAG_uycvQeXgm-1Cdpk-zvBRUu2w_nz5p1Y/getupdates HTTP/1.1
[12_12_2015_22_46:58]  [org.telegram.updatesreceivers.UpdatesThread]FINE - [{"update_id":896642947,"message":{"date":1449989219,"chat":{"last_name":"Tan","id":163396337,"type":"private","first_name":"Wilson"},"message_id":888,"from":{"last_name":"Tan","id":163396337,"first_name":"Wilson"},"text":"/recentcommands"}}]
[12_12_2015_22_46:58]  [org.telegram.updatesreceivers.UpdatesThread]FINE - POST https://api.telegram.org/bot99536655:AAG_uycvQeXgm-1Cdpk-zvBRUu2w_nz5p1Y/getupdates HTTP/1.1
[12_12_2015_22_47:0] SEVERE - java.io.InvalidObjectException: {"description":"[Error]: Bad Request: text is empty","error_code":400,"ok":false}
	at org.telegram.SenderHelper.SendApiMethod(SenderHelper.java:257)
	at org.telegram.newbot.services.BotUtilities.sendRecent(BotUtilities.java:42)
	at org.telegram.newbot.CommandParser.push(CommandParser.java:55)
	at org.telegram.newbot.NewBotHandler.handleUpdate(NewBotHandler.java:82)
	at org.telegram.newbot.NewBotHandler.onUpdateReceived(NewBotHandler.java:65)
	at org.telegram.updatesreceivers.UpdatesThread$HandlerThread.run(UpdatesThread.java:137)

[12_12_2015_22_47:21]  [org.telegram.updatesreceivers.UpdatesThread]FINE - []
[12_12_2015_22_47:21]  [org.telegram.updatesreceivers.UpdatesThread]FINE - POST https://api.telegram.org/bot99536655:AAG_uycvQeXgm-1Cdpk-zvBRUu2w_nz5p1Y/getupdates HTTP/1.1
[12_12_2015_22_47:42]  [org.telegram.SenderHelper]FINE - {"ok":true,"result":true,"description":"There is no webhook to delete"}
[12_12_2015_22_47:42]  [org.telegram.updatesreceivers.UpdatesThread]FINE - POST https://api.telegram.org/bot99536655:AAG_uycvQeXgm-1Cdpk-zvBRUu2w_nz5p1Y/getupdates HTTP/1.1
[12_12_2015_22_47:46]  [org.telegram.updatesreceivers.UpdatesThread]FINE - [{"update_id":896642948,"message":{"date":1449989266,"chat":{"last_name":"Tan","id":163396337,"type":"private","first_name":"Wilson"},"message_id":889,"from":{"last_name":"Tan","id":163396337,"first_name":"Wilson"},"text":"/menu"}}]
[12_12_2015_22_47:46]  [org.telegram.updatesreceivers.UpdatesThread]FINE - POST https://api.telegram.org/bot99536655:AAG_uycvQeXgm-1Cdpk-zvBRUu2w_nz5p1Y/getupdates HTTP/1.1
[12_12_2015_22_48:7]  [org.telegram.updatesreceivers.UpdatesThread]FINE - []
[12_12_2015_22_48:8]  [org.telegram.updatesreceivers.UpdatesThread]FINE - POST https://api.telegram.org/bot99536655:AAG_uycvQeXgm-1Cdpk-zvBRUu2w_nz5p1Y/getupdates HTTP/1.1
[12_12_2015_22_48:28]  [org.telegram.updatesreceivers.UpdatesThread]FINE - []
[12_12_2015_22_48:29]  [org.telegram.updatesreceivers.UpdatesThread]FINE - POST https://api.telegram.org/bot99536655:AAG_uycvQeXgm-1Cdpk-zvBRUu2w_nz5p1Y/getupdates HTTP/1.1
[12_12_2015_22_48:50]  [org.telegram.updatesreceivers.UpdatesThread]FINE - []
[12_12_2015_22_48:50]  [org.telegram.updatesreceivers.UpdatesThread]FINE - POST https://api.telegram.org/bot99536655:AAG_uycvQeXgm-1Cdpk-zvBRUu2w_nz5p1Y/getupdates HTTP/1.1
[12_12_2015_22_49:6]  [org.telegram.SenderHelper]FINE - {"ok":true,"result":true,"description":"There is no webhook to delete"}
[12_12_2015_22_49:6]  [org.telegram.updatesreceivers.UpdatesThread]FINE - POST https://api.telegram.org/bot99536655:AAG_uycvQeXgm-1Cdpk-zvBRUu2w_nz5p1Y/getupdates HTTP/1.1
[12_12_2015_22_49:9]  [org.telegram.updatesreceivers.UpdatesThread]FINE - [{"update_id":896642949,"message":{"date":1449989349,"chat":{"last_name":"Tan","id":163396337,"type":"private","first_name":"Wilson"},"message_id":891,"from":{"last_name":"Tan","id":163396337,"first_name":"Wilson"},"text":"/help"}}]
[12_12_2015_22_49:9]  [org.telegram.updatesreceivers.UpdatesThread]FINE - POST https://api.telegram.org/bot99536655:AAG_uycvQeXgm-1Cdpk-zvBRUu2w_nz5p1Y/getupdates HTTP/1.1
[12_12_2015_22_49:12]  [org.telegram.updatesreceivers.UpdatesThread]FINE - [{"update_id":896642950,"message":{"date":1449989352,"chat":{"last_name":"Tan","id":163396337,"type":"private","first_name":"Wilson"},"message_id":892,"from":{"last_name":"Tan","id":163396337,"first_name":"Wilson"},"text":"/menu"}}]
[12_12_2015_22_49:12]  [org.telegram.updatesreceivers.UpdatesThread]FINE - POST https://api.telegram.org/bot99536655:AAG_uycvQeXgm-1Cdpk-zvBRUu2w_nz5p1Y/getupdates HTTP/1.1
[12_12_2015_22_49:16]  [org.telegram.updatesreceivers.UpdatesThread]FINE - [{"update_id":896642951,"message":{"date":1449989356,"chat":{"last_name":"Tan","id":163396337,"type":"private","first_name":"Wilson"},"message_id":894,"from":{"last_name":"Tan","id":163396337,"first_name":"Wilson"},"text":"/steam"}}]
[12_12_2015_22_49:16]  [org.telegram.updatesreceivers.UpdatesThread]FINE - POST https://api.telegram.org/bot99536655:AAG_uycvQeXgm-1Cdpk-zvBRUu2w_nz5p1Y/getupdates HTTP/1.1
[12_12_2015_22_49:27]  [org.telegram.updatesreceivers.UpdatesThread]FINE - [{"update_id":896642952,"message":{"date":1449989367,"chat":{"last_name":"Tan","id":163396337,"type":"private","first_name":"Wilson"},"message_id":896,"from":{"last_name":"Tan","id":163396337,"first_name":"Wilson"},"text":"/yelp ice cream @ irvine"}}]
[12_12_2015_22_49:27]  [org.telegram.updatesreceivers.UpdatesThread]FINE - POST https://api.telegram.org/bot99536655:AAG_uycvQeXgm-1Cdpk-zvBRUu2w_nz5p1Y/getupdates HTTP/1.1
[12_12_2015_22_49:33]  [org.telegram.updatesreceivers.UpdatesThread]FINE - [{"update_id":896642953,"message":{"date":1449989374,"chat":{"last_name":"Tan","id":163396337,"type":"private","first_name":"Wilson"},"message_id":900,"from":{"last_name":"Tan","id":163396337,"first_name":"Wilson"},"text":"/recents"}}]
[12_12_2015_22_49:33]  [org.telegram.updatesreceivers.UpdatesThread]FINE - POST https://api.telegram.org/bot99536655:AAG_uycvQeXgm-1Cdpk-zvBRUu2w_nz5p1Y/getupdates HTTP/1.1
[12_12_2015_22_49:48]  [org.telegram.updatesreceivers.UpdatesThread]FINE - [{"update_id":896642954,"message":{"date":1449989388,"chat":{"last_name":"Tan","id":163396337,"type":"private","first_name":"Wilson"},"message_id":901,"from":{"last_name":"Tan","id":163396337,"first_name":"Wilson"},"text":"/recentcommands"}}]
[12_12_2015_22_49:48]  [org.telegram.updatesreceivers.UpdatesThread]FINE - POST https://api.telegram.org/bot99536655:AAG_uycvQeXgm-1Cdpk-zvBRUu2w_nz5p1Y/getupdates HTTP/1.1
[12_12_2015_22_49:49] SEVERE - java.io.InvalidObjectException: {"description":"[Error]: Bad Request: text is empty","error_code":400,"ok":false}
	at org.telegram.SenderHelper.SendApiMethod(SenderHelper.java:257)
	at org.telegram.newbot.services.BotUtilities.sendRecent(BotUtilities.java:43)
	at org.telegram.newbot.CommandParser.push(CommandParser.java:54)
	at org.telegram.newbot.NewBotHandler.handleUpdate(NewBotHandler.java:82)
	at org.telegram.newbot.NewBotHandler.onUpdateReceived(NewBotHandler.java:65)
	at org.telegram.updatesreceivers.UpdatesThread$HandlerThread.run(UpdatesThread.java:137)

[12_12_2015_22_50:9]  [org.telegram.updatesreceivers.UpdatesThread]FINE - []
[12_12_2015_22_50:9]  [org.telegram.updatesreceivers.UpdatesThread]FINE - POST https://api.telegram.org/bot99536655:AAG_uycvQeXgm-1Cdpk-zvBRUu2w_nz5p1Y/getupdates HTTP/1.1
[12_12_2015_22_50:30]  [org.telegram.updatesreceivers.UpdatesThread]FINE - []
[12_12_2015_22_50:31]  [org.telegram.updatesreceivers.UpdatesThread]FINE - POST https://api.telegram.org/bot99536655:AAG_uycvQeXgm-1Cdpk-zvBRUu2w_nz5p1Y/getupdates HTTP/1.1
[12_12_2015_22_50:51]  [org.telegram.updatesreceivers.UpdatesThread]FINE - []
[12_12_2015_22_50:52]  [org.telegram.updatesreceivers.UpdatesThread]FINE - POST https://api.telegram.org/bot99536655:AAG_uycvQeXgm-1Cdpk-zvBRUu2w_nz5p1Y/getupdates HTTP/1.1
[12_12_2015_22_51:13]  [org.telegram.updatesreceivers.UpdatesThread]FINE - []
[12_12_2015_22_51:13]  [org.telegram.updatesreceivers.UpdatesThread]FINE - POST https://api.telegram.org/bot99536655:AAG_uycvQeXgm-1Cdpk-zvBRUu2w_nz5p1Y/getupdates HTTP/1.1
[12_12_2015_22_51:16]  [org.telegram.updatesreceivers.UpdatesThread]FINE - [{"update_id":896642955,"message":{"date":1449989476,"chat":{"last_name":"Tan","id":163396337,"type":"private","first_name":"Wilson"},"message_id":902,"from":{"last_name":"Tan","id":163396337,"first_name":"Wilson"},"text":"/riki"}}]
[12_12_2015_22_51:16]  [org.telegram.updatesreceivers.UpdatesThread]FINE - POST https://api.telegram.org/bot99536655:AAG_uycvQeXgm-1Cdpk-zvBRUu2w_nz5p1Y/getupdates HTTP/1.1
[12_12_2015_22_51:36]  [org.telegram.updatesreceivers.UpdatesThread]FINE - []
[12_12_2015_22_51:37]  [org.telegram.updatesreceivers.UpdatesThread]FINE - POST https://api.telegram.org/bot99536655:AAG_uycvQeXgm-1Cdpk-zvBRUu2w_nz5p1Y/getupdates HTTP/1.1
[12_12_2015_22_51:58]  [org.telegram.updatesreceivers.UpdatesThread]FINE - []
[12_12_2015_22_51:58]  [org.telegram.updatesreceivers.UpdatesThread]FINE - POST https://api.telegram.org/bot99536655:AAG_uycvQeXgm-1Cdpk-zvBRUu2w_nz5p1Y/getupdates HTTP/1.1
[12_12_2015_22_52:19]  [org.telegram.updatesreceivers.UpdatesThread]FINE - []
[12_12_2015_22_52:19]  [org.telegram.updatesreceivers.UpdatesThread]FINE - POST https://api.telegram.org/bot99536655:AAG_uycvQeXgm-1Cdpk-zvBRUu2w_nz5p1Y/getupdates HTTP/1.1
[12_12_2015_22_52:40]  [org.telegram.updatesreceivers.UpdatesThread]FINE - []
[12_12_2015_22_52:41]  [org.telegram.updatesreceivers.UpdatesThread]FINE - POST https://api.telegram.org/bot99536655:AAG_uycvQeXgm-1Cdpk-zvBRUu2w_nz5p1Y/getupdates HTTP/1.1
[12_12_2015_22_53:1]  [org.telegram.updatesreceivers.UpdatesThread]FINE - []
[12_12_2015_22_53:2]  [org.telegram.updatesreceivers.UpdatesThread]FINE - POST https://api.telegram.org/bot99536655:AAG_uycvQeXgm-1Cdpk-zvBRUu2w_nz5p1Y/getupdates HTTP/1.1
[12_12_2015_22_53:23]  [org.telegram.updatesreceivers.UpdatesThread]FINE - []
[12_12_2015_22_53:23]  [org.telegram.updatesreceivers.UpdatesThread]FINE - POST https://api.telegram.org/bot99536655:AAG_uycvQeXgm-1Cdpk-zvBRUu2w_nz5p1Y/getupdates HTTP/1.1
[12_12_2015_22_53:44]  [org.telegram.updatesreceivers.UpdatesThread]FINE - []
[12_12_2015_22_53:44]  [org.telegram.updatesreceivers.UpdatesThread]FINE - POST https://api.telegram.org/bot99536655:AAG_uycvQeXgm-1Cdpk-zvBRUu2w_nz5p1Y/getupdates HTTP/1.1
[12_12_2015_22_54:5]  [org.telegram.updatesreceivers.UpdatesThread]FINE - []
[12_12_2015_22_54:6]  [org.telegram.updatesreceivers.UpdatesThread]FINE - POST https://api.telegram.org/bot99536655:AAG_uycvQeXgm-1Cdpk-zvBRUu2w_nz5p1Y/getupdates HTTP/1.1
[12_12_2015_22_54:18]  [org.telegram.SenderHelper]FINE - {"ok":true,"result":true,"description":"There is no webhook to delete"}
[12_12_2015_22_54:19]  [org.telegram.updatesreceivers.UpdatesThread]FINE - POST https://api.telegram.org/bot99536655:AAG_uycvQeXgm-1Cdpk-zvBRUu2w_nz5p1Y/getupdates HTTP/1.1
[12_12_2015_22_54:21]  [org.telegram.updatesreceivers.UpdatesThread]FINE - [{"update_id":896642956,"message":{"date":1449989661,"chat":{"last_name":"Tan","id":163396337,"type":"private","first_name":"Wilson"},"message_id":903,"from":{"last_name":"Tan","id":163396337,"first_name":"Wilson"},"text":"/recents"}}]
[12_12_2015_22_54:21]  [org.telegram.updatesreceivers.UpdatesThread]FINE - POST https://api.telegram.org/bot99536655:AAG_uycvQeXgm-1Cdpk-zvBRUu2w_nz5p1Y/getupdates HTTP/1.1
[12_12_2015_22_54:25]  [org.telegram.updatesreceivers.UpdatesThread]FINE - [{"update_id":896642957,"message":{"date":1449989666,"chat":{"last_name":"Tan","id":163396337,"type":"private","first_name":"Wilson"},"message_id":904,"from":{"last_name":"Tan","id":163396337,"first_name":"Wilson"},"text":"/recentcommands"}}]
[12_12_2015_22_54:25]  [org.telegram.updatesreceivers.UpdatesThread]FINE - POST https://api.telegram.org/bot99536655:AAG_uycvQeXgm-1Cdpk-zvBRUu2w_nz5p1Y/getupdates HTTP/1.1
[12_12_2015_22_54:34]  [org.telegram.updatesreceivers.UpdatesThread]FINE - [{"update_id":896642958,"message":{"date":1449989674,"chat":{"last_name":"Tan","id":163396337,"type":"private","first_name":"Wilson"},"message_id":906,"from":{"last_name":"Tan","id":163396337,"first_name":"Wilson"},"text":"/menu"}}]
[12_12_2015_22_54:34]  [org.telegram.updatesreceivers.UpdatesThread]FINE - POST https://api.telegram.org/bot99536655:AAG_uycvQeXgm-1Cdpk-zvBRUu2w_nz5p1Y/getupdates HTTP/1.1
[12_12_2015_22_54:37]  [org.telegram.updatesreceivers.UpdatesThread]FINE - [{"update_id":896642959,"message":{"date":1449989677,"chat":{"last_name":"Tan","id":163396337,"type":"private","first_name":"Wilson"},"message_id":908,"from":{"last_name":"Tan","id":163396337,"first_name":"Wilson"},"text":"/riki"}}]
[12_12_2015_22_54:37]  [org.telegram.updatesreceivers.UpdatesThread]FINE - POST https://api.telegram.org/bot99536655:AAG_uycvQeXgm-1Cdpk-zvBRUu2w_nz5p1Y/getupdates HTTP/1.1
[12_12_2015_22_54:52]  [org.telegram.updatesreceivers.UpdatesThread]FINE - [{"update_id":896642960,"message":{"date":1449989692,"chat":{"last_name":"Tan","id":163396337,"type":"private","first_name":"Wilson"},"message_id":910,"from":{"last_name":"Tan","id":163396337,"first_name":"Wilson"},"text":"/recents"}}]
[12_12_2015_22_54:52]  [org.telegram.updatesreceivers.UpdatesThread]FINE - POST https://api.telegram.org/bot99536655:AAG_uycvQeXgm-1Cdpk-zvBRUu2w_nz5p1Y/getupdates HTTP/1.1
[12_12_2015_22_55:1]  [org.telegram.updatesreceivers.UpdatesThread]FINE - [{"update_id":896642961,"message":{"date":1449989701,"chat":{"last_name":"Tan","id":163396337,"type":"private","first_name":"Wilson"},"message_id":911,"from":{"last_name":"Tan","id":163396337,"first_name":"Wilson"},"text":"/menu"}}]
[12_12_2015_22_55:1]  [org.telegram.updatesreceivers.UpdatesThread]FINE - POST https://api.telegram.org/bot99536655:AAG_uycvQeXgm-1Cdpk-zvBRUu2w_nz5p1Y/getupdates HTTP/1.1
[12_12_2015_22_55:5]  [org.telegram.updatesreceivers.UpdatesThread]FINE - [{"update_id":896642962,"message":{"date":1449989705,"chat":{"last_name":"Tan","id":163396337,"type":"private","first_name":"Wilson"},"message_id":913,"from":{"last_name":"Tan","id":163396337,"first_name":"Wilson"},"text":"/recents"}}]
[12_12_2015_22_55:5]  [org.telegram.updatesreceivers.UpdatesThread]FINE - POST https://api.telegram.org/bot99536655:AAG_uycvQeXgm-1Cdpk-zvBRUu2w_nz5p1Y/getupdates HTTP/1.1
[12_12_2015_22_55:25]  [org.telegram.updatesreceivers.UpdatesThread]FINE - []
[12_12_2015_22_55:26]  [org.telegram.updatesreceivers.UpdatesThread]FINE - POST https://api.telegram.org/bot99536655:AAG_uycvQeXgm-1Cdpk-zvBRUu2w_nz5p1Y/getupdates HTTP/1.1
[12_12_2015_22_55:47]  [org.telegram.updatesreceivers.UpdatesThread]FINE - []
[12_12_2015_22_55:47]  [org.telegram.updatesreceivers.UpdatesThread]FINE - POST https://api.telegram.org/bot99536655:AAG_uycvQeXgm-1Cdpk-zvBRUu2w_nz5p1Y/getupdates HTTP/1.1
[12_12_2015_22_56:8]  [org.telegram.updatesreceivers.UpdatesThread]FINE - []
[12_12_2015_22_56:8]  [org.telegram.updatesreceivers.UpdatesThread]FINE - POST https://api.telegram.org/bot99536655:AAG_uycvQeXgm-1Cdpk-zvBRUu2w_nz5p1Y/getupdates HTTP/1.1
[12_12_2015_22_56:29]  [org.telegram.updatesreceivers.UpdatesThread]FINE - []
[12_12_2015_22_56:30]  [org.telegram.updatesreceivers.UpdatesThread]FINE - POST https://api.telegram.org/bot99536655:AAG_uycvQeXgm-1Cdpk-zvBRUu2w_nz5p1Y/getupdates HTTP/1.1
[12_12_2015_22_56:50]  [org.telegram.updatesreceivers.UpdatesThread]FINE - []
[12_12_2015_22_56:51]  [org.telegram.updatesreceivers.UpdatesThread]FINE - POST https://api.telegram.org/bot99536655:AAG_uycvQeXgm-1Cdpk-zvBRUu2w_nz5p1Y/getupdates HTTP/1.1
[12_12_2015_22_57:12]  [org.telegram.updatesreceivers.UpdatesThread]FINE - []
[12_12_2015_22_57:12]  [org.telegram.updatesreceivers.UpdatesThread]FINE - POST https://api.telegram.org/bot99536655:AAG_uycvQeXgm-1Cdpk-zvBRUu2w_nz5p1Y/getupdates HTTP/1.1
[12_12_2015_22_57:33]  [org.telegram.updatesreceivers.UpdatesThread]FINE - []
[12_12_2015_22_57:33]  [org.telegram.updatesreceivers.UpdatesThread]FINE - POST https://api.telegram.org/bot99536655:AAG_uycvQeXgm-1Cdpk-zvBRUu2w_nz5p1Y/getupdates HTTP/1.1
[12_12_2015_22_57:45]  [org.telegram.SenderHelper]FINE - {"ok":true,"result":true,"description":"There is no webhook to delete"}
[12_12_2015_22_57:45]  [org.telegram.updatesreceivers.UpdatesThread]FINE - POST https://api.telegram.org/bot99536655:AAG_uycvQeXgm-1Cdpk-zvBRUu2w_nz5p1Y/getupdates HTTP/1.1
[12_12_2015_22_57:48]  [org.telegram.updatesreceivers.UpdatesThread]FINE - [{"update_id":896642963,"message":{"date":1449989868,"chat":{"last_name":"Tan","id":163396337,"type":"private","first_name":"Wilson"},"message_id":914,"from":{"last_name":"Tan","id":163396337,"first_name":"Wilson"},"text":"/recents"}}]
[12_12_2015_22_57:48]  [org.telegram.updatesreceivers.UpdatesThread]FINE - POST https://api.telegram.org/bot99536655:AAG_uycvQeXgm-1Cdpk-zvBRUu2w_nz5p1Y/getupdates HTTP/1.1
[12_12_2015_22_57:51]  [org.telegram.updatesreceivers.UpdatesThread]FINE - [{"update_id":896642964,"message":{"date":1449989871,"chat":{"last_name":"Tan","id":163396337,"type":"private","first_name":"Wilson"},"message_id":916,"from":{"last_name":"Tan","id":163396337,"first_name":"Wilson"},"text":"/recents"}}]
[12_12_2015_22_57:51]  [org.telegram.updatesreceivers.UpdatesThread]FINE - POST https://api.telegram.org/bot99536655:AAG_uycvQeXgm-1Cdpk-zvBRUu2w_nz5p1Y/getupdates HTTP/1.1
[12_12_2015_22_57:54]  [org.telegram.updatesreceivers.UpdatesThread]FINE - [{"update_id":896642965,"message":{"date":1449989874,"chat":{"last_name":"Tan","id":163396337,"type":"private","first_name":"Wilson"},"message_id":918,"from":{"last_name":"Tan","id":163396337,"first_name":"Wilson"},"text":"/menu"}}]
[12_12_2015_22_57:54]  [org.telegram.updatesreceivers.UpdatesThread]FINE - POST https://api.telegram.org/bot99536655:AAG_uycvQeXgm-1Cdpk-zvBRUu2w_nz5p1Y/getupdates HTTP/1.1
[12_12_2015_22_57:57]  [org.telegram.updatesreceivers.UpdatesThread]FINE - [{"update_id":896642966,"message":{"date":1449989877,"chat":{"last_name":"Tan","id":163396337,"type":"private","first_name":"Wilson"},"message_id":920,"from":{"last_name":"Tan","id":163396337,"first_name":"Wilson"},"text":"/recents"}}]
[12_12_2015_22_57:57]  [org.telegram.updatesreceivers.UpdatesThread]FINE - POST https://api.telegram.org/bot99536655:AAG_uycvQeXgm-1Cdpk-zvBRUu2w_nz5p1Y/getupdates HTTP/1.1
[12_12_2015_22_58:10]  [org.telegram.updatesreceivers.UpdatesThread]FINE - [{"update_id":896642967,"message":{"date":1449989890,"chat":{"last_name":"Tan","id":163396337,"type":"private","first_name":"Wilson"},"message_id":922,"from":{"last_name":"Tan","id":163396337,"first_name":"Wilson"},"text":"/yelp ice @ irvine"}}]
[12_12_2015_22_58:10]  [org.telegram.updatesreceivers.UpdatesThread]FINE - POST https://api.telegram.org/bot99536655:AAG_uycvQeXgm-1Cdpk-zvBRUu2w_nz5p1Y/getupdates HTTP/1.1
[12_12_2015_22_58:20]  [org.telegram.updatesreceivers.UpdatesThread]FINE - [{"update_id":896642968,"message":{"date":1449989900,"chat":{"last_name":"Tan","id":163396337,"type":"private","first_name":"Wilson"},"message_id":926,"from":{"last_name":"Tan","id":163396337,"first_name":"Wilson"},"text":"/recents"}}]
[12_12_2015_22_58:20]  [org.telegram.updatesreceivers.UpdatesThread]FINE - POST https://api.telegram.org/bot99536655:AAG_uycvQeXgm-1Cdpk-zvBRUu2w_nz5p1Y/getupdates HTTP/1.1
[12_12_2015_22_58:41]  [org.telegram.updatesreceivers.UpdatesThread]FINE - []
[12_12_2015_22_58:41]  [org.telegram.updatesreceivers.UpdatesThread]FINE - POST https://api.telegram.org/bot99536655:AAG_uycvQeXgm-1Cdpk-zvBRUu2w_nz5p1Y/getupdates HTTP/1.1
[12_12_2015_22_59:2]  [org.telegram.updatesreceivers.UpdatesThread]FINE - []
[12_12_2015_22_59:2]  [org.telegram.updatesreceivers.UpdatesThread]FINE - POST https://api.telegram.org/bot99536655:AAG_uycvQeXgm-1Cdpk-zvBRUu2w_nz5p1Y/getupdates HTTP/1.1
[12_12_2015_22_59:23]  [org.telegram.updatesreceivers.UpdatesThread]FINE - []
[12_12_2015_22_59:24]  [org.telegram.updatesreceivers.UpdatesThread]FINE - POST https://api.telegram.org/bot99536655:AAG_uycvQeXgm-1Cdpk-zvBRUu2w_nz5p1Y/getupdates HTTP/1.1
[12_12_2015_22_59:45]  [org.telegram.updatesreceivers.UpdatesThread]FINE - []
[12_12_2015_22_59:45]  [org.telegram.updatesreceivers.UpdatesThread]FINE - POST https://api.telegram.org/bot99536655:AAG_uycvQeXgm-1Cdpk-zvBRUu2w_nz5p1Y/getupdates HTTP/1.1
[12_12_2015_23_0:6]  [org.telegram.updatesreceivers.UpdatesThread]FINE - []
[12_12_2015_23_0:6]  [org.telegram.updatesreceivers.UpdatesThread]FINE - POST https://api.telegram.org/bot99536655:AAG_uycvQeXgm-1Cdpk-zvBRUu2w_nz5p1Y/getupdates HTTP/1.1
[12_12_2015_23_0:27]  [org.telegram.updatesreceivers.UpdatesThread]FINE - []
[12_12_2015_23_0:28]  [org.telegram.updatesreceivers.UpdatesThread]FINE - POST https://api.telegram.org/bot99536655:AAG_uycvQeXgm-1Cdpk-zvBRUu2w_nz5p1Y/getupdates HTTP/1.1
[12_12_2015_23_0:48]  [org.telegram.updatesreceivers.UpdatesThread]FINE - []
[12_12_2015_23_0:49]  [org.telegram.updatesreceivers.UpdatesThread]FINE - POST https://api.telegram.org/bot99536655:AAG_uycvQeXgm-1Cdpk-zvBRUu2w_nz5p1Y/getupdates HTTP/1.1
[12_12_2015_23_1:10]  [org.telegram.updatesreceivers.UpdatesThread]FINE - []
[12_12_2015_23_1:10]  [org.telegram.updatesreceivers.UpdatesThread]FINE - POST https://api.telegram.org/bot99536655:AAG_uycvQeXgm-1Cdpk-zvBRUu2w_nz5p1Y/getupdates HTTP/1.1
[12_12_2015_23_1:31]  [org.telegram.updatesreceivers.UpdatesThread]FINE - []
[12_12_2015_23_1:32]  [org.telegram.updatesreceivers.UpdatesThread]FINE - POST https://api.telegram.org/bot99536655:AAG_uycvQeXgm-1Cdpk-zvBRUu2w_nz5p1Y/getupdates HTTP/1.1
[12_12_2015_23_1:53]  [org.telegram.updatesreceivers.UpdatesThread]FINE - []
[12_12_2015_23_1:53]  [org.telegram.updatesreceivers.UpdatesThread]FINE - POST https://api.telegram.org/bot99536655:AAG_uycvQeXgm-1Cdpk-zvBRUu2w_nz5p1Y/getupdates HTTP/1.1
[12_12_2015_23_2:14]  [org.telegram.updatesreceivers.UpdatesThread]FINE - []
[12_12_2015_23_2:14]  [org.telegram.updatesreceivers.UpdatesThread]FINE - POST https://api.telegram.org/bot99536655:AAG_uycvQeXgm-1Cdpk-zvBRUu2w_nz5p1Y/getupdates HTTP/1.1
[12_12_2015_23_2:35]  [org.telegram.updatesreceivers.UpdatesThread]FINE - []
[12_12_2015_23_2:36]  [org.telegram.updatesreceivers.UpdatesThread]FINE - POST https://api.telegram.org/bot99536655:AAG_uycvQeXgm-1Cdpk-zvBRUu2w_nz5p1Y/getupdates HTTP/1.1
[12_12_2015_23_2:57]  [org.telegram.updatesreceivers.UpdatesThread]FINE - []
[12_12_2015_23_2:57]  [org.telegram.updatesreceivers.UpdatesThread]FINE - POST https://api.telegram.org/bot99536655:AAG_uycvQeXgm-1Cdpk-zvBRUu2w_nz5p1Y/getupdates HTTP/1.1
[12_12_2015_23_48:59]  [org.telegram.SenderHelper]FINE - {"ok":true,"result":true,"description":"There is no webhook to delete"}
[12_12_2015_23_48:59]  [org.telegram.updatesreceivers.UpdatesThread]FINE - POST https://api.telegram.org/bot99536655:AAG_uycvQeXgm-1Cdpk-zvBRUu2w_nz5p1Y/getupdates HTTP/1.1
[12_12_2015_23_49:20]  [org.telegram.updatesreceivers.UpdatesThread]FINE - []
[12_12_2015_23_49:21]  [org.telegram.updatesreceivers.UpdatesThread]FINE - POST https://api.telegram.org/bot99536655:AAG_uycvQeXgm-1Cdpk-zvBRUu2w_nz5p1Y/getupdates HTTP/1.1
[12_12_2015_23_49:26]  [org.telegram.updatesreceivers.UpdatesThread]FINE - [{"update_id":896642969,"message":{"date":1449992966,"chat":{"last_name":"Tan","id":163396337,"type":"private","first_name":"Wilson"},"message_id":928,"from":{"last_name":"Tan","id":163396337,"first_name":"Wilson"},"text":"/riki"}}]
[12_12_2015_23_49:26]  [org.telegram.updatesreceivers.UpdatesThread]FINE - POST https://api.telegram.org/bot99536655:AAG_uycvQeXgm-1Cdpk-zvBRUu2w_nz5p1Y/getupdates HTTP/1.1
[12_12_2015_23_49:37]  [org.telegram.updatesreceivers.UpdatesThread]FINE - [{"update_id":896642970,"message":{"date":1449992977,"chat":{"last_name":"Tan","id":163396337,"type":"private","first_name":"Wilson"},"message_id":929,"from":{"last_name":"Tan","id":163396337,"first_name":"Wilson"},"text":"/ray"}}]
[12_12_2015_23_49:37]  [org.telegram.updatesreceivers.UpdatesThread]FINE - POST https://api.telegram.org/bot99536655:AAG_uycvQeXgm-1Cdpk-zvBRUu2w_nz5p1Y/getupdates HTTP/1.1
[12_12_2015_23_49:38]  [org.telegram.updatesreceivers.UpdatesThread]FINE - [{"update_id":896642971,"message":{"date":1449992978,"chat":{"last_name":"Tan","id":163396337,"type":"private","first_name":"Wilson"},"message_id":930,"from":{"last_name":"Tan","id":163396337,"first_name":"Wilson"},"text":"/jdea"}}]
[12_12_2015_23_49:38]  [org.telegram.updatesreceivers.UpdatesThread]FINE - POST https://api.telegram.org/bot99536655:AAG_uycvQeXgm-1Cdpk-zvBRUu2w_nz5p1Y/getupdates HTTP/1.1
[12_12_2015_23_49:58]  [org.telegram.updatesreceivers.UpdatesThread]FINE - []
[12_12_2015_23_49:59]  [org.telegram.updatesreceivers.UpdatesThread]FINE - POST https://api.telegram.org/bot99536655:AAG_uycvQeXgm-1Cdpk-zvBRUu2w_nz5p1Y/getupdates HTTP/1.1
[12_12_2015_23_50:20]  [org.telegram.updatesreceivers.UpdatesThread]FINE - []
[12_12_2015_23_50:20]  [org.telegram.updatesreceivers.UpdatesThread]FINE - POST https://api.telegram.org/bot99536655:AAG_uycvQeXgm-1Cdpk-zvBRUu2w_nz5p1Y/getupdates HTTP/1.1
[12_12_2015_23_50:25]  [org.telegram.SenderHelper]FINE - {"ok":true,"result":true,"description":"There is no webhook to delete"}
[12_12_2015_23_50:25]  [org.telegram.updatesreceivers.UpdatesThread]FINE - POST https://api.telegram.org/bot99536655:AAG_uycvQeXgm-1Cdpk-zvBRUu2w_nz5p1Y/getupdates HTTP/1.1
[12_12_2015_23_50:27]  [org.telegram.updatesreceivers.UpdatesThread]FINE - [{"update_id":896642972,"message":{"date":1449993028,"chat":{"last_name":"Tan","id":163396337,"type":"private","first_name":"Wilson"},"message_id":931,"from":{"last_name":"Tan","id":163396337,"first_name":"Wilson"},"text":"/riki"}}]
[12_12_2015_23_50:27]  [org.telegram.updatesreceivers.UpdatesThread]FINE - POST https://api.telegram.org/bot99536655:AAG_uycvQeXgm-1Cdpk-zvBRUu2w_nz5p1Y/getupdates HTTP/1.1
[12_12_2015_23_50:48]  [org.telegram.updatesreceivers.UpdatesThread]FINE - []
[12_12_2015_23_50:48]  [org.telegram.updatesreceivers.UpdatesThread]FINE - POST https://api.telegram.org/bot99536655:AAG_uycvQeXgm-1Cdpk-zvBRUu2w_nz5p1Y/getupdates HTTP/1.1
[12_12_2015_23_51:8]  [org.telegram.SenderHelper]FINE - {"ok":true,"result":true,"description":"There is no webhook to delete"}
[12_12_2015_23_51:8]  [org.telegram.updatesreceivers.UpdatesThread]FINE - POST https://api.telegram.org/bot99536655:AAG_uycvQeXgm-1Cdpk-zvBRUu2w_nz5p1Y/getupdates HTTP/1.1
[12_12_2015_23_51:8]  [org.telegram.updatesreceivers.UpdatesThread]FINE - [{"update_id":896642973,"message":{"date":1449993069,"chat":{"last_name":"Tan","id":163396337,"type":"private","first_name":"Wilson"},"message_id":932,"from":{"last_name":"Tan","id":163396337,"first_name":"Wilson"},"text":"/riki"}}]
[12_12_2015_23_51:8]  [org.telegram.updatesreceivers.UpdatesThread]FINE - POST https://api.telegram.org/bot99536655:AAG_uycvQeXgm-1Cdpk-zvBRUu2w_nz5p1Y/getupdates HTTP/1.1
[12_12_2015_23_51:29]  [org.telegram.updatesreceivers.UpdatesThread]FINE - []
[12_12_2015_23_51:30]  [org.telegram.updatesreceivers.UpdatesThread]FINE - POST https://api.telegram.org/bot99536655:AAG_uycvQeXgm-1Cdpk-zvBRUu2w_nz5p1Y/getupdates HTTP/1.1
[12_12_2015_23_51:37]  [org.telegram.SenderHelper]FINE - {"ok":true,"result":true,"description":"There is no webhook to delete"}
[12_12_2015_23_51:37]  [org.telegram.updatesreceivers.UpdatesThread]FINE - POST https://api.telegram.org/bot99536655:AAG_uycvQeXgm-1Cdpk-zvBRUu2w_nz5p1Y/getupdates HTTP/1.1
[12_12_2015_23_51:39]  [org.telegram.updatesreceivers.UpdatesThread]FINE - [{"update_id":896642974,"message":{"date":1449993100,"chat":{"last_name":"Tan","id":163396337,"type":"private","first_name":"Wilson"},"message_id":933,"from":{"last_name":"Tan","id":163396337,"first_name":"Wilson"},"text":"/riki"}}]
[12_12_2015_23_51:39]  [org.telegram.updatesreceivers.UpdatesThread]FINE - POST https://api.telegram.org/bot99536655:AAG_uycvQeXgm-1Cdpk-zvBRUu2w_nz5p1Y/getupdates HTTP/1.1
[12_12_2015_23_52:0]  [org.telegram.updatesreceivers.UpdatesThread]FINE - []
[12_12_2015_23_52:0]  [org.telegram.updatesreceivers.UpdatesThread]FINE - POST https://api.telegram.org/bot99536655:AAG_uycvQeXgm-1Cdpk-zvBRUu2w_nz5p1Y/getupdates HTTP/1.1
[12_12_2015_23_52:21]  [org.telegram.updatesreceivers.UpdatesThread]FINE - []
[12_12_2015_23_52:21]  [org.telegram.updatesreceivers.UpdatesThread]FINE - POST https://api.telegram.org/bot99536655:AAG_uycvQeXgm-1Cdpk-zvBRUu2w_nz5p1Y/getupdates HTTP/1.1
[12_12_2015_23_52:42]  [org.telegram.updatesreceivers.UpdatesThread]FINE - []
[12_12_2015_23_52:43]  [org.telegram.updatesreceivers.UpdatesThread]FINE - POST https://api.telegram.org/bot99536655:AAG_uycvQeXgm-1Cdpk-zvBRUu2w_nz5p1Y/getupdates HTTP/1.1
[12_12_2015_23_53:4]  [org.telegram.updatesreceivers.UpdatesThread]FINE - []
[12_12_2015_23_53:4]  [org.telegram.updatesreceivers.UpdatesThread]FINE - POST https://api.telegram.org/bot99536655:AAG_uycvQeXgm-1Cdpk-zvBRUu2w_nz5p1Y/getupdates HTTP/1.1
[12_12_2015_23_53:25]  [org.telegram.updatesreceivers.UpdatesThread]FINE - []
[12_12_2015_23_53:25]  [org.telegram.updatesreceivers.UpdatesThread]FINE - POST https://api.telegram.org/bot99536655:AAG_uycvQeXgm-1Cdpk-zvBRUu2w_nz5p1Y/getupdates HTTP/1.1
[12_12_2015_23_53:46]  [org.telegram.updatesreceivers.UpdatesThread]FINE - []
[12_12_2015_23_53:47]  [org.telegram.updatesreceivers.UpdatesThread]FINE - POST https://api.telegram.org/bot99536655:AAG_uycvQeXgm-1Cdpk-zvBRUu2w_nz5p1Y/getupdates HTTP/1.1
[12_12_2015_23_54:7]  [org.telegram.updatesreceivers.UpdatesThread]FINE - []
[12_12_2015_23_54:8]  [org.telegram.updatesreceivers.UpdatesThread]FINE - POST https://api.telegram.org/bot99536655:AAG_uycvQeXgm-1Cdpk-zvBRUu2w_nz5p1Y/getupdates HTTP/1.1
[12_12_2015_23_54:29]  [org.telegram.updatesreceivers.UpdatesThread]FINE - []
[12_12_2015_23_54:29]  [org.telegram.updatesreceivers.UpdatesThread]FINE - POST https://api.telegram.org/bot99536655:AAG_uycvQeXgm-1Cdpk-zvBRUu2w_nz5p1Y/getupdates HTTP/1.1
[12_12_2015_23_54:50]  [org.telegram.updatesreceivers.UpdatesThread]FINE - []
[12_12_2015_23_54:50]  [org.telegram.updatesreceivers.UpdatesThread]FINE - POST https://api.telegram.org/bot99536655:AAG_uycvQeXgm-1Cdpk-zvBRUu2w_nz5p1Y/getupdates HTTP/1.1
[12_12_2015_23_55:11]  [org.telegram.updatesreceivers.UpdatesThread]FINE - []
[12_12_2015_23_55:12]  [org.telegram.updatesreceivers.UpdatesThread]FINE - POST https://api.telegram.org/bot99536655:AAG_uycvQeXgm-1Cdpk-zvBRUu2w_nz5p1Y/getupdates HTTP/1.1
[12_12_2015_23_55:32]  [org.telegram.updatesreceivers.UpdatesThread]FINE - []
[12_12_2015_23_55:33]  [org.telegram.updatesreceivers.UpdatesThread]FINE - POST https://api.telegram.org/bot99536655:AAG_uycvQeXgm-1Cdpk-zvBRUu2w_nz5p1Y/getupdates HTTP/1.1
[12_12_2015_23_55:54]  [org.telegram.updatesreceivers.UpdatesThread]FINE - []
[12_12_2015_23_55:54]  [org.telegram.updatesreceivers.UpdatesThread]FINE - POST https://api.telegram.org/bot99536655:AAG_uycvQeXgm-1Cdpk-zvBRUu2w_nz5p1Y/getupdates HTTP/1.1
[12_12_2015_23_56:15]  [org.telegram.updatesreceivers.UpdatesThread]FINE - []
[12_12_2015_23_56:15]  [org.telegram.updatesreceivers.UpdatesThread]FINE - POST https://api.telegram.org/bot99536655:AAG_uycvQeXgm-1Cdpk-zvBRUu2w_nz5p1Y/getupdates HTTP/1.1
[12_12_2015_23_56:36]  [org.telegram.updatesreceivers.UpdatesThread]FINE - []
[12_12_2015_23_56:37]  [org.telegram.updatesreceivers.UpdatesThread]FINE - POST https://api.telegram.org/bot99536655:AAG_uycvQeXgm-1Cdpk-zvBRUu2w_nz5p1Y/getupdates HTTP/1.1
[12_12_2015_23_56:58]  [org.telegram.updatesreceivers.UpdatesThread]FINE - []
[12_12_2015_23_56:58]  [org.telegram.updatesreceivers.UpdatesThread]FINE - POST https://api.telegram.org/bot99536655:AAG_uycvQeXgm-1Cdpk-zvBRUu2w_nz5p1Y/getupdates HTTP/1.1
[12_12_2015_23_57:19]  [org.telegram.updatesreceivers.UpdatesThread]FINE - []
[12_12_2015_23_57:20]  [org.telegram.updatesreceivers.UpdatesThread]FINE - POST https://api.telegram.org/bot99536655:AAG_uycvQeXgm-1Cdpk-zvBRUu2w_nz5p1Y/getupdates HTTP/1.1
[12_12_2015_23_57:40]  [org.telegram.updatesreceivers.UpdatesThread]FINE - []
[12_12_2015_23_57:41]  [org.telegram.updatesreceivers.UpdatesThread]FINE - POST https://api.telegram.org/bot99536655:AAG_uycvQeXgm-1Cdpk-zvBRUu2w_nz5p1Y/getupdates HTTP/1.1
[12_12_2015_23_58:2]  [org.telegram.updatesreceivers.UpdatesThread]FINE - []
[12_12_2015_23_58:2]  [org.telegram.updatesreceivers.UpdatesThread]FINE - POST https://api.telegram.org/bot99536655:AAG_uycvQeXgm-1Cdpk-zvBRUu2w_nz5p1Y/getupdates HTTP/1.1
[12_12_2015_23_58:23]  [org.telegram.updatesreceivers.UpdatesThread]FINE - []
[12_12_2015_23_58:24]  [org.telegram.updatesreceivers.UpdatesThread]FINE - POST https://api.telegram.org/bot99536655:AAG_uycvQeXgm-1Cdpk-zvBRUu2w_nz5p1Y/getupdates HTTP/1.1
[12_12_2015_23_58:44]  [org.telegram.updatesreceivers.UpdatesThread]FINE - []
[12_12_2015_23_58:45]  [org.telegram.updatesreceivers.UpdatesThread]FINE - POST https://api.telegram.org/bot99536655:AAG_uycvQeXgm-1Cdpk-zvBRUu2w_nz5p1Y/getupdates HTTP/1.1
[12_12_2015_23_59:6]  [org.telegram.updatesreceivers.UpdatesThread]FINE - []
[12_12_2015_23_59:6]  [org.telegram.updatesreceivers.UpdatesThread]FINE - POST https://api.telegram.org/bot99536655:AAG_uycvQeXgm-1Cdpk-zvBRUu2w_nz5p1Y/getupdates HTTP/1.1
[12_12_2015_23_59:27]  [org.telegram.updatesreceivers.UpdatesThread]FINE - []
[12_12_2015_23_59:27]  [org.telegram.updatesreceivers.UpdatesThread]FINE - POST https://api.telegram.org/bot99536655:AAG_uycvQeXgm-1Cdpk-zvBRUu2w_nz5p1Y/getupdates HTTP/1.1
[12_12_2015_23_59:48]  [org.telegram.updatesreceivers.UpdatesThread]FINE - []
[12_12_2015_23_59:49]  [org.telegram.updatesreceivers.UpdatesThread]FINE - POST https://api.telegram.org/bot99536655:AAG_uycvQeXgm-1Cdpk-zvBRUu2w_nz5p1Y/getupdates HTTP/1.1
